[0.532s] DEBUG:colcon:Command line arguments: ['/usr/bin/colcon', 'build', '--packages-select', 'turtlebot3_navigation']
[0.532s] DEBUG:colcon:Parsed command line arguments: Namespace(log_base=None, log_level=None, verb_name='build', build_base='build', install_base='install', merge_install=False, symlink_install=False, test_result_base=None, continue_on_error=False, executor='parallel', parallel_workers=3, event_handlers=None, ignore_user_meta=False, metas=['./colcon.meta'], base_paths=['.'], packages_ignore=None, packages_ignore_regex=None, paths=None, packages_up_to=None, packages_up_to_regex=None, packages_above=None, packages_above_and_dependencies=None, packages_above_depth=None, packages_select_by_dep=None, packages_skip_by_dep=None, packages_skip_up_to=None, packages_select_build_failed=False, packages_skip_build_finished=False, packages_select_test_failures=False, packages_skip_test_passed=False, packages_select=['turtlebot3_navigation'], packages_skip=None, packages_select_regex=None, packages_skip_regex=None, packages_start=None, packages_end=None, allow_overriding=[], cmake_args=None, cmake_target=None, cmake_target_skip_unavailable=False, cmake_clean_cache=False, cmake_clean_first=False, cmake_force_configure=False, ament_cmake_args=None, catkin_cmake_args=None, catkin_skip_building_tests=False, verb_parser=<colcon_defaults.argument_parser.defaults.DefaultArgumentsDecorator object at 0x7bf69932c7f0>, verb_extension=<colcon_core.verb.build.BuildVerb object at 0x7bf69932c2e0>, main=<bound method BuildVerb.main of <colcon_core.verb.build.BuildVerb object at 0x7bf69932c2e0>>)
[1.435s] Level 1:colcon.colcon_core.package_discovery:discover_packages(colcon_meta) check parameters
[1.435s] Level 1:colcon.colcon_core.package_discovery:discover_packages(recursive) check parameters
[1.436s] Level 1:colcon.colcon_core.package_discovery:discover_packages(ignore) check parameters
[1.436s] Level 1:colcon.colcon_core.package_discovery:discover_packages(path) check parameters
[1.436s] Level 1:colcon.colcon_core.package_discovery:discover_packages(colcon_meta) discover
[1.436s] Level 1:colcon.colcon_core.package_discovery:discover_packages(recursive) discover
[1.436s] INFO:colcon.colcon_core.package_discovery:Crawling recursively for packages in '/home/anthony/Desktop/Assignment10.1'
[1.436s] Level 1:colcon.colcon_core.package_identification:_identify(.) by extensions ['ignore', 'ignore_ament_install']
[1.436s] Level 1:colcon.colcon_core.package_identification:_identify(.) by extension 'ignore'
[1.436s] Level 1:colcon.colcon_core.package_identification:_identify(.) by extension 'ignore_ament_install'
[1.437s] Level 1:colcon.colcon_core.package_identification:_identify(.) by extensions ['colcon_pkg']
[1.437s] Level 1:colcon.colcon_core.package_identification:_identify(.) by extension 'colcon_pkg'
[1.437s] Level 1:colcon.colcon_core.package_identification:_identify(.) by extensions ['colcon_meta']
[1.437s] Level 1:colcon.colcon_core.package_identification:_identify(.) by extension 'colcon_meta'
[1.437s] Level 1:colcon.colcon_core.package_identification:_identify(.) by extensions ['ros']
[1.437s] Level 1:colcon.colcon_core.package_identification:_identify(.) by extension 'ros'
[1.488s] Level 1:colcon.colcon_core.package_identification:_identify(.) by extensions ['cmake', 'python']
[1.488s] Level 1:colcon.colcon_core.package_identification:_identify(.) by extension 'cmake'
[1.488s] Level 1:colcon.colcon_core.package_identification:_identify(.) by extension 'python'
[1.489s] Level 1:colcon.colcon_core.package_identification:_identify(.) by extensions ['python_setup_py']
[1.489s] Level 1:colcon.colcon_core.package_identification:_identify(.) by extension 'python_setup_py'
[1.489s] Level 1:colcon.colcon_core.package_identification:_identify(build) by extensions ['ignore', 'ignore_ament_install']
[1.489s] Level 1:colcon.colcon_core.package_identification:_identify(build) by extension 'ignore'
[1.489s] Level 1:colcon.colcon_core.package_identification:_identify(build) ignored
[1.489s] Level 1:colcon.colcon_core.package_identification:_identify(install) by extensions ['ignore', 'ignore_ament_install']
[1.489s] Level 1:colcon.colcon_core.package_identification:_identify(install) by extension 'ignore'
[1.489s] Level 1:colcon.colcon_core.package_identification:_identify(install) ignored
[1.490s] Level 1:colcon.colcon_core.package_identification:_identify(log) by extensions ['ignore', 'ignore_ament_install']
[1.490s] Level 1:colcon.colcon_core.package_identification:_identify(log) by extension 'ignore'
[1.490s] Level 1:colcon.colcon_core.package_identification:_identify(log) ignored
[1.490s] Level 1:colcon.colcon_core.package_identification:_identify(src) by extensions ['ignore', 'ignore_ament_install']
[1.490s] Level 1:colcon.colcon_core.package_identification:_identify(src) by extension 'ignore'
[1.490s] Level 1:colcon.colcon_core.package_identification:_identify(src) by extension 'ignore_ament_install'
[1.490s] Level 1:colcon.colcon_core.package_identification:_identify(src) by extensions ['colcon_pkg']
[1.490s] Level 1:colcon.colcon_core.package_identification:_identify(src) by extension 'colcon_pkg'
[1.490s] Level 1:colcon.colcon_core.package_identification:_identify(src) by extensions ['colcon_meta']
[1.490s] Level 1:colcon.colcon_core.package_identification:_identify(src) by extension 'colcon_meta'
[1.490s] Level 1:colcon.colcon_core.package_identification:_identify(src) by extensions ['ros']
[1.490s] Level 1:colcon.colcon_core.package_identification:_identify(src) by extension 'ros'
[1.490s] Level 1:colcon.colcon_core.package_identification:_identify(src) by extensions ['cmake', 'python']
[1.490s] Level 1:colcon.colcon_core.package_identification:_identify(src) by extension 'cmake'
[1.490s] Level 1:colcon.colcon_core.package_identification:_identify(src) by extension 'python'
[1.491s] Level 1:colcon.colcon_core.package_identification:_identify(src) by extensions ['python_setup_py']
[1.491s] Level 1:colcon.colcon_core.package_identification:_identify(src) by extension 'python_setup_py'
[1.491s] Level 1:colcon.colcon_core.package_identification:_identify(src/turtlebot3_interfaces) by extensions ['ignore', 'ignore_ament_install']
[1.491s] Level 1:colcon.colcon_core.package_identification:_identify(src/turtlebot3_interfaces) by extension 'ignore'
[1.491s] Level 1:colcon.colcon_core.package_identification:_identify(src/turtlebot3_interfaces) by extension 'ignore_ament_install'
[1.491s] Level 1:colcon.colcon_core.package_identification:_identify(src/turtlebot3_interfaces) by extensions ['colcon_pkg']
[1.491s] Level 1:colcon.colcon_core.package_identification:_identify(src/turtlebot3_interfaces) by extension 'colcon_pkg'
[1.491s] Level 1:colcon.colcon_core.package_identification:_identify(src/turtlebot3_interfaces) by extensions ['colcon_meta']
[1.491s] Level 1:colcon.colcon_core.package_identification:_identify(src/turtlebot3_interfaces) by extension 'colcon_meta'
[1.491s] Level 1:colcon.colcon_core.package_identification:_identify(src/turtlebot3_interfaces) by extensions ['ros']
[1.491s] Level 1:colcon.colcon_core.package_identification:_identify(src/turtlebot3_interfaces) by extension 'ros'
[1.498s] DEBUG:colcon.colcon_core.package_identification:Package 'src/turtlebot3_interfaces' with type 'ros.ament_cmake' and name 'turtlebot3_interfaces'
[1.498s] Level 1:colcon.colcon_core.package_identification:_identify(src/turtlebot3_navigation) by extensions ['ignore', 'ignore_ament_install']
[1.498s] Level 1:colcon.colcon_core.package_identification:_identify(src/turtlebot3_navigation) by extension 'ignore'
[1.499s] Level 1:colcon.colcon_core.package_identification:_identify(src/turtlebot3_navigation) by extension 'ignore_ament_install'
[1.499s] Level 1:colcon.colcon_core.package_identification:_identify(src/turtlebot3_navigation) by extensions ['colcon_pkg']
[1.499s] Level 1:colcon.colcon_core.package_identification:_identify(src/turtlebot3_navigation) by extension 'colcon_pkg'
[1.499s] Level 1:colcon.colcon_core.package_identification:_identify(src/turtlebot3_navigation) by extensions ['colcon_meta']
[1.499s] Level 1:colcon.colcon_core.package_identification:_identify(src/turtlebot3_navigation) by extension 'colcon_meta'
[1.499s] Level 1:colcon.colcon_core.package_identification:_identify(src/turtlebot3_navigation) by extensions ['ros']
[1.499s] Level 1:colcon.colcon_core.package_identification:_identify(src/turtlebot3_navigation) by extension 'ros'
[1.501s] DEBUG:colcon.colcon_core.package_identification:Package 'src/turtlebot3_navigation' with type 'ros.ament_cmake' and name 'turtlebot3_navigation'
[1.501s] Level 1:colcon.colcon_core.package_identification:_identify(src/turtlebot3_simulations) by extensions ['ignore', 'ignore_ament_install']
[1.502s] Level 1:colcon.colcon_core.package_identification:_identify(src/turtlebot3_simulations) by extension 'ignore'
[1.502s] Level 1:colcon.colcon_core.package_identification:_identify(src/turtlebot3_simulations) by extension 'ignore_ament_install'
[1.502s] Level 1:colcon.colcon_core.package_identification:_identify(src/turtlebot3_simulations) by extensions ['colcon_pkg']
[1.502s] Level 1:colcon.colcon_core.package_identification:_identify(src/turtlebot3_simulations) by extension 'colcon_pkg'
[1.502s] Level 1:colcon.colcon_core.package_identification:_identify(src/turtlebot3_simulations) by extensions ['colcon_meta']
[1.502s] Level 1:colcon.colcon_core.package_identification:_identify(src/turtlebot3_simulations) by extension 'colcon_meta'
[1.502s] Level 1:colcon.colcon_core.package_identification:_identify(src/turtlebot3_simulations) by extensions ['ros']
[1.502s] Level 1:colcon.colcon_core.package_identification:_identify(src/turtlebot3_simulations) by extension 'ros'
[1.502s] Level 1:colcon.colcon_core.package_identification:_identify(src/turtlebot3_simulations) by extensions ['cmake', 'python']
[1.502s] Level 1:colcon.colcon_core.package_identification:_identify(src/turtlebot3_simulations) by extension 'cmake'
[1.502s] Level 1:colcon.colcon_core.package_identification:_identify(src/turtlebot3_simulations) by extension 'python'
[1.502s] Level 1:colcon.colcon_core.package_identification:_identify(src/turtlebot3_simulations) by extensions ['python_setup_py']
[1.502s] Level 1:colcon.colcon_core.package_identification:_identify(src/turtlebot3_simulations) by extension 'python_setup_py'
[1.503s] Level 1:colcon.colcon_core.package_identification:_identify(src/turtlebot3_simulations/turtlebot3_fake_node) by extensions ['ignore', 'ignore_ament_install']
[1.503s] Level 1:colcon.colcon_core.package_identification:_identify(src/turtlebot3_simulations/turtlebot3_fake_node) by extension 'ignore'
[1.503s] Level 1:colcon.colcon_core.package_identification:_identify(src/turtlebot3_simulations/turtlebot3_fake_node) by extension 'ignore_ament_install'
[1.503s] Level 1:colcon.colcon_core.package_identification:_identify(src/turtlebot3_simulations/turtlebot3_fake_node) by extensions ['colcon_pkg']
[1.503s] Level 1:colcon.colcon_core.package_identification:_identify(src/turtlebot3_simulations/turtlebot3_fake_node) by extension 'colcon_pkg'
[1.503s] Level 1:colcon.colcon_core.package_identification:_identify(src/turtlebot3_simulations/turtlebot3_fake_node) by extensions ['colcon_meta']
[1.503s] Level 1:colcon.colcon_core.package_identification:_identify(src/turtlebot3_simulations/turtlebot3_fake_node) by extension 'colcon_meta'
[1.503s] Level 1:colcon.colcon_core.package_identification:_identify(src/turtlebot3_simulations/turtlebot3_fake_node) by extensions ['ros']
[1.503s] Level 1:colcon.colcon_core.package_identification:_identify(src/turtlebot3_simulations/turtlebot3_fake_node) by extension 'ros'
[1.506s] DEBUG:colcon.colcon_core.package_identification:Package 'src/turtlebot3_simulations/turtlebot3_fake_node' with type 'ros.ament_cmake' and name 'turtlebot3_fake_node'
[1.506s] Level 1:colcon.colcon_core.package_identification:_identify(src/turtlebot3_simulations/turtlebot3_gazebo) by extensions ['ignore', 'ignore_ament_install']
[1.507s] Level 1:colcon.colcon_core.package_identification:_identify(src/turtlebot3_simulations/turtlebot3_gazebo) by extension 'ignore'
[1.507s] Level 1:colcon.colcon_core.package_identification:_identify(src/turtlebot3_simulations/turtlebot3_gazebo) by extension 'ignore_ament_install'
[1.507s] Level 1:colcon.colcon_core.package_identification:_identify(src/turtlebot3_simulations/turtlebot3_gazebo) by extensions ['colcon_pkg']
[1.507s] Level 1:colcon.colcon_core.package_identification:_identify(src/turtlebot3_simulations/turtlebot3_gazebo) by extension 'colcon_pkg'
[1.507s] Level 1:colcon.colcon_core.package_identification:_identify(src/turtlebot3_simulations/turtlebot3_gazebo) by extensions ['colcon_meta']
[1.507s] Level 1:colcon.colcon_core.package_identification:_identify(src/turtlebot3_simulations/turtlebot3_gazebo) by extension 'colcon_meta'
[1.507s] Level 1:colcon.colcon_core.package_identification:_identify(src/turtlebot3_simulations/turtlebot3_gazebo) by extensions ['ros']
[1.507s] Level 1:colcon.colcon_core.package_identification:_identify(src/turtlebot3_simulations/turtlebot3_gazebo) by extension 'ros'
[1.510s] DEBUG:colcon.colcon_core.package_identification:Package 'src/turtlebot3_simulations/turtlebot3_gazebo' with type 'ros.ament_cmake' and name 'turtlebot3_gazebo'
[1.510s] Level 1:colcon.colcon_core.package_identification:_identify(src/turtlebot3_simulations/turtlebot3_simulations) by extensions ['ignore', 'ignore_ament_install']
[1.510s] Level 1:colcon.colcon_core.package_identification:_identify(src/turtlebot3_simulations/turtlebot3_simulations) by extension 'ignore'
[1.511s] Level 1:colcon.colcon_core.package_identification:_identify(src/turtlebot3_simulations/turtlebot3_simulations) by extension 'ignore_ament_install'
[1.511s] Level 1:colcon.colcon_core.package_identification:_identify(src/turtlebot3_simulations/turtlebot3_simulations) by extensions ['colcon_pkg']
[1.511s] Level 1:colcon.colcon_core.package_identification:_identify(src/turtlebot3_simulations/turtlebot3_simulations) by extension 'colcon_pkg'
[1.511s] Level 1:colcon.colcon_core.package_identification:_identify(src/turtlebot3_simulations/turtlebot3_simulations) by extensions ['colcon_meta']
[1.511s] Level 1:colcon.colcon_core.package_identification:_identify(src/turtlebot3_simulations/turtlebot3_simulations) by extension 'colcon_meta'
[1.511s] Level 1:colcon.colcon_core.package_identification:_identify(src/turtlebot3_simulations/turtlebot3_simulations) by extensions ['ros']
[1.511s] Level 1:colcon.colcon_core.package_identification:_identify(src/turtlebot3_simulations/turtlebot3_simulations) by extension 'ros'
[1.512s] DEBUG:colcon.colcon_core.package_identification:Package 'src/turtlebot3_simulations/turtlebot3_simulations' with type 'ros.ament_cmake' and name 'turtlebot3_simulations'
[1.512s] Level 1:colcon.colcon_core.package_discovery:discover_packages(recursive) using defaults
[1.512s] Level 1:colcon.colcon_core.package_discovery:discover_packages(ignore) discover
[1.512s] Level 1:colcon.colcon_core.package_discovery:discover_packages(ignore) using defaults
[1.512s] Level 1:colcon.colcon_core.package_discovery:discover_packages(path) discover
[1.512s] Level 1:colcon.colcon_core.package_discovery:discover_packages(path) using defaults
[1.577s] INFO:colcon.colcon_core.package_selection:Skipping not selected package 'turtlebot3_fake_node' in 'src/turtlebot3_simulations/turtlebot3_fake_node'
[1.577s] INFO:colcon.colcon_core.package_selection:Skipping not selected package 'turtlebot3_gazebo' in 'src/turtlebot3_simulations/turtlebot3_gazebo'
[1.578s] INFO:colcon.colcon_core.package_selection:Skipping not selected package 'turtlebot3_interfaces' in 'src/turtlebot3_interfaces'
[1.578s] INFO:colcon.colcon_core.package_selection:Skipping not selected package 'turtlebot3_simulations' in 'src/turtlebot3_simulations/turtlebot3_simulations'
[1.579s] Level 1:colcon.colcon_core.package_discovery:discover_packages(prefix_path) check parameters
[1.579s] Level 1:colcon.colcon_core.package_discovery:discover_packages(prefix_path) discover
[1.591s] DEBUG:colcon.colcon_installed_package_information.package_discovery:Found 4 installed packages in /home/anthony/Desktop/Assignment10.1/install
[1.594s] DEBUG:colcon.colcon_installed_package_information.package_discovery:Found 352 installed packages in /opt/ros/humble
[1.612s] Level 1:colcon.colcon_core.package_discovery:discover_packages(prefix_path) using defaults
[1.907s] Level 5:colcon.colcon_core.verb:set package 'turtlebot3_navigation' build argument 'cmake_args' from command line to 'None'
[1.907s] Level 5:colcon.colcon_core.verb:set package 'turtlebot3_navigation' build argument 'cmake_target' from command line to 'None'
[1.907s] Level 5:colcon.colcon_core.verb:set package 'turtlebot3_navigation' build argument 'cmake_target_skip_unavailable' from command line to 'False'
[1.907s] Level 5:colcon.colcon_core.verb:set package 'turtlebot3_navigation' build argument 'cmake_clean_cache' from command line to 'False'
[1.907s] Level 5:colcon.colcon_core.verb:set package 'turtlebot3_navigation' build argument 'cmake_clean_first' from command line to 'False'
[1.907s] Level 5:colcon.colcon_core.verb:set package 'turtlebot3_navigation' build argument 'cmake_force_configure' from command line to 'False'
[1.907s] Level 5:colcon.colcon_core.verb:set package 'turtlebot3_navigation' build argument 'ament_cmake_args' from command line to 'None'
[1.907s] Level 5:colcon.colcon_core.verb:set package 'turtlebot3_navigation' build argument 'catkin_cmake_args' from command line to 'None'
[1.907s] Level 5:colcon.colcon_core.verb:set package 'turtlebot3_navigation' build argument 'catkin_skip_building_tests' from command line to 'False'
[1.907s] DEBUG:colcon.colcon_core.verb:Building package 'turtlebot3_navigation' with the following arguments: {'ament_cmake_args': None, 'build_base': '/home/anthony/Desktop/Assignment10.1/build/turtlebot3_navigation', 'catkin_cmake_args': None, 'catkin_skip_building_tests': False, 'cmake_args': None, 'cmake_clean_cache': False, 'cmake_clean_first': False, 'cmake_force_configure': False, 'cmake_target': None, 'cmake_target_skip_unavailable': False, 'install_base': '/home/anthony/Desktop/Assignment10.1/install/turtlebot3_navigation', 'merge_install': False, 'path': '/home/anthony/Desktop/Assignment10.1/src/turtlebot3_navigation', 'symlink_install': False, 'test_result_base': None}
[1.907s] INFO:colcon.colcon_core.executor:Executing jobs using 'parallel' executor
[1.909s] DEBUG:colcon.colcon_parallel_executor.executor.parallel:run_until_complete
[1.909s] INFO:colcon.colcon_ros.task.ament_cmake.build:Building ROS package in '/home/anthony/Desktop/Assignment10.1/src/turtlebot3_navigation' with build type 'ament_cmake'
[1.909s] INFO:colcon.colcon_cmake.task.cmake.build:Building CMake package in '/home/anthony/Desktop/Assignment10.1/src/turtlebot3_navigation'
[1.916s] INFO:colcon.colcon_core.plugin_system:Skipping extension 'colcon_core.shell.bat': Not used on non-Windows systems
[1.916s] INFO:colcon.colcon_core.shell:Skip shell extension 'powershell' for command environment: Not usable outside of PowerShell
[1.916s] DEBUG:colcon.colcon_core.shell:Skip shell extension 'dsv' for command environment
[1.947s] DEBUG:colcon.colcon_core.event_handler.log_command:Invoking command in '/home/anthony/Desktop/Assignment10.1/build/turtlebot3_navigation': /usr/bin/cmake --build /home/anthony/Desktop/Assignment10.1/build/turtlebot3_navigation -- -j3 -l3
[19.455s] DEBUG:colcon.colcon_core.event_handler.log_command:Invoked command in '/home/anthony/Desktop/Assignment10.1/build/turtlebot3_navigation' returned '0': /usr/bin/cmake --build /home/anthony/Desktop/Assignment10.1/build/turtlebot3_navigation -- -j3 -l3
[19.521s] DEBUG:colcon.colcon_core.event_handler.log_command:Invoking command in '/home/anthony/Desktop/Assignment10.1/build/turtlebot3_navigation': /usr/bin/cmake --install /home/anthony/Desktop/Assignment10.1/build/turtlebot3_navigation
[19.534s] Level 1:colcon.colcon_core.environment:create_environment_scripts_only(turtlebot3_navigation)
[19.535s] DEBUG:colcon.colcon_core.event_handler.log_command:Invoked command in '/home/anthony/Desktop/Assignment10.1/build/turtlebot3_navigation' returned '0': /usr/bin/cmake --install /home/anthony/Desktop/Assignment10.1/build/turtlebot3_navigation
[19.537s] Level 1:colcon.colcon_core.environment:checking '/home/anthony/Desktop/Assignment10.1/install/turtlebot3_navigation' for CMake module files
[19.538s] Level 1:colcon.colcon_core.environment:checking '/home/anthony/Desktop/Assignment10.1/install/turtlebot3_navigation' for CMake config files
[19.538s] Level 1:colcon.colcon_core.shell:create_environment_hook('turtlebot3_navigation', 'cmake_prefix_path')
[19.539s] INFO:colcon.colcon_core.shell:Creating environment hook '/home/anthony/Desktop/Assignment10.1/install/turtlebot3_navigation/share/turtlebot3_navigation/hook/cmake_prefix_path.ps1'
[19.540s] INFO:colcon.colcon_core.shell:Creating environment descriptor '/home/anthony/Desktop/Assignment10.1/install/turtlebot3_navigation/share/turtlebot3_navigation/hook/cmake_prefix_path.dsv'
[19.540s] INFO:colcon.colcon_core.shell:Creating environment hook '/home/anthony/Desktop/Assignment10.1/install/turtlebot3_navigation/share/turtlebot3_navigation/hook/cmake_prefix_path.sh'
[19.542s] Level 1:colcon.colcon_core.environment:checking '/home/anthony/Desktop/Assignment10.1/install/turtlebot3_navigation/lib'
[19.542s] Level 1:colcon.colcon_core.environment:checking '/home/anthony/Desktop/Assignment10.1/install/turtlebot3_navigation/bin'
[19.542s] Level 1:colcon.colcon_core.environment:checking '/home/anthony/Desktop/Assignment10.1/install/turtlebot3_navigation/lib/pkgconfig/turtlebot3_navigation.pc'
[19.542s] Level 1:colcon.colcon_core.environment:checking '/home/anthony/Desktop/Assignment10.1/install/turtlebot3_navigation/lib/python3.10/site-packages'
[19.542s] Level 1:colcon.colcon_core.environment:checking '/home/anthony/Desktop/Assignment10.1/install/turtlebot3_navigation/bin'
[19.543s] INFO:colcon.colcon_core.shell:Creating package script '/home/anthony/Desktop/Assignment10.1/install/turtlebot3_navigation/share/turtlebot3_navigation/package.ps1'
[19.544s] INFO:colcon.colcon_core.shell:Creating package descriptor '/home/anthony/Desktop/Assignment10.1/install/turtlebot3_navigation/share/turtlebot3_navigation/package.dsv'
[19.545s] INFO:colcon.colcon_core.shell:Creating package script '/home/anthony/Desktop/Assignment10.1/install/turtlebot3_navigation/share/turtlebot3_navigation/package.sh'
[19.546s] INFO:colcon.colcon_core.shell:Creating package script '/home/anthony/Desktop/Assignment10.1/install/turtlebot3_navigation/share/turtlebot3_navigation/package.bash'
[19.547s] INFO:colcon.colcon_core.shell:Creating package script '/home/anthony/Desktop/Assignment10.1/install/turtlebot3_navigation/share/turtlebot3_navigation/package.zsh'
[19.548s] Level 1:colcon.colcon_core.environment:create_file_with_runtime_dependencies(/home/anthony/Desktop/Assignment10.1/install/turtlebot3_navigation/share/colcon-core/packages/turtlebot3_navigation)
[19.605s] Level 1:colcon.colcon_core.environment:create_environment_scripts_only(turtlebot3_navigation)
[19.605s] Level 1:colcon.colcon_core.environment:checking '/home/anthony/Desktop/Assignment10.1/install/turtlebot3_navigation' for CMake module files
[19.606s] Level 1:colcon.colcon_core.environment:checking '/home/anthony/Desktop/Assignment10.1/install/turtlebot3_navigation' for CMake config files
[19.606s] Level 1:colcon.colcon_core.shell:create_environment_hook('turtlebot3_navigation', 'cmake_prefix_path')
[19.607s] INFO:colcon.colcon_core.shell:Creating environment hook '/home/anthony/Desktop/Assignment10.1/install/turtlebot3_navigation/share/turtlebot3_navigation/hook/cmake_prefix_path.ps1'
[19.607s] INFO:colcon.colcon_core.shell:Creating environment descriptor '/home/anthony/Desktop/Assignment10.1/install/turtlebot3_navigation/share/turtlebot3_navigation/hook/cmake_prefix_path.dsv'
[19.608s] INFO:colcon.colcon_core.shell:Creating environment hook '/home/anthony/Desktop/Assignment10.1/install/turtlebot3_navigation/share/turtlebot3_navigation/hook/cmake_prefix_path.sh'
[19.609s] Level 1:colcon.colcon_core.environment:checking '/home/anthony/Desktop/Assignment10.1/install/turtlebot3_navigation/lib'
[19.609s] Level 1:colcon.colcon_core.environment:checking '/home/anthony/Desktop/Assignment10.1/install/turtlebot3_navigation/bin'
[19.609s] Level 1:colcon.colcon_core.environment:checking '/home/anthony/Desktop/Assignment10.1/install/turtlebot3_navigation/lib/pkgconfig/turtlebot3_navigation.pc'
[19.609s] Level 1:colcon.colcon_core.environment:checking '/home/anthony/Desktop/Assignment10.1/install/turtlebot3_navigation/lib/python3.10/site-packages'
[19.610s] Level 1:colcon.colcon_core.environment:checking '/home/anthony/Desktop/Assignment10.1/install/turtlebot3_navigation/bin'
[19.610s] INFO:colcon.colcon_core.shell:Creating package script '/home/anthony/Desktop/Assignment10.1/install/turtlebot3_navigation/share/turtlebot3_navigation/package.ps1'
[19.611s] INFO:colcon.colcon_core.shell:Creating package descriptor '/home/anthony/Desktop/Assignment10.1/install/turtlebot3_navigation/share/turtlebot3_navigation/package.dsv'
[19.611s] INFO:colcon.colcon_core.shell:Creating package script '/home/anthony/Desktop/Assignment10.1/install/turtlebot3_navigation/share/turtlebot3_navigation/package.sh'
[19.612s] INFO:colcon.colcon_core.shell:Creating package script '/home/anthony/Desktop/Assignment10.1/install/turtlebot3_navigation/share/turtlebot3_navigation/package.bash'
[19.613s] INFO:colcon.colcon_core.shell:Creating package script '/home/anthony/Desktop/Assignment10.1/install/turtlebot3_navigation/share/turtlebot3_navigation/package.zsh'
[19.613s] Level 1:colcon.colcon_core.environment:create_file_with_runtime_dependencies(/home/anthony/Desktop/Assignment10.1/install/turtlebot3_navigation/share/colcon-core/packages/turtlebot3_navigation)
[19.614s] DEBUG:colcon.colcon_parallel_executor.executor.parallel:closing loop
[19.614s] DEBUG:colcon.colcon_parallel_executor.executor.parallel:loop closed
[19.614s] DEBUG:colcon.colcon_parallel_executor.executor.parallel:run_until_complete finished with '0'
[19.614s] DEBUG:colcon.colcon_core.event_reactor:joining thread
[19.624s] INFO:colcon.colcon_core.plugin_system:Skipping extension 'colcon_notification.desktop_notification.terminal_notifier': Not used on non-Darwin systems
[19.624s] INFO:colcon.colcon_core.plugin_system:Skipping extension 'colcon_notification.desktop_notification.win32': Not used on non-Windows systems
[19.624s] INFO:colcon.colcon_notification.desktop_notification:Sending desktop notification using 'notify2'
[19.652s] DEBUG:colcon.colcon_core.event_reactor:joined thread
[19.653s] INFO:colcon.colcon_core.shell:Creating prefix script '/home/anthony/Desktop/Assignment10.1/install/local_setup.ps1'
[19.656s] INFO:colcon.colcon_core.shell:Creating prefix util module '/home/anthony/Desktop/Assignment10.1/install/_local_setup_util_ps1.py'
[19.662s] INFO:colcon.colcon_core.shell:Creating prefix chain script '/home/anthony/Desktop/Assignment10.1/install/setup.ps1'
[19.664s] INFO:colcon.colcon_core.shell:Creating prefix script '/home/anthony/Desktop/Assignment10.1/install/local_setup.sh'
[19.665s] INFO:colcon.colcon_core.shell:Creating prefix util module '/home/anthony/Desktop/Assignment10.1/install/_local_setup_util_sh.py'
[19.666s] INFO:colcon.colcon_core.shell:Creating prefix chain script '/home/anthony/Desktop/Assignment10.1/install/setup.sh'
[19.669s] INFO:colcon.colcon_core.shell:Creating prefix script '/home/anthony/Desktop/Assignment10.1/install/local_setup.bash'
[19.670s] INFO:colcon.colcon_core.shell:Creating prefix chain script '/home/anthony/Desktop/Assignment10.1/install/setup.bash'
[19.673s] INFO:colcon.colcon_core.shell:Creating prefix script '/home/anthony/Desktop/Assignment10.1/install/local_setup.zsh'
[19.675s] INFO:colcon.colcon_core.shell:Creating prefix chain script '/home/anthony/Desktop/Assignment10.1/install/setup.zsh'
