[0.496s] DEBUG:colcon:Command line arguments: ['/usr/bin/colcon', 'build', '--packages-select', 'turtlebot3_navigation']
[0.496s] DEBUG:colcon:Parsed command line arguments: Namespace(log_base=None, log_level=None, verb_name='build', build_base='build', install_base='install', merge_install=False, symlink_install=False, test_result_base=None, continue_on_error=False, executor='parallel', parallel_workers=3, event_handlers=None, ignore_user_meta=False, metas=['./colcon.meta'], base_paths=['.'], packages_ignore=None, packages_ignore_regex=None, paths=None, packages_up_to=None, packages_up_to_regex=None, packages_above=None, packages_above_and_dependencies=None, packages_above_depth=None, packages_select_by_dep=None, packages_skip_by_dep=None, packages_skip_up_to=None, packages_select_build_failed=False, packages_skip_build_finished=False, packages_select_test_failures=False, packages_skip_test_passed=False, packages_select=['turtlebot3_navigation'], packages_skip=None, packages_select_regex=None, packages_skip_regex=None, packages_start=None, packages_end=None, allow_overriding=[], cmake_args=None, cmake_target=None, cmake_target_skip_unavailable=False, cmake_clean_cache=False, cmake_clean_first=False, cmake_force_configure=False, ament_cmake_args=None, catkin_cmake_args=None, catkin_skip_building_tests=False, verb_parser=<colcon_defaults.argument_parser.defaults.DefaultArgumentsDecorator object at 0x75737692c7f0>, verb_extension=<colcon_core.verb.build.BuildVerb object at 0x75737692c2e0>, main=<bound method BuildVerb.main of <colcon_core.verb.build.BuildVerb object at 0x75737692c2e0>>)
[1.369s] Level 1:colcon.colcon_core.package_discovery:discover_packages(colcon_meta) check parameters
[1.370s] Level 1:colcon.colcon_core.package_discovery:discover_packages(recursive) check parameters
[1.370s] Level 1:colcon.colcon_core.package_discovery:discover_packages(ignore) check parameters
[1.370s] Level 1:colcon.colcon_core.package_discovery:discover_packages(path) check parameters
[1.371s] Level 1:colcon.colcon_core.package_discovery:discover_packages(colcon_meta) discover
[1.371s] Level 1:colcon.colcon_core.package_discovery:discover_packages(recursive) discover
[1.371s] INFO:colcon.colcon_core.package_discovery:Crawling recursively for packages in '/home/anthony/Desktop/Assignment10.1'
[1.372s] Level 1:colcon.colcon_core.package_identification:_identify(.) by extensions ['ignore', 'ignore_ament_install']
[1.373s] Level 1:colcon.colcon_core.package_identification:_identify(.) by extension 'ignore'
[1.373s] Level 1:colcon.colcon_core.package_identification:_identify(.) by extension 'ignore_ament_install'
[1.373s] Level 1:colcon.colcon_core.package_identification:_identify(.) by extensions ['colcon_pkg']
[1.374s] Level 1:colcon.colcon_core.package_identification:_identify(.) by extension 'colcon_pkg'
[1.374s] Level 1:colcon.colcon_core.package_identification:_identify(.) by extensions ['colcon_meta']
[1.374s] Level 1:colcon.colcon_core.package_identification:_identify(.) by extension 'colcon_meta'
[1.374s] Level 1:colcon.colcon_core.package_identification:_identify(.) by extensions ['ros']
[1.374s] Level 1:colcon.colcon_core.package_identification:_identify(.) by extension 'ros'
[1.436s] Level 1:colcon.colcon_core.package_identification:_identify(.) by extensions ['cmake', 'python']
[1.436s] Level 1:colcon.colcon_core.package_identification:_identify(.) by extension 'cmake'
[1.436s] Level 1:colcon.colcon_core.package_identification:_identify(.) by extension 'python'
[1.436s] Level 1:colcon.colcon_core.package_identification:_identify(.) by extensions ['python_setup_py']
[1.437s] Level 1:colcon.colcon_core.package_identification:_identify(.) by extension 'python_setup_py'
[1.437s] Level 1:colcon.colcon_core.package_identification:_identify(build) by extensions ['ignore', 'ignore_ament_install']
[1.438s] Level 1:colcon.colcon_core.package_identification:_identify(build) by extension 'ignore'
[1.438s] Level 1:colcon.colcon_core.package_identification:_identify(build) ignored
[1.439s] Level 1:colcon.colcon_core.package_identification:_identify(install) by extensions ['ignore', 'ignore_ament_install']
[1.439s] Level 1:colcon.colcon_core.package_identification:_identify(install) by extension 'ignore'
[1.439s] Level 1:colcon.colcon_core.package_identification:_identify(install) ignored
[1.440s] Level 1:colcon.colcon_core.package_identification:_identify(log) by extensions ['ignore', 'ignore_ament_install']
[1.440s] Level 1:colcon.colcon_core.package_identification:_identify(log) by extension 'ignore'
[1.440s] Level 1:colcon.colcon_core.package_identification:_identify(log) ignored
[1.441s] Level 1:colcon.colcon_core.package_identification:_identify(src) by extensions ['ignore', 'ignore_ament_install']
[1.441s] Level 1:colcon.colcon_core.package_identification:_identify(src) by extension 'ignore'
[1.442s] Level 1:colcon.colcon_core.package_identification:_identify(src) by extension 'ignore_ament_install'
[1.442s] Level 1:colcon.colcon_core.package_identification:_identify(src) by extensions ['colcon_pkg']
[1.442s] Level 1:colcon.colcon_core.package_identification:_identify(src) by extension 'colcon_pkg'
[1.442s] Level 1:colcon.colcon_core.package_identification:_identify(src) by extensions ['colcon_meta']
[1.442s] Level 1:colcon.colcon_core.package_identification:_identify(src) by extension 'colcon_meta'
[1.443s] Level 1:colcon.colcon_core.package_identification:_identify(src) by extensions ['ros']
[1.443s] Level 1:colcon.colcon_core.package_identification:_identify(src) by extension 'ros'
[1.443s] Level 1:colcon.colcon_core.package_identification:_identify(src) by extensions ['cmake', 'python']
[1.443s] Level 1:colcon.colcon_core.package_identification:_identify(src) by extension 'cmake'
[1.444s] Level 1:colcon.colcon_core.package_identification:_identify(src) by extension 'python'
[1.444s] Level 1:colcon.colcon_core.package_identification:_identify(src) by extensions ['python_setup_py']
[1.444s] Level 1:colcon.colcon_core.package_identification:_identify(src) by extension 'python_setup_py'
[1.444s] Level 1:colcon.colcon_core.package_identification:_identify(src/turtlebot3_interfaces) by extensions ['ignore', 'ignore_ament_install']
[1.445s] Level 1:colcon.colcon_core.package_identification:_identify(src/turtlebot3_interfaces) by extension 'ignore'
[1.445s] Level 1:colcon.colcon_core.package_identification:_identify(src/turtlebot3_interfaces) by extension 'ignore_ament_install'
[1.445s] Level 1:colcon.colcon_core.package_identification:_identify(src/turtlebot3_interfaces) by extensions ['colcon_pkg']
[1.445s] Level 1:colcon.colcon_core.package_identification:_identify(src/turtlebot3_interfaces) by extension 'colcon_pkg'
[1.446s] Level 1:colcon.colcon_core.package_identification:_identify(src/turtlebot3_interfaces) by extensions ['colcon_meta']
[1.446s] Level 1:colcon.colcon_core.package_identification:_identify(src/turtlebot3_interfaces) by extension 'colcon_meta'
[1.446s] Level 1:colcon.colcon_core.package_identification:_identify(src/turtlebot3_interfaces) by extensions ['ros']
[1.446s] Level 1:colcon.colcon_core.package_identification:_identify(src/turtlebot3_interfaces) by extension 'ros'
[1.459s] DEBUG:colcon.colcon_core.package_identification:Package 'src/turtlebot3_interfaces' with type 'ros.ament_cmake' and name 'turtlebot3_interfaces'
[1.460s] Level 1:colcon.colcon_core.package_identification:_identify(src/turtlebot3_navigation) by extensions ['ignore', 'ignore_ament_install']
[1.460s] Level 1:colcon.colcon_core.package_identification:_identify(src/turtlebot3_navigation) by extension 'ignore'
[1.461s] Level 1:colcon.colcon_core.package_identification:_identify(src/turtlebot3_navigation) by extension 'ignore_ament_install'
[1.461s] Level 1:colcon.colcon_core.package_identification:_identify(src/turtlebot3_navigation) by extensions ['colcon_pkg']
[1.461s] Level 1:colcon.colcon_core.package_identification:_identify(src/turtlebot3_navigation) by extension 'colcon_pkg'
[1.461s] Level 1:colcon.colcon_core.package_identification:_identify(src/turtlebot3_navigation) by extensions ['colcon_meta']
[1.461s] Level 1:colcon.colcon_core.package_identification:_identify(src/turtlebot3_navigation) by extension 'colcon_meta'
[1.462s] Level 1:colcon.colcon_core.package_identification:_identify(src/turtlebot3_navigation) by extensions ['ros']
[1.462s] Level 1:colcon.colcon_core.package_identification:_identify(src/turtlebot3_navigation) by extension 'ros'
[1.469s] DEBUG:colcon.colcon_core.package_identification:Package 'src/turtlebot3_navigation' with type 'ros.ament_cmake' and name 'turtlebot3_navigation'
[1.470s] Level 1:colcon.colcon_core.package_identification:_identify(src/turtlebot3_simulations) by extensions ['ignore', 'ignore_ament_install']
[1.470s] Level 1:colcon.colcon_core.package_identification:_identify(src/turtlebot3_simulations) by extension 'ignore'
[1.471s] Level 1:colcon.colcon_core.package_identification:_identify(src/turtlebot3_simulations) by extension 'ignore_ament_install'
[1.471s] Level 1:colcon.colcon_core.package_identification:_identify(src/turtlebot3_simulations) by extensions ['colcon_pkg']
[1.471s] Level 1:colcon.colcon_core.package_identification:_identify(src/turtlebot3_simulations) by extension 'colcon_pkg'
[1.471s] Level 1:colcon.colcon_core.package_identification:_identify(src/turtlebot3_simulations) by extensions ['colcon_meta']
[1.472s] Level 1:colcon.colcon_core.package_identification:_identify(src/turtlebot3_simulations) by extension 'colcon_meta'
[1.472s] Level 1:colcon.colcon_core.package_identification:_identify(src/turtlebot3_simulations) by extensions ['ros']
[1.472s] Level 1:colcon.colcon_core.package_identification:_identify(src/turtlebot3_simulations) by extension 'ros'
[1.472s] Level 1:colcon.colcon_core.package_identification:_identify(src/turtlebot3_simulations) by extensions ['cmake', 'python']
[1.473s] Level 1:colcon.colcon_core.package_identification:_identify(src/turtlebot3_simulations) by extension 'cmake'
[1.473s] Level 1:colcon.colcon_core.package_identification:_identify(src/turtlebot3_simulations) by extension 'python'
[1.473s] Level 1:colcon.colcon_core.package_identification:_identify(src/turtlebot3_simulations) by extensions ['python_setup_py']
[1.473s] Level 1:colcon.colcon_core.package_identification:_identify(src/turtlebot3_simulations) by extension 'python_setup_py'
[1.474s] Level 1:colcon.colcon_core.package_identification:_identify(src/turtlebot3_simulations/turtlebot3_fake_node) by extensions ['ignore', 'ignore_ament_install']
[1.474s] Level 1:colcon.colcon_core.package_identification:_identify(src/turtlebot3_simulations/turtlebot3_fake_node) by extension 'ignore'
[1.474s] Level 1:colcon.colcon_core.package_identification:_identify(src/turtlebot3_simulations/turtlebot3_fake_node) by extension 'ignore_ament_install'
[1.475s] Level 1:colcon.colcon_core.package_identification:_identify(src/turtlebot3_simulations/turtlebot3_fake_node) by extensions ['colcon_pkg']
[1.475s] Level 1:colcon.colcon_core.package_identification:_identify(src/turtlebot3_simulations/turtlebot3_fake_node) by extension 'colcon_pkg'
[1.475s] Level 1:colcon.colcon_core.package_identification:_identify(src/turtlebot3_simulations/turtlebot3_fake_node) by extensions ['colcon_meta']
[1.475s] Level 1:colcon.colcon_core.package_identification:_identify(src/turtlebot3_simulations/turtlebot3_fake_node) by extension 'colcon_meta'
[1.476s] Level 1:colcon.colcon_core.package_identification:_identify(src/turtlebot3_simulations/turtlebot3_fake_node) by extensions ['ros']
[1.476s] Level 1:colcon.colcon_core.package_identification:_identify(src/turtlebot3_simulations/turtlebot3_fake_node) by extension 'ros'
[1.482s] DEBUG:colcon.colcon_core.package_identification:Package 'src/turtlebot3_simulations/turtlebot3_fake_node' with type 'ros.ament_cmake' and name 'turtlebot3_fake_node'
[1.483s] Level 1:colcon.colcon_core.package_identification:_identify(src/turtlebot3_simulations/turtlebot3_gazebo) by extensions ['ignore', 'ignore_ament_install']
[1.483s] Level 1:colcon.colcon_core.package_identification:_identify(src/turtlebot3_simulations/turtlebot3_gazebo) by extension 'ignore'
[1.484s] Level 1:colcon.colcon_core.package_identification:_identify(src/turtlebot3_simulations/turtlebot3_gazebo) by extension 'ignore_ament_install'
[1.484s] Level 1:colcon.colcon_core.package_identification:_identify(src/turtlebot3_simulations/turtlebot3_gazebo) by extensions ['colcon_pkg']
[1.484s] Level 1:colcon.colcon_core.package_identification:_identify(src/turtlebot3_simulations/turtlebot3_gazebo) by extension 'colcon_pkg'
[1.484s] Level 1:colcon.colcon_core.package_identification:_identify(src/turtlebot3_simulations/turtlebot3_gazebo) by extensions ['colcon_meta']
[1.485s] Level 1:colcon.colcon_core.package_identification:_identify(src/turtlebot3_simulations/turtlebot3_gazebo) by extension 'colcon_meta'
[1.485s] Level 1:colcon.colcon_core.package_identification:_identify(src/turtlebot3_simulations/turtlebot3_gazebo) by extensions ['ros']
[1.485s] Level 1:colcon.colcon_core.package_identification:_identify(src/turtlebot3_simulations/turtlebot3_gazebo) by extension 'ros'
[1.488s] DEBUG:colcon.colcon_core.package_identification:Package 'src/turtlebot3_simulations/turtlebot3_gazebo' with type 'ros.ament_cmake' and name 'turtlebot3_gazebo'
[1.489s] Level 1:colcon.colcon_core.package_identification:_identify(src/turtlebot3_simulations/turtlebot3_simulations) by extensions ['ignore', 'ignore_ament_install']
[1.489s] Level 1:colcon.colcon_core.package_identification:_identify(src/turtlebot3_simulations/turtlebot3_simulations) by extension 'ignore'
[1.489s] Level 1:colcon.colcon_core.package_identification:_identify(src/turtlebot3_simulations/turtlebot3_simulations) by extension 'ignore_ament_install'
[1.490s] Level 1:colcon.colcon_core.package_identification:_identify(src/turtlebot3_simulations/turtlebot3_simulations) by extensions ['colcon_pkg']
[1.490s] Level 1:colcon.colcon_core.package_identification:_identify(src/turtlebot3_simulations/turtlebot3_simulations) by extension 'colcon_pkg'
[1.490s] Level 1:colcon.colcon_core.package_identification:_identify(src/turtlebot3_simulations/turtlebot3_simulations) by extensions ['colcon_meta']
[1.490s] Level 1:colcon.colcon_core.package_identification:_identify(src/turtlebot3_simulations/turtlebot3_simulations) by extension 'colcon_meta'
[1.491s] Level 1:colcon.colcon_core.package_identification:_identify(src/turtlebot3_simulations/turtlebot3_simulations) by extensions ['ros']
[1.491s] Level 1:colcon.colcon_core.package_identification:_identify(src/turtlebot3_simulations/turtlebot3_simulations) by extension 'ros'
[1.494s] DEBUG:colcon.colcon_core.package_identification:Package 'src/turtlebot3_simulations/turtlebot3_simulations' with type 'ros.ament_cmake' and name 'turtlebot3_simulations'
[1.494s] Level 1:colcon.colcon_core.package_discovery:discover_packages(recursive) using defaults
[1.495s] Level 1:colcon.colcon_core.package_discovery:discover_packages(ignore) discover
[1.495s] Level 1:colcon.colcon_core.package_discovery:discover_packages(ignore) using defaults
[1.495s] Level 1:colcon.colcon_core.package_discovery:discover_packages(path) discover
[1.495s] Level 1:colcon.colcon_core.package_discovery:discover_packages(path) using defaults
[1.590s] INFO:colcon.colcon_core.package_selection:Skipping not selected package 'turtlebot3_fake_node' in 'src/turtlebot3_simulations/turtlebot3_fake_node'
[1.591s] INFO:colcon.colcon_core.package_selection:Skipping not selected package 'turtlebot3_gazebo' in 'src/turtlebot3_simulations/turtlebot3_gazebo'
[1.591s] INFO:colcon.colcon_core.package_selection:Skipping not selected package 'turtlebot3_interfaces' in 'src/turtlebot3_interfaces'
[1.591s] INFO:colcon.colcon_core.package_selection:Skipping not selected package 'turtlebot3_simulations' in 'src/turtlebot3_simulations/turtlebot3_simulations'
[1.593s] Level 1:colcon.colcon_core.package_discovery:discover_packages(prefix_path) check parameters
[1.593s] Level 1:colcon.colcon_core.package_discovery:discover_packages(prefix_path) discover
[1.602s] DEBUG:colcon.colcon_installed_package_information.package_discovery:Found 4 installed packages in /home/anthony/Desktop/Assignment10.1/install
[1.609s] DEBUG:colcon.colcon_installed_package_information.package_discovery:Found 352 installed packages in /opt/ros/humble
[1.641s] Level 1:colcon.colcon_core.package_discovery:discover_packages(prefix_path) using defaults
[1.854s] Level 5:colcon.colcon_core.verb:set package 'turtlebot3_navigation' build argument 'cmake_args' from command line to 'None'
[1.854s] Level 5:colcon.colcon_core.verb:set package 'turtlebot3_navigation' build argument 'cmake_target' from command line to 'None'
[1.854s] Level 5:colcon.colcon_core.verb:set package 'turtlebot3_navigation' build argument 'cmake_target_skip_unavailable' from command line to 'False'
[1.854s] Level 5:colcon.colcon_core.verb:set package 'turtlebot3_navigation' build argument 'cmake_clean_cache' from command line to 'False'
[1.854s] Level 5:colcon.colcon_core.verb:set package 'turtlebot3_navigation' build argument 'cmake_clean_first' from command line to 'False'
[1.854s] Level 5:colcon.colcon_core.verb:set package 'turtlebot3_navigation' build argument 'cmake_force_configure' from command line to 'False'
[1.854s] Level 5:colcon.colcon_core.verb:set package 'turtlebot3_navigation' build argument 'ament_cmake_args' from command line to 'None'
[1.855s] Level 5:colcon.colcon_core.verb:set package 'turtlebot3_navigation' build argument 'catkin_cmake_args' from command line to 'None'
[1.855s] Level 5:colcon.colcon_core.verb:set package 'turtlebot3_navigation' build argument 'catkin_skip_building_tests' from command line to 'False'
[1.855s] DEBUG:colcon.colcon_core.verb:Building package 'turtlebot3_navigation' with the following arguments: {'ament_cmake_args': None, 'build_base': '/home/anthony/Desktop/Assignment10.1/build/turtlebot3_navigation', 'catkin_cmake_args': None, 'catkin_skip_building_tests': False, 'cmake_args': None, 'cmake_clean_cache': False, 'cmake_clean_first': False, 'cmake_force_configure': False, 'cmake_target': None, 'cmake_target_skip_unavailable': False, 'install_base': '/home/anthony/Desktop/Assignment10.1/install/turtlebot3_navigation', 'merge_install': False, 'path': '/home/anthony/Desktop/Assignment10.1/src/turtlebot3_navigation', 'symlink_install': False, 'test_result_base': None}
[1.856s] INFO:colcon.colcon_core.executor:Executing jobs using 'parallel' executor
[1.858s] DEBUG:colcon.colcon_parallel_executor.executor.parallel:run_until_complete
[1.859s] INFO:colcon.colcon_ros.task.ament_cmake.build:Building ROS package in '/home/anthony/Desktop/Assignment10.1/src/turtlebot3_navigation' with build type 'ament_cmake'
[1.859s] INFO:colcon.colcon_cmake.task.cmake.build:Building CMake package in '/home/anthony/Desktop/Assignment10.1/src/turtlebot3_navigation'
[1.863s] INFO:colcon.colcon_core.plugin_system:Skipping extension 'colcon_core.shell.bat': Not used on non-Windows systems
[1.863s] INFO:colcon.colcon_core.shell:Skip shell extension 'powershell' for command environment: Not usable outside of PowerShell
[1.864s] DEBUG:colcon.colcon_core.shell:Skip shell extension 'dsv' for command environment
[1.930s] DEBUG:colcon.colcon_core.event_handler.log_command:Invoking command in '/home/anthony/Desktop/Assignment10.1/build/turtlebot3_navigation': /usr/bin/cmake /home/anthony/Desktop/Assignment10.1/src/turtlebot3_navigation -DCMAKE_INSTALL_PREFIX=/home/anthony/Desktop/Assignment10.1/install/turtlebot3_navigation
[7.833s] DEBUG:colcon.colcon_core.event_handler.log_command:Invoked command in '/home/anthony/Desktop/Assignment10.1/build/turtlebot3_navigation' returned '0': /usr/bin/cmake /home/anthony/Desktop/Assignment10.1/src/turtlebot3_navigation -DCMAKE_INSTALL_PREFIX=/home/anthony/Desktop/Assignment10.1/install/turtlebot3_navigation
[7.845s] DEBUG:colcon.colcon_core.event_handler.log_command:Invoking command in '/home/anthony/Desktop/Assignment10.1/build/turtlebot3_navigation': /usr/bin/cmake --build /home/anthony/Desktop/Assignment10.1/build/turtlebot3_navigation -- -j3 -l3
[52.282s] DEBUG:colcon.colcon_core.event_handler.log_command:Invoked command in '/home/anthony/Desktop/Assignment10.1/build/turtlebot3_navigation' returned '0': /usr/bin/cmake --build /home/anthony/Desktop/Assignment10.1/build/turtlebot3_navigation -- -j3 -l3
[52.445s] DEBUG:colcon.colcon_core.event_handler.log_command:Invoking command in '/home/anthony/Desktop/Assignment10.1/build/turtlebot3_navigation': /usr/bin/cmake --install /home/anthony/Desktop/Assignment10.1/build/turtlebot3_navigation
[52.568s] Level 1:colcon.colcon_core.environment:create_environment_scripts_only(turtlebot3_navigation)
[52.571s] DEBUG:colcon.colcon_core.event_handler.log_command:Invoked command in '/home/anthony/Desktop/Assignment10.1/build/turtlebot3_navigation' returned '0': /usr/bin/cmake --install /home/anthony/Desktop/Assignment10.1/build/turtlebot3_navigation
[52.600s] Level 1:colcon.colcon_core.environment:checking '/home/anthony/Desktop/Assignment10.1/install/turtlebot3_navigation' for CMake module files
[52.603s] Level 1:colcon.colcon_core.environment:checking '/home/anthony/Desktop/Assignment10.1/install/turtlebot3_navigation' for CMake config files
[52.605s] Level 1:colcon.colcon_core.shell:create_environment_hook('turtlebot3_navigation', 'cmake_prefix_path')
[52.606s] INFO:colcon.colcon_core.shell:Creating environment hook '/home/anthony/Desktop/Assignment10.1/install/turtlebot3_navigation/share/turtlebot3_navigation/hook/cmake_prefix_path.ps1'
[52.611s] INFO:colcon.colcon_core.shell:Creating environment descriptor '/home/anthony/Desktop/Assignment10.1/install/turtlebot3_navigation/share/turtlebot3_navigation/hook/cmake_prefix_path.dsv'
[52.615s] INFO:colcon.colcon_core.shell:Creating environment hook '/home/anthony/Desktop/Assignment10.1/install/turtlebot3_navigation/share/turtlebot3_navigation/hook/cmake_prefix_path.sh'
[52.621s] Level 1:colcon.colcon_core.environment:checking '/home/anthony/Desktop/Assignment10.1/install/turtlebot3_navigation/lib'
[52.622s] Level 1:colcon.colcon_core.environment:checking '/home/anthony/Desktop/Assignment10.1/install/turtlebot3_navigation/bin'
[52.623s] Level 1:colcon.colcon_core.environment:checking '/home/anthony/Desktop/Assignment10.1/install/turtlebot3_navigation/lib/pkgconfig/turtlebot3_navigation.pc'
[52.624s] Level 1:colcon.colcon_core.environment:checking '/home/anthony/Desktop/Assignment10.1/install/turtlebot3_navigation/lib/python3.10/site-packages'
[52.625s] Level 1:colcon.colcon_core.environment:checking '/home/anthony/Desktop/Assignment10.1/install/turtlebot3_navigation/bin'
[52.627s] INFO:colcon.colcon_core.shell:Creating package script '/home/anthony/Desktop/Assignment10.1/install/turtlebot3_navigation/share/turtlebot3_navigation/package.ps1'
[52.631s] INFO:colcon.colcon_core.shell:Creating package descriptor '/home/anthony/Desktop/Assignment10.1/install/turtlebot3_navigation/share/turtlebot3_navigation/package.dsv'
[52.634s] INFO:colcon.colcon_core.shell:Creating package script '/home/anthony/Desktop/Assignment10.1/install/turtlebot3_navigation/share/turtlebot3_navigation/package.sh'
[52.638s] INFO:colcon.colcon_core.shell:Creating package script '/home/anthony/Desktop/Assignment10.1/install/turtlebot3_navigation/share/turtlebot3_navigation/package.bash'
[52.644s] INFO:colcon.colcon_core.shell:Creating package script '/home/anthony/Desktop/Assignment10.1/install/turtlebot3_navigation/share/turtlebot3_navigation/package.zsh'
[52.648s] Level 1:colcon.colcon_core.environment:create_file_with_runtime_dependencies(/home/anthony/Desktop/Assignment10.1/install/turtlebot3_navigation/share/colcon-core/packages/turtlebot3_navigation)
[52.793s] Level 1:colcon.colcon_core.environment:create_environment_scripts_only(turtlebot3_navigation)
[52.794s] Level 1:colcon.colcon_core.environment:checking '/home/anthony/Desktop/Assignment10.1/install/turtlebot3_navigation' for CMake module files
[52.797s] Level 1:colcon.colcon_core.environment:checking '/home/anthony/Desktop/Assignment10.1/install/turtlebot3_navigation' for CMake config files
[52.798s] Level 1:colcon.colcon_core.shell:create_environment_hook('turtlebot3_navigation', 'cmake_prefix_path')
[52.799s] INFO:colcon.colcon_core.shell:Creating environment hook '/home/anthony/Desktop/Assignment10.1/install/turtlebot3_navigation/share/turtlebot3_navigation/hook/cmake_prefix_path.ps1'
[52.802s] INFO:colcon.colcon_core.shell:Creating environment descriptor '/home/anthony/Desktop/Assignment10.1/install/turtlebot3_navigation/share/turtlebot3_navigation/hook/cmake_prefix_path.dsv'
[52.803s] INFO:colcon.colcon_core.shell:Creating environment hook '/home/anthony/Desktop/Assignment10.1/install/turtlebot3_navigation/share/turtlebot3_navigation/hook/cmake_prefix_path.sh'
[52.806s] Level 1:colcon.colcon_core.environment:checking '/home/anthony/Desktop/Assignment10.1/install/turtlebot3_navigation/lib'
[52.807s] Level 1:colcon.colcon_core.environment:checking '/home/anthony/Desktop/Assignment10.1/install/turtlebot3_navigation/bin'
[52.807s] Level 1:colcon.colcon_core.environment:checking '/home/anthony/Desktop/Assignment10.1/install/turtlebot3_navigation/lib/pkgconfig/turtlebot3_navigation.pc'
[52.808s] Level 1:colcon.colcon_core.environment:checking '/home/anthony/Desktop/Assignment10.1/install/turtlebot3_navigation/lib/python3.10/site-packages'
[52.810s] Level 1:colcon.colcon_core.environment:checking '/home/anthony/Desktop/Assignment10.1/install/turtlebot3_navigation/bin'
[52.811s] INFO:colcon.colcon_core.shell:Creating package script '/home/anthony/Desktop/Assignment10.1/install/turtlebot3_navigation/share/turtlebot3_navigation/package.ps1'
[52.816s] INFO:colcon.colcon_core.shell:Creating package descriptor '/home/anthony/Desktop/Assignment10.1/install/turtlebot3_navigation/share/turtlebot3_navigation/package.dsv'
[52.819s] INFO:colcon.colcon_core.shell:Creating package script '/home/anthony/Desktop/Assignment10.1/install/turtlebot3_navigation/share/turtlebot3_navigation/package.sh'
[52.822s] INFO:colcon.colcon_core.shell:Creating package script '/home/anthony/Desktop/Assignment10.1/install/turtlebot3_navigation/share/turtlebot3_navigation/package.bash'
[52.826s] INFO:colcon.colcon_core.shell:Creating package script '/home/anthony/Desktop/Assignment10.1/install/turtlebot3_navigation/share/turtlebot3_navigation/package.zsh'
[52.828s] Level 1:colcon.colcon_core.environment:create_file_with_runtime_dependencies(/home/anthony/Desktop/Assignment10.1/install/turtlebot3_navigation/share/colcon-core/packages/turtlebot3_navigation)
[52.830s] DEBUG:colcon.colcon_parallel_executor.executor.parallel:closing loop
[52.832s] DEBUG:colcon.colcon_parallel_executor.executor.parallel:loop closed
[52.832s] DEBUG:colcon.colcon_parallel_executor.executor.parallel:run_until_complete finished with '0'
[52.832s] DEBUG:colcon.colcon_core.event_reactor:joining thread
[52.866s] INFO:colcon.colcon_core.plugin_system:Skipping extension 'colcon_notification.desktop_notification.terminal_notifier': Not used on non-Darwin systems
[52.866s] INFO:colcon.colcon_core.plugin_system:Skipping extension 'colcon_notification.desktop_notification.win32': Not used on non-Windows systems
[52.866s] INFO:colcon.colcon_notification.desktop_notification:Sending desktop notification using 'notify2'
[52.928s] DEBUG:colcon.colcon_core.event_reactor:joined thread
[52.929s] INFO:colcon.colcon_core.shell:Creating prefix script '/home/anthony/Desktop/Assignment10.1/install/local_setup.ps1'
[52.932s] INFO:colcon.colcon_core.shell:Creating prefix util module '/home/anthony/Desktop/Assignment10.1/install/_local_setup_util_ps1.py'
[52.941s] INFO:colcon.colcon_core.shell:Creating prefix chain script '/home/anthony/Desktop/Assignment10.1/install/setup.ps1'
[52.946s] INFO:colcon.colcon_core.shell:Creating prefix script '/home/anthony/Desktop/Assignment10.1/install/local_setup.sh'
[52.949s] INFO:colcon.colcon_core.shell:Creating prefix util module '/home/anthony/Desktop/Assignment10.1/install/_local_setup_util_sh.py'
[52.952s] INFO:colcon.colcon_core.shell:Creating prefix chain script '/home/anthony/Desktop/Assignment10.1/install/setup.sh'
[52.958s] INFO:colcon.colcon_core.shell:Creating prefix script '/home/anthony/Desktop/Assignment10.1/install/local_setup.bash'
[52.961s] INFO:colcon.colcon_core.shell:Creating prefix chain script '/home/anthony/Desktop/Assignment10.1/install/setup.bash'
[52.966s] INFO:colcon.colcon_core.shell:Creating prefix script '/home/anthony/Desktop/Assignment10.1/install/local_setup.zsh'
[52.969s] INFO:colcon.colcon_core.shell:Creating prefix chain script '/home/anthony/Desktop/Assignment10.1/install/setup.zsh'
