[0.068s] Invoking command in '/home/anthony/Desktop/Assignment10.1/build/turtlebot3_navigation': /usr/bin/cmake --build /home/anthony/Desktop/Assignment10.1/build/turtlebot3_navigation -- -j3 -l3
[0.274s] [35m[1mConsolidate compiler generated dependencies of target robot_driver[0m
[0.340s] [ 50%] Built target wall_finder_server
[0.369s] [ 75%] [32mBuilding CXX object CMakeFiles/robot_driver.dir/src/robot_driver.cpp.o[0m
[42.191s] [100%] [32m[1mLinking CXX executable robot_driver[0m
[44.286s] [100%] Built target robot_driver
[44.340s] Invoked command in '/home/anthony/Desktop/Assignment10.1/build/turtlebot3_navigation' returned '0': /usr/bin/cmake --build /home/anthony/Desktop/Assignment10.1/build/turtlebot3_navigation -- -j3 -l3
[44.531s] Invoking command in '/home/anthony/Desktop/Assignment10.1/build/turtlebot3_navigation': /usr/bin/cmake --install /home/anthony/Desktop/Assignment10.1/build/turtlebot3_navigation
[44.569s] -- Install configuration: ""
[44.571s] -- Execute custom install script
[44.573s] -- Up-to-date symlink: /home/anthony/Desktop/Assignment10.1/install/turtlebot3_navigation/lib/turtlebot3_navigation/wall_finder_server
[44.574s] -- Up-to-date symlink: /home/anthony/Desktop/Assignment10.1/install/turtlebot3_navigation/lib/turtlebot3_navigation/robot_driver
[44.575s] -- Up-to-date symlink: /home/anthony/Desktop/Assignment10.1/install/turtlebot3_navigation/share/turtlebot3_navigation/launch/wall_follower_with_gazebo.py
[44.576s] -- Up-to-date symlink: /home/anthony/Desktop/Assignment10.1/install/turtlebot3_navigation/share/ament_index/resource_index/package_run_dependencies/turtlebot3_navigation
[44.576s] -- Up-to-date symlink: /home/anthony/Desktop/Assignment10.1/install/turtlebot3_navigation/share/ament_index/resource_index/parent_prefix_path/turtlebot3_navigation
[44.577s] -- Up-to-date symlink: /home/anthony/Desktop/Assignment10.1/install/turtlebot3_navigation/share/turtlebot3_navigation/environment/ament_prefix_path.sh
[44.578s] -- Up-to-date symlink: /home/anthony/Desktop/Assignment10.1/install/turtlebot3_navigation/share/turtlebot3_navigation/environment/ament_prefix_path.dsv
[44.579s] -- Up-to-date symlink: /home/anthony/Desktop/Assignment10.1/install/turtlebot3_navigation/share/turtlebot3_navigation/environment/path.sh
[44.579s] -- Up-to-date symlink: /home/anthony/Desktop/Assignment10.1/install/turtlebot3_navigation/share/turtlebot3_navigation/environment/path.dsv
[44.581s] -- Up-to-date symlink: /home/anthony/Desktop/Assignment10.1/install/turtlebot3_navigation/share/turtlebot3_navigation/local_setup.bash
[44.581s] -- Up-to-date symlink: /home/anthony/Desktop/Assignment10.1/install/turtlebot3_navigation/share/turtlebot3_navigation/local_setup.sh
[44.582s] -- Up-to-date symlink: /home/anthony/Desktop/Assignment10.1/install/turtlebot3_navigation/share/turtlebot3_navigation/local_setup.zsh
[44.582s] -- Up-to-date symlink: /home/anthony/Desktop/Assignment10.1/install/turtlebot3_navigation/share/turtlebot3_navigation/local_setup.dsv
[44.583s] -- Symlinking: /home/anthony/Desktop/Assignment10.1/install/turtlebot3_navigation/share/turtlebot3_navigation/package.dsv
[44.641s] -- Up-to-date symlink: /home/anthony/Desktop/Assignment10.1/install/turtlebot3_navigation/share/ament_index/resource_index/packages/turtlebot3_navigation
[44.641s] -- Up-to-date symlink: /home/anthony/Desktop/Assignment10.1/install/turtlebot3_navigation/share/turtlebot3_navigation/cmake/turtlebot3_navigationConfig.cmake
[44.642s] -- Up-to-date symlink: /home/anthony/Desktop/Assignment10.1/install/turtlebot3_navigation/share/turtlebot3_navigation/cmake/turtlebot3_navigationConfig-version.cmake
[44.643s] -- Up-to-date symlink: /home/anthony/Desktop/Assignment10.1/install/turtlebot3_navigation/share/turtlebot3_navigation/package.xml
[44.650s] Invoked command in '/home/anthony/Desktop/Assignment10.1/build/turtlebot3_navigation' returned '0': /usr/bin/cmake --install /home/anthony/Desktop/Assignment10.1/build/turtlebot3_navigation
