[0.130s] Invoking command in '/home/anthony/Desktop/Assignment10.1/build/turtlebot3_navigation': /usr/bin/cmake --build /home/anthony/Desktop/Assignment10.1/build/turtlebot3_navigation -- -j3 -l3
[0.646s] [35m[1mConsolidate compiler generated dependencies of target robot_driver[0m
[0.736s] [ 50%] Built target wall_finder_server
[0.783s] [ 75%] [32mBuilding CXX object CMakeFiles/robot_driver.dir/src/robot_driver.cpp.o[0m
[44.708s] [100%] [32m[1mLinking CXX executable robot_driver[0m
[46.927s] [100%] Built target robot_driver
[46.984s] Invoked command in '/home/anthony/Desktop/Assignment10.1/build/turtlebot3_navigation' returned '0': /usr/bin/cmake --build /home/anthony/Desktop/Assignment10.1/build/turtlebot3_navigation -- -j3 -l3
[47.158s] Invoking command in '/home/anthony/Desktop/Assignment10.1/build/turtlebot3_navigation': /usr/bin/cmake --install /home/anthony/Desktop/Assignment10.1/build/turtlebot3_navigation
[47.196s] -- Install configuration: ""
[47.201s] -- Execute custom install script
[47.205s] -- Up-to-date symlink: /home/anthony/Desktop/Assignment10.1/install/turtlebot3_navigation/lib/turtlebot3_navigation/wall_finder_server
[47.207s] -- Up-to-date symlink: /home/anthony/Desktop/Assignment10.1/install/turtlebot3_navigation/lib/turtlebot3_navigation/robot_driver
[47.210s] -- Up-to-date symlink: /home/anthony/Desktop/Assignment10.1/install/turtlebot3_navigation/share/turtlebot3_navigation/launch/wall_follower_with_gazebo.py
[47.211s] -- Up-to-date symlink: /home/anthony/Desktop/Assignment10.1/install/turtlebot3_navigation/share/ament_index/resource_index/package_run_dependencies/turtlebot3_navigation
[47.214s] -- Up-to-date symlink: /home/anthony/Desktop/Assignment10.1/install/turtlebot3_navigation/share/ament_index/resource_index/parent_prefix_path/turtlebot3_navigation
[47.215s] -- Up-to-date symlink: /home/anthony/Desktop/Assignment10.1/install/turtlebot3_navigation/share/turtlebot3_navigation/environment/ament_prefix_path.sh
[47.217s] -- Up-to-date symlink: /home/anthony/Desktop/Assignment10.1/install/turtlebot3_navigation/share/turtlebot3_navigation/environment/ament_prefix_path.dsv
[47.219s] -- Up-to-date symlink: /home/anthony/Desktop/Assignment10.1/install/turtlebot3_navigation/share/turtlebot3_navigation/environment/path.sh
[47.221s] -- Up-to-date symlink: /home/anthony/Desktop/Assignment10.1/install/turtlebot3_navigation/share/turtlebot3_navigation/environment/path.dsv
[47.223s] -- Up-to-date symlink: /home/anthony/Desktop/Assignment10.1/install/turtlebot3_navigation/share/turtlebot3_navigation/local_setup.bash
[47.225s] -- Up-to-date symlink: /home/anthony/Desktop/Assignment10.1/install/turtlebot3_navigation/share/turtlebot3_navigation/local_setup.sh
[47.227s] -- Up-to-date symlink: /home/anthony/Desktop/Assignment10.1/install/turtlebot3_navigation/share/turtlebot3_navigation/local_setup.zsh
[47.229s] -- Up-to-date symlink: /home/anthony/Desktop/Assignment10.1/install/turtlebot3_navigation/share/turtlebot3_navigation/local_setup.dsv
[47.230s] -- Symlinking: /home/anthony/Desktop/Assignment10.1/install/turtlebot3_navigation/share/turtlebot3_navigation/package.dsv
[47.271s] -- Up-to-date symlink: /home/anthony/Desktop/Assignment10.1/install/turtlebot3_navigation/share/ament_index/resource_index/packages/turtlebot3_navigation
[47.273s] -- Up-to-date symlink: /home/anthony/Desktop/Assignment10.1/install/turtlebot3_navigation/share/turtlebot3_navigation/cmake/turtlebot3_navigationConfig.cmake
[47.275s] -- Up-to-date symlink: /home/anthony/Desktop/Assignment10.1/install/turtlebot3_navigation/share/turtlebot3_navigation/cmake/turtlebot3_navigationConfig-version.cmake
[47.276s] -- Up-to-date symlink: /home/anthony/Desktop/Assignment10.1/install/turtlebot3_navigation/share/turtlebot3_navigation/package.xml
[47.286s] Invoked command in '/home/anthony/Desktop/Assignment10.1/build/turtlebot3_navigation' returned '0': /usr/bin/cmake --install /home/anthony/Desktop/Assignment10.1/build/turtlebot3_navigation
