[0.023s] Invoking command in '/home/anthony/Desktop/Assignment10.1/build/turtlebot3_fake_node': /usr/bin/cmake /home/anthony/Desktop/Assignment10.1/src/turtlebot3_simulations/turtlebot3_fake_node -DAMENT_CMAKE_SYMLINK_INSTALL=1 -DCMAKE_INSTALL_PREFIX=/home/anthony/Desktop/Assignment10.1/install/turtlebot3_fake_node
[0.101s] -- The C compiler identification is GNU 11.4.0
[0.221s] -- The CXX compiler identification is GNU 11.4.0
[0.245s] -- Detecting C compiler ABI info
[0.405s] -- Detecting C compiler ABI info - done
[0.415s] -- Check for working C compiler: /usr/bin/cc - skipped
[0.415s] -- Detecting C compile features
[0.417s] -- Detecting C compile features - done
[0.424s] -- Detecting CXX compiler ABI info
[0.556s] -- Detecting CXX compiler ABI info - done
[0.567s] -- Check for working CXX compiler: /usr/bin/c++ - skipped
[0.568s] -- Detecting CXX compile features
[0.568s] -- Detecting CXX compile features - done
[0.572s] -- Found ament_cmake: 1.3.9 (/opt/ros/humble/share/ament_cmake/cmake)
[0.794s] -- Found Python3: /usr/bin/python3 (found version "3.10.12") found components: Interpreter 
[0.893s] -- Override CMake install command with custom implementation using symlinks instead of copying resources
[0.948s] -- Found geometry_msgs: 4.2.4 (/opt/ros/humble/share/geometry_msgs/cmake)
[1.016s] -- Found rosidl_generator_c: 3.1.5 (/opt/ros/humble/share/rosidl_generator_c/cmake)
[1.024s] -- Found rosidl_adapter: 3.1.5 (/opt/ros/humble/share/rosidl_adapter/cmake)
[1.036s] -- Found rosidl_generator_cpp: 3.1.5 (/opt/ros/humble/share/rosidl_generator_cpp/cmake)
[1.056s] -- Using all available rosidl_typesupport_c: rosidl_typesupport_fastrtps_c;rosidl_typesupport_introspection_c
[1.087s] -- Using all available rosidl_typesupport_cpp: rosidl_typesupport_fastrtps_cpp;rosidl_typesupport_introspection_cpp
[1.328s] -- Found nav_msgs: 4.2.4 (/opt/ros/humble/share/nav_msgs/cmake)
[1.490s] -- Found rclcpp: 16.0.9 (/opt/ros/humble/share/rclcpp/cmake)
[1.631s] -- Found rmw_implementation_cmake: 6.1.2 (/opt/ros/humble/share/rmw_implementation_cmake/cmake)
[1.638s] -- Found rmw_fastrtps_cpp: 6.2.6 (/opt/ros/humble/share/rmw_fastrtps_cpp/cmake)
[1.856s] -- Found OpenSSL: /usr/lib/x86_64-linux-gnu/libcrypto.so (found version "3.0.2")  
[1.921s] -- Found FastRTPS: /opt/ros/humble/include  
[2.039s] -- Using RMW implementation 'rmw_fastrtps_cpp' as default
[2.071s] -- Looking for pthread.h
[2.243s] -- Looking for pthread.h - found
[2.244s] -- Performing Test CMAKE_HAVE_LIBC_PTHREAD
[2.341s] -- Performing Test CMAKE_HAVE_LIBC_PTHREAD - Success
[2.342s] -- Found Threads: TRUE  
[2.643s] -- Found sensor_msgs: 4.2.4 (/opt/ros/humble/share/sensor_msgs/cmake)
[2.810s] -- Found tf2: 0.25.7 (/opt/ros/humble/share/tf2/cmake)
[2.865s] -- Found tf2_msgs: 0.25.7 (/opt/ros/humble/share/tf2_msgs/cmake)
[3.170s] -- Found turtlebot3_msgs: 2.2.3 (/opt/ros/humble/share/turtlebot3_msgs/cmake)
[3.376s] -- Configuring done
[3.394s] -- Generating done
[3.397s] -- Build files have been written to: /home/anthony/Desktop/Assignment10.1/build/turtlebot3_fake_node
[3.407s] Invoked command in '/home/anthony/Desktop/Assignment10.1/build/turtlebot3_fake_node' returned '0': /usr/bin/cmake /home/anthony/Desktop/Assignment10.1/src/turtlebot3_simulations/turtlebot3_fake_node -DAMENT_CMAKE_SYMLINK_INSTALL=1 -DCMAKE_INSTALL_PREFIX=/home/anthony/Desktop/Assignment10.1/install/turtlebot3_fake_node
[3.409s] Invoking command in '/home/anthony/Desktop/Assignment10.1/build/turtlebot3_fake_node': /usr/bin/cmake --build /home/anthony/Desktop/Assignment10.1/build/turtlebot3_fake_node -- -j3 -l3
[3.479s] [ 50%] [32mBuilding CXX object CMakeFiles/turtlebot3_fake_node.dir/src/turtlebot3_fake_node.cpp.o[0m
[23.745s] [100%] [32m[1mLinking CXX executable turtlebot3_fake_node[0m
[25.265s] [100%] Built target turtlebot3_fake_node
[25.303s] Invoked command in '/home/anthony/Desktop/Assignment10.1/build/turtlebot3_fake_node' returned '0': /usr/bin/cmake --build /home/anthony/Desktop/Assignment10.1/build/turtlebot3_fake_node -- -j3 -l3
[25.547s] Invoking command in '/home/anthony/Desktop/Assignment10.1/build/turtlebot3_fake_node': /usr/bin/cmake --install /home/anthony/Desktop/Assignment10.1/build/turtlebot3_fake_node
[25.582s] -- Install configuration: ""
[25.583s] -- Execute custom install script
[25.584s] -- Symlinking: /home/anthony/Desktop/Assignment10.1/install/turtlebot3_fake_node/lib/turtlebot3_fake_node/turtlebot3_fake_node
[25.632s] -- Symlinking: /home/anthony/Desktop/Assignment10.1/install/turtlebot3_fake_node/share/turtlebot3_fake_node/launch/rviz2.launch.py
[25.668s] -- Symlinking: /home/anthony/Desktop/Assignment10.1/install/turtlebot3_fake_node/share/turtlebot3_fake_node/launch/turtlebot3_fake_node.launch.py
[25.700s] -- Symlinking: /home/anthony/Desktop/Assignment10.1/install/turtlebot3_fake_node/share/turtlebot3_fake_node/param/burger.yaml
[25.727s] -- Symlinking: /home/anthony/Desktop/Assignment10.1/install/turtlebot3_fake_node/share/turtlebot3_fake_node/param/waffle.yaml
[25.766s] -- Symlinking: /home/anthony/Desktop/Assignment10.1/install/turtlebot3_fake_node/share/turtlebot3_fake_node/param/waffle_pi.yaml
[25.796s] -- Symlinking: /home/anthony/Desktop/Assignment10.1/install/turtlebot3_fake_node/include//turtlebot3_fake_node/turtlebot3_fake_node.hpp
[25.824s] -- Symlinking: /home/anthony/Desktop/Assignment10.1/install/turtlebot3_fake_node/share/ament_index/resource_index/package_run_dependencies/turtlebot3_fake_node
[25.861s] -- Symlinking: /home/anthony/Desktop/Assignment10.1/install/turtlebot3_fake_node/share/ament_index/resource_index/parent_prefix_path/turtlebot3_fake_node
[25.893s] -- Symlinking: /home/anthony/Desktop/Assignment10.1/install/turtlebot3_fake_node/share/turtlebot3_fake_node/environment/ament_prefix_path.sh
[25.930s] -- Symlinking: /home/anthony/Desktop/Assignment10.1/install/turtlebot3_fake_node/share/turtlebot3_fake_node/environment/ament_prefix_path.dsv
[25.966s] -- Symlinking: /home/anthony/Desktop/Assignment10.1/install/turtlebot3_fake_node/share/turtlebot3_fake_node/environment/path.sh
[25.995s] -- Symlinking: /home/anthony/Desktop/Assignment10.1/install/turtlebot3_fake_node/share/turtlebot3_fake_node/environment/path.dsv
[26.022s] -- Symlinking: /home/anthony/Desktop/Assignment10.1/install/turtlebot3_fake_node/share/turtlebot3_fake_node/local_setup.bash
[26.060s] -- Symlinking: /home/anthony/Desktop/Assignment10.1/install/turtlebot3_fake_node/share/turtlebot3_fake_node/local_setup.sh
[26.088s] -- Symlinking: /home/anthony/Desktop/Assignment10.1/install/turtlebot3_fake_node/share/turtlebot3_fake_node/local_setup.zsh
[26.113s] -- Symlinking: /home/anthony/Desktop/Assignment10.1/install/turtlebot3_fake_node/share/turtlebot3_fake_node/local_setup.dsv
[26.158s] -- Symlinking: /home/anthony/Desktop/Assignment10.1/install/turtlebot3_fake_node/share/turtlebot3_fake_node/package.dsv
[26.189s] -- Symlinking: /home/anthony/Desktop/Assignment10.1/install/turtlebot3_fake_node/share/ament_index/resource_index/packages/turtlebot3_fake_node
[26.208s] -- Symlinking: /home/anthony/Desktop/Assignment10.1/install/turtlebot3_fake_node/share/turtlebot3_fake_node/cmake/ament_cmake_export_include_directories-extras.cmake
[26.223s] -- Symlinking: /home/anthony/Desktop/Assignment10.1/install/turtlebot3_fake_node/share/turtlebot3_fake_node/cmake/ament_cmake_export_dependencies-extras.cmake
[26.237s] -- Symlinking: /home/anthony/Desktop/Assignment10.1/install/turtlebot3_fake_node/share/turtlebot3_fake_node/cmake/turtlebot3_fake_nodeConfig.cmake
[26.250s] -- Symlinking: /home/anthony/Desktop/Assignment10.1/install/turtlebot3_fake_node/share/turtlebot3_fake_node/cmake/turtlebot3_fake_nodeConfig-version.cmake
[26.263s] -- Symlinking: /home/anthony/Desktop/Assignment10.1/install/turtlebot3_fake_node/share/turtlebot3_fake_node/package.xml
[26.274s] Invoked command in '/home/anthony/Desktop/Assignment10.1/build/turtlebot3_fake_node' returned '0': /usr/bin/cmake --install /home/anthony/Desktop/Assignment10.1/build/turtlebot3_fake_node
