[ 25%] Built target robot_driver
[ 50%] Built target wall_finder_server
[ 75%] Built target lap_time_server
[ 87%] [32mBuilding CXX object CMakeFiles/lap_time_client.dir/src/lap_time_client.cpp.o[0m
[01m[K/home/anthony/Desktop/Assignment10.1/src/turtlebot3_navigation/src/lap_time_client.cpp:[m[K In member function ‘[01m[Kvoid LapTimeActionClient::call_lap_starting_time()[m[K’:
[01m[K/home/anthony/Desktop/Assignment10.1/src/turtlebot3_navigation/src/lap_time_client.cpp:35:26:[m[K [01;35m[Kwarning: [m[K‘[01m[Krclcpp::Client<ServiceT>::FutureAndRequestId::operator rclcpp::Client<ServiceT>::SharedFuture() [with ServiceT = turtlebot3_interfaces::srv::LapStartingTime; rclcpp::Client<ServiceT>::SharedFuture = std::shared_future<std::shared_ptr<turtlebot3_interfaces::srv::LapStartingTime_Response_<std::allocator<void> > > >][m[K’ is deprecated: FutureAndRequestId: use .future.share() instead of an implicit conversion [[01;35m[K]8;;https://gcc.gnu.org/onlinedocs/gcc/Warning-Options.html#index-Wdeprecated-declarations-Wdeprecated-declarations]8;;[m[K]
   35 |         [01;35m[Kresponse_callback(future)[m[K;
      |         [01;35m[K~~~~~~~~~~~~~~~~~^~~~~~~~[m[K
In file included from [01m[K/opt/ros/humble/include/rclcpp/rclcpp/callback_group.hpp:24[m[K,
                 from [01m[K/opt/ros/humble/include/rclcpp/rclcpp/any_executable.hpp:20[m[K,
                 from [01m[K/opt/ros/humble/include/rclcpp/rclcpp/memory_strategy.hpp:25[m[K,
                 from [01m[K/opt/ros/humble/include/rclcpp/rclcpp/memory_strategies.hpp:18[m[K,
                 from [01m[K/opt/ros/humble/include/rclcpp/rclcpp/executor_options.hpp:20[m[K,
                 from [01m[K/opt/ros/humble/include/rclcpp/rclcpp/executor.hpp:37[m[K,
                 from [01m[K/opt/ros/humble/include/rclcpp/rclcpp/executors/multi_threaded_executor.hpp:25[m[K,
                 from [01m[K/opt/ros/humble/include/rclcpp/rclcpp/executors.hpp:21[m[K,
                 from [01m[K/opt/ros/humble/include/rclcpp/rclcpp/rclcpp.hpp:155[m[K,
                 from [01m[K/home/anthony/Desktop/Assignment10.1/src/turtlebot3_navigation/include/lap_time_client.hpp:4[m[K,
                 from [01m[K/home/anthony/Desktop/Assignment10.1/src/turtlebot3_navigation/src/lap_time_client.cpp:1[m[K:
[01m[K/opt/ros/humble/include/rclcpp/rclcpp/client.hpp:415:5:[m[K [01;36m[Knote: [m[Kdeclared here
  415 |     [01;36m[Koperator[m[K SharedFuture() {return this->future.share();}
      |     [01;36m[K^~~~~~~~[m[K
[100%] [32m[1mLinking CXX executable lap_time_client[0m
[100%] Built target lap_time_client
-- Install configuration: ""
-- Up-to-date: /home/anthony/Desktop/Assignment10.1/install/turtlebot3_navigation/lib/turtlebot3_navigation/lap_time_server
-- Installing: /home/anthony/Desktop/Assignment10.1/install/turtlebot3_navigation/lib/turtlebot3_navigation/lap_time_client
-- Set runtime path of "/home/anthony/Desktop/Assignment10.1/install/turtlebot3_navigation/lib/turtlebot3_navigation/lap_time_client" to ""
-- Up-to-date: /home/anthony/Desktop/Assignment10.1/install/turtlebot3_navigation/share/turtlebot3_navigation/launch
-- Installing: /home/anthony/Desktop/Assignment10.1/install/turtlebot3_navigation/share/turtlebot3_navigation/package.dsv
