[0.062s] Invoking command in '/home/anthony/Desktop/Assignment10.1/build/turtlebot3_navigation': /usr/bin/cmake --build /home/anthony/Desktop/Assignment10.1/build/turtlebot3_navigation -- -j3 -l3
[0.336s] [ 25%] Built target robot_driver
[0.369s] [ 50%] Built target wall_finder_server
[0.488s] [ 75%] Built target lap_time_server
[0.518s] [ 87%] [32mBuilding CXX object CMakeFiles/lap_time_client.dir/src/lap_time_client.cpp.o[0m
[12.544s] [01m[K/home/anthony/Desktop/Assignment10.1/src/turtlebot3_navigation/src/lap_time_client.cpp:[m[K In member function ‘[01m[Kvoid LapTimeActionClient::call_lap_starting_time()[m[K’:
[12.544s] [01m[K/home/anthony/Desktop/Assignment10.1/src/turtlebot3_navigation/src/lap_time_client.cpp:35:26:[m[K [01;35m[Kwarning: [m[K‘[01m[Krclcpp::Client<ServiceT>::FutureAndRequestId::operator rclcpp::Client<ServiceT>::SharedFuture() [with ServiceT = turtlebot3_interfaces::srv::LapStartingTime; rclcpp::Client<ServiceT>::SharedFuture = std::shared_future<std::shared_ptr<turtlebot3_interfaces::srv::LapStartingTime_Response_<std::allocator<void> > > >][m[K’ is deprecated: FutureAndRequestId: use .future.share() instead of an implicit conversion [[01;35m[K]8;;https://gcc.gnu.org/onlinedocs/gcc/Warning-Options.html#index-Wdeprecated-declarations-Wdeprecated-declarations]8;;[m[K]
[12.545s]    35 |         [01;35m[Kresponse_callback(future)[m[K;
[12.546s]       |         [01;35m[K~~~~~~~~~~~~~~~~~^~~~~~~~[m[K
[12.546s] In file included from [01m[K/opt/ros/humble/include/rclcpp/rclcpp/callback_group.hpp:24[m[K,
[12.547s]                  from [01m[K/opt/ros/humble/include/rclcpp/rclcpp/any_executable.hpp:20[m[K,
[12.547s]                  from [01m[K/opt/ros/humble/include/rclcpp/rclcpp/memory_strategy.hpp:25[m[K,
[12.548s]                  from [01m[K/opt/ros/humble/include/rclcpp/rclcpp/memory_strategies.hpp:18[m[K,
[12.548s]                  from [01m[K/opt/ros/humble/include/rclcpp/rclcpp/executor_options.hpp:20[m[K,
[12.548s]                  from [01m[K/opt/ros/humble/include/rclcpp/rclcpp/executor.hpp:37[m[K,
[12.549s]                  from [01m[K/opt/ros/humble/include/rclcpp/rclcpp/executors/multi_threaded_executor.hpp:25[m[K,
[12.549s]                  from [01m[K/opt/ros/humble/include/rclcpp/rclcpp/executors.hpp:21[m[K,
[12.550s]                  from [01m[K/opt/ros/humble/include/rclcpp/rclcpp/rclcpp.hpp:155[m[K,
[12.550s]                  from [01m[K/home/anthony/Desktop/Assignment10.1/src/turtlebot3_navigation/include/lap_time_client.hpp:4[m[K,
[12.551s]                  from [01m[K/home/anthony/Desktop/Assignment10.1/src/turtlebot3_navigation/src/lap_time_client.cpp:1[m[K:
[12.552s] [01m[K/opt/ros/humble/include/rclcpp/rclcpp/client.hpp:415:5:[m[K [01;36m[Knote: [m[Kdeclared here
[12.552s]   415 |     [01;36m[Koperator[m[K SharedFuture() {return this->future.share();}
[12.553s]       |     [01;36m[K^~~~~~~~[m[K
[22.646s] [100%] [32m[1mLinking CXX executable lap_time_client[0m
[23.903s] [100%] Built target lap_time_client
[23.955s] Invoked command in '/home/anthony/Desktop/Assignment10.1/build/turtlebot3_navigation' returned '0': /usr/bin/cmake --build /home/anthony/Desktop/Assignment10.1/build/turtlebot3_navigation -- -j3 -l3
[24.161s] Invoking command in '/home/anthony/Desktop/Assignment10.1/build/turtlebot3_navigation': /usr/bin/cmake --install /home/anthony/Desktop/Assignment10.1/build/turtlebot3_navigation
[24.196s] -- Install configuration: ""
[24.201s] -- Up-to-date: /home/anthony/Desktop/Assignment10.1/install/turtlebot3_navigation/lib/turtlebot3_navigation/lap_time_server
[24.205s] -- Installing: /home/anthony/Desktop/Assignment10.1/install/turtlebot3_navigation/lib/turtlebot3_navigation/lap_time_client
[24.213s] -- Set runtime path of "/home/anthony/Desktop/Assignment10.1/install/turtlebot3_navigation/lib/turtlebot3_navigation/lap_time_client" to ""
[24.213s] -- Up-to-date: /home/anthony/Desktop/Assignment10.1/install/turtlebot3_navigation/share/turtlebot3_navigation/launch
[24.220s] -- Installing: /home/anthony/Desktop/Assignment10.1/install/turtlebot3_navigation/share/turtlebot3_navigation/package.dsv
[24.231s] Invoked command in '/home/anthony/Desktop/Assignment10.1/build/turtlebot3_navigation' returned '0': /usr/bin/cmake --install /home/anthony/Desktop/Assignment10.1/build/turtlebot3_navigation
