[0.371s] DEBUG:colcon:Command line arguments: ['/usr/bin/colcon', 'list', '-p', '--base-paths', '/home/anthony/Desktop/Assignment10.1']
[0.372s] DEBUG:colcon:Parsed command line arguments: Namespace(log_base=None, log_level=None, verb_name='list', build_base='build', ignore_user_meta=False, metas=['./colcon.meta'], base_paths=['/home/anthony/Desktop/Assignment10.1'], packages_ignore=None, packages_ignore_regex=None, paths=None, packages_up_to=None, packages_up_to_regex=None, packages_above=None, packages_above_and_dependencies=None, packages_above_depth=None, packages_select_by_dep=None, packages_skip_by_dep=None, packages_skip_up_to=None, packages_select_build_failed=False, packages_skip_build_finished=False, packages_select_test_failures=False, packages_skip_test_passed=False, packages_select=None, packages_skip=None, packages_select_regex=None, packages_skip_regex=None, packages_start=None, packages_end=None, allow_overriding=[], topological_order=False, names_only=False, paths_only=True, topological_graph=False, topological_graph_dot=False, topological_graph_density=False, topological_graph_legend=False, topological_graph_dot_cluster=False, topological_graph_dot_include_skipped=False, verb_parser=<colcon_defaults.argument_parser.defaults.DefaultArgumentsDecorator object at 0x78259c4a52d0>, verb_extension=<colcon_package_information.verb.list.ListVerb object at 0x78259c5a1b40>, main=<bound method ListVerb.main of <colcon_package_information.verb.list.ListVerb object at 0x78259c5a1b40>>)
[1.488s] Level 1:colcon.colcon_core.package_discovery:discover_packages(colcon_meta) check parameters
[1.489s] Level 1:colcon.colcon_core.package_discovery:discover_packages(recursive) check parameters
[1.489s] Level 1:colcon.colcon_core.package_discovery:discover_packages(ignore) check parameters
[1.489s] Level 1:colcon.colcon_core.package_discovery:discover_packages(path) check parameters
[1.489s] Level 1:colcon.colcon_core.package_discovery:discover_packages(recursive) discover
[1.490s] INFO:colcon.colcon_core.package_discovery:Crawling recursively for packages in '/home/anthony/Desktop/Assignment10.1'
[1.491s] Level 1:colcon.colcon_core.package_identification:_identify(/home/anthony/Desktop/Assignment10.1) by extensions ['ignore', 'ignore_ament_install']
[1.492s] Level 1:colcon.colcon_core.package_identification:_identify(/home/anthony/Desktop/Assignment10.1) by extension 'ignore'
[1.492s] Level 1:colcon.colcon_core.package_identification:_identify(/home/anthony/Desktop/Assignment10.1) by extension 'ignore_ament_install'
[1.492s] Level 1:colcon.colcon_core.package_identification:_identify(/home/anthony/Desktop/Assignment10.1) by extensions ['colcon_pkg']
[1.492s] Level 1:colcon.colcon_core.package_identification:_identify(/home/anthony/Desktop/Assignment10.1) by extension 'colcon_pkg'
[1.493s] Level 1:colcon.colcon_core.package_identification:_identify(/home/anthony/Desktop/Assignment10.1) by extensions ['colcon_meta']
[1.493s] Level 1:colcon.colcon_core.package_identification:_identify(/home/anthony/Desktop/Assignment10.1) by extension 'colcon_meta'
[1.493s] Level 1:colcon.colcon_core.package_identification:_identify(/home/anthony/Desktop/Assignment10.1) by extensions ['ros']
[1.493s] Level 1:colcon.colcon_core.package_identification:_identify(/home/anthony/Desktop/Assignment10.1) by extension 'ros'
[1.571s] Level 1:colcon.colcon_core.package_identification:_identify(/home/anthony/Desktop/Assignment10.1) by extensions ['cmake', 'python']
[1.572s] Level 1:colcon.colcon_core.package_identification:_identify(/home/anthony/Desktop/Assignment10.1) by extension 'cmake'
[1.572s] Level 1:colcon.colcon_core.package_identification:_identify(/home/anthony/Desktop/Assignment10.1) by extension 'python'
[1.572s] Level 1:colcon.colcon_core.package_identification:_identify(/home/anthony/Desktop/Assignment10.1) by extensions ['python_setup_py']
[1.572s] Level 1:colcon.colcon_core.package_identification:_identify(/home/anthony/Desktop/Assignment10.1) by extension 'python_setup_py'
[1.573s] Level 1:colcon.colcon_core.package_identification:_identify(/home/anthony/Desktop/Assignment10.1/build) by extensions ['ignore', 'ignore_ament_install']
[1.574s] Level 1:colcon.colcon_core.package_identification:_identify(/home/anthony/Desktop/Assignment10.1/build) by extension 'ignore'
[1.574s] Level 1:colcon.colcon_core.package_identification:_identify(/home/anthony/Desktop/Assignment10.1/build) ignored
[1.575s] Level 1:colcon.colcon_core.package_identification:_identify(/home/anthony/Desktop/Assignment10.1/install) by extensions ['ignore', 'ignore_ament_install']
[1.587s] Level 1:colcon.colcon_core.package_identification:_identify(/home/anthony/Desktop/Assignment10.1/install) by extension 'ignore'
[1.588s] Level 1:colcon.colcon_core.package_identification:_identify(/home/anthony/Desktop/Assignment10.1/install) ignored
[1.589s] Level 1:colcon.colcon_core.package_identification:_identify(/home/anthony/Desktop/Assignment10.1/log) by extensions ['ignore', 'ignore_ament_install']
[1.589s] Level 1:colcon.colcon_core.package_identification:_identify(/home/anthony/Desktop/Assignment10.1/log) by extension 'ignore'
[1.589s] Level 1:colcon.colcon_core.package_identification:_identify(/home/anthony/Desktop/Assignment10.1/log) ignored
[1.590s] Level 1:colcon.colcon_core.package_identification:_identify(/home/anthony/Desktop/Assignment10.1/src) by extensions ['ignore', 'ignore_ament_install']
[1.590s] Level 1:colcon.colcon_core.package_identification:_identify(/home/anthony/Desktop/Assignment10.1/src) by extension 'ignore'
[1.590s] Level 1:colcon.colcon_core.package_identification:_identify(/home/anthony/Desktop/Assignment10.1/src) by extension 'ignore_ament_install'
[1.591s] Level 1:colcon.colcon_core.package_identification:_identify(/home/anthony/Desktop/Assignment10.1/src) by extensions ['colcon_pkg']
[1.591s] Level 1:colcon.colcon_core.package_identification:_identify(/home/anthony/Desktop/Assignment10.1/src) by extension 'colcon_pkg'
[1.591s] Level 1:colcon.colcon_core.package_identification:_identify(/home/anthony/Desktop/Assignment10.1/src) by extensions ['colcon_meta']
[1.591s] Level 1:colcon.colcon_core.package_identification:_identify(/home/anthony/Desktop/Assignment10.1/src) by extension 'colcon_meta'
[1.591s] Level 1:colcon.colcon_core.package_identification:_identify(/home/anthony/Desktop/Assignment10.1/src) by extensions ['ros']
[1.591s] Level 1:colcon.colcon_core.package_identification:_identify(/home/anthony/Desktop/Assignment10.1/src) by extension 'ros'
[1.592s] Level 1:colcon.colcon_core.package_identification:_identify(/home/anthony/Desktop/Assignment10.1/src) by extensions ['cmake', 'python']
[1.592s] Level 1:colcon.colcon_core.package_identification:_identify(/home/anthony/Desktop/Assignment10.1/src) by extension 'cmake'
[1.592s] Level 1:colcon.colcon_core.package_identification:_identify(/home/anthony/Desktop/Assignment10.1/src) by extension 'python'
[1.592s] Level 1:colcon.colcon_core.package_identification:_identify(/home/anthony/Desktop/Assignment10.1/src) by extensions ['python_setup_py']
[1.592s] Level 1:colcon.colcon_core.package_identification:_identify(/home/anthony/Desktop/Assignment10.1/src) by extension 'python_setup_py'
[1.593s] Level 1:colcon.colcon_core.package_identification:_identify(/home/anthony/Desktop/Assignment10.1/src/turtlebot3_interfaces) by extensions ['ignore', 'ignore_ament_install']
[1.593s] Level 1:colcon.colcon_core.package_identification:_identify(/home/anthony/Desktop/Assignment10.1/src/turtlebot3_interfaces) by extension 'ignore'
[1.593s] Level 1:colcon.colcon_core.package_identification:_identify(/home/anthony/Desktop/Assignment10.1/src/turtlebot3_interfaces) by extension 'ignore_ament_install'
[1.594s] Level 1:colcon.colcon_core.package_identification:_identify(/home/anthony/Desktop/Assignment10.1/src/turtlebot3_interfaces) by extensions ['colcon_pkg']
[1.594s] Level 1:colcon.colcon_core.package_identification:_identify(/home/anthony/Desktop/Assignment10.1/src/turtlebot3_interfaces) by extension 'colcon_pkg'
[1.594s] Level 1:colcon.colcon_core.package_identification:_identify(/home/anthony/Desktop/Assignment10.1/src/turtlebot3_interfaces) by extensions ['colcon_meta']
[1.594s] Level 1:colcon.colcon_core.package_identification:_identify(/home/anthony/Desktop/Assignment10.1/src/turtlebot3_interfaces) by extension 'colcon_meta'
[1.594s] Level 1:colcon.colcon_core.package_identification:_identify(/home/anthony/Desktop/Assignment10.1/src/turtlebot3_interfaces) by extensions ['ros']
[1.594s] Level 1:colcon.colcon_core.package_identification:_identify(/home/anthony/Desktop/Assignment10.1/src/turtlebot3_interfaces) by extension 'ros'
[1.621s] DEBUG:colcon.colcon_core.package_identification:Package '/home/anthony/Desktop/Assignment10.1/src/turtlebot3_interfaces' with type 'ros.ament_cmake' and name 'turtlebot3_interfaces'
[1.622s] Level 1:colcon.colcon_core.package_identification:_identify(/home/anthony/Desktop/Assignment10.1/src/turtlebot3_navigation) by extensions ['ignore', 'ignore_ament_install']
[1.623s] Level 1:colcon.colcon_core.package_identification:_identify(/home/anthony/Desktop/Assignment10.1/src/turtlebot3_navigation) by extension 'ignore'
[1.624s] Level 1:colcon.colcon_core.package_identification:_identify(/home/anthony/Desktop/Assignment10.1/src/turtlebot3_navigation) by extension 'ignore_ament_install'
[1.624s] Level 1:colcon.colcon_core.package_identification:_identify(/home/anthony/Desktop/Assignment10.1/src/turtlebot3_navigation) by extensions ['colcon_pkg']
[1.624s] Level 1:colcon.colcon_core.package_identification:_identify(/home/anthony/Desktop/Assignment10.1/src/turtlebot3_navigation) by extension 'colcon_pkg'
[1.624s] Level 1:colcon.colcon_core.package_identification:_identify(/home/anthony/Desktop/Assignment10.1/src/turtlebot3_navigation) by extensions ['colcon_meta']
[1.624s] Level 1:colcon.colcon_core.package_identification:_identify(/home/anthony/Desktop/Assignment10.1/src/turtlebot3_navigation) by extension 'colcon_meta'
[1.625s] Level 1:colcon.colcon_core.package_identification:_identify(/home/anthony/Desktop/Assignment10.1/src/turtlebot3_navigation) by extensions ['ros']
[1.625s] Level 1:colcon.colcon_core.package_identification:_identify(/home/anthony/Desktop/Assignment10.1/src/turtlebot3_navigation) by extension 'ros'
[1.644s] DEBUG:colcon.colcon_core.package_identification:Package '/home/anthony/Desktop/Assignment10.1/src/turtlebot3_navigation' with type 'ros.ament_cmake' and name 'turtlebot3_navigation'
[1.646s] Level 1:colcon.colcon_core.package_identification:_identify(/home/anthony/Desktop/Assignment10.1/src/turtlebot3_simulations) by extensions ['ignore', 'ignore_ament_install']
[1.646s] Level 1:colcon.colcon_core.package_identification:_identify(/home/anthony/Desktop/Assignment10.1/src/turtlebot3_simulations) by extension 'ignore'
[1.647s] Level 1:colcon.colcon_core.package_identification:_identify(/home/anthony/Desktop/Assignment10.1/src/turtlebot3_simulations) by extension 'ignore_ament_install'
[1.654s] Level 1:colcon.colcon_core.package_identification:_identify(/home/anthony/Desktop/Assignment10.1/src/turtlebot3_simulations) by extensions ['colcon_pkg']
[1.654s] Level 1:colcon.colcon_core.package_identification:_identify(/home/anthony/Desktop/Assignment10.1/src/turtlebot3_simulations) by extension 'colcon_pkg'
[1.654s] Level 1:colcon.colcon_core.package_identification:_identify(/home/anthony/Desktop/Assignment10.1/src/turtlebot3_simulations) by extensions ['colcon_meta']
[1.654s] Level 1:colcon.colcon_core.package_identification:_identify(/home/anthony/Desktop/Assignment10.1/src/turtlebot3_simulations) by extension 'colcon_meta'
[1.654s] Level 1:colcon.colcon_core.package_identification:_identify(/home/anthony/Desktop/Assignment10.1/src/turtlebot3_simulations) by extensions ['ros']
[1.655s] Level 1:colcon.colcon_core.package_identification:_identify(/home/anthony/Desktop/Assignment10.1/src/turtlebot3_simulations) by extension 'ros'
[1.655s] Level 1:colcon.colcon_core.package_identification:_identify(/home/anthony/Desktop/Assignment10.1/src/turtlebot3_simulations) by extensions ['cmake', 'python']
[1.655s] Level 1:colcon.colcon_core.package_identification:_identify(/home/anthony/Desktop/Assignment10.1/src/turtlebot3_simulations) by extension 'cmake'
[1.655s] Level 1:colcon.colcon_core.package_identification:_identify(/home/anthony/Desktop/Assignment10.1/src/turtlebot3_simulations) by extension 'python'
[1.656s] Level 1:colcon.colcon_core.package_identification:_identify(/home/anthony/Desktop/Assignment10.1/src/turtlebot3_simulations) by extensions ['python_setup_py']
[1.656s] Level 1:colcon.colcon_core.package_identification:_identify(/home/anthony/Desktop/Assignment10.1/src/turtlebot3_simulations) by extension 'python_setup_py'
[1.656s] Level 1:colcon.colcon_core.package_identification:_identify(/home/anthony/Desktop/Assignment10.1/src/turtlebot3_simulations/turtlebot3_fake_node) by extensions ['ignore', 'ignore_ament_install']
[1.657s] Level 1:colcon.colcon_core.package_identification:_identify(/home/anthony/Desktop/Assignment10.1/src/turtlebot3_simulations/turtlebot3_fake_node) by extension 'ignore'
[1.657s] Level 1:colcon.colcon_core.package_identification:_identify(/home/anthony/Desktop/Assignment10.1/src/turtlebot3_simulations/turtlebot3_fake_node) by extension 'ignore_ament_install'
[1.657s] Level 1:colcon.colcon_core.package_identification:_identify(/home/anthony/Desktop/Assignment10.1/src/turtlebot3_simulations/turtlebot3_fake_node) by extensions ['colcon_pkg']
[1.657s] Level 1:colcon.colcon_core.package_identification:_identify(/home/anthony/Desktop/Assignment10.1/src/turtlebot3_simulations/turtlebot3_fake_node) by extension 'colcon_pkg'
[1.657s] Level 1:colcon.colcon_core.package_identification:_identify(/home/anthony/Desktop/Assignment10.1/src/turtlebot3_simulations/turtlebot3_fake_node) by extensions ['colcon_meta']
[1.657s] Level 1:colcon.colcon_core.package_identification:_identify(/home/anthony/Desktop/Assignment10.1/src/turtlebot3_simulations/turtlebot3_fake_node) by extension 'colcon_meta'
[1.658s] Level 1:colcon.colcon_core.package_identification:_identify(/home/anthony/Desktop/Assignment10.1/src/turtlebot3_simulations/turtlebot3_fake_node) by extensions ['ros']
[1.658s] Level 1:colcon.colcon_core.package_identification:_identify(/home/anthony/Desktop/Assignment10.1/src/turtlebot3_simulations/turtlebot3_fake_node) by extension 'ros'
[1.671s] DEBUG:colcon.colcon_core.package_identification:Package '/home/anthony/Desktop/Assignment10.1/src/turtlebot3_simulations/turtlebot3_fake_node' with type 'ros.ament_cmake' and name 'turtlebot3_fake_node'
[1.672s] Level 1:colcon.colcon_core.package_identification:_identify(/home/anthony/Desktop/Assignment10.1/src/turtlebot3_simulations/turtlebot3_gazebo) by extensions ['ignore', 'ignore_ament_install']
[1.672s] Level 1:colcon.colcon_core.package_identification:_identify(/home/anthony/Desktop/Assignment10.1/src/turtlebot3_simulations/turtlebot3_gazebo) by extension 'ignore'
[1.673s] Level 1:colcon.colcon_core.package_identification:_identify(/home/anthony/Desktop/Assignment10.1/src/turtlebot3_simulations/turtlebot3_gazebo) by extension 'ignore_ament_install'
[1.673s] Level 1:colcon.colcon_core.package_identification:_identify(/home/anthony/Desktop/Assignment10.1/src/turtlebot3_simulations/turtlebot3_gazebo) by extensions ['colcon_pkg']
[1.673s] Level 1:colcon.colcon_core.package_identification:_identify(/home/anthony/Desktop/Assignment10.1/src/turtlebot3_simulations/turtlebot3_gazebo) by extension 'colcon_pkg'
[1.673s] Level 1:colcon.colcon_core.package_identification:_identify(/home/anthony/Desktop/Assignment10.1/src/turtlebot3_simulations/turtlebot3_gazebo) by extensions ['colcon_meta']
[1.673s] Level 1:colcon.colcon_core.package_identification:_identify(/home/anthony/Desktop/Assignment10.1/src/turtlebot3_simulations/turtlebot3_gazebo) by extension 'colcon_meta'
[1.674s] Level 1:colcon.colcon_core.package_identification:_identify(/home/anthony/Desktop/Assignment10.1/src/turtlebot3_simulations/turtlebot3_gazebo) by extensions ['ros']
[1.674s] Level 1:colcon.colcon_core.package_identification:_identify(/home/anthony/Desktop/Assignment10.1/src/turtlebot3_simulations/turtlebot3_gazebo) by extension 'ros'
[1.691s] DEBUG:colcon.colcon_core.package_identification:Package '/home/anthony/Desktop/Assignment10.1/src/turtlebot3_simulations/turtlebot3_gazebo' with type 'ros.ament_cmake' and name 'turtlebot3_gazebo'
[1.692s] Level 1:colcon.colcon_core.package_identification:_identify(/home/anthony/Desktop/Assignment10.1/src/turtlebot3_simulations/turtlebot3_simulations) by extensions ['ignore', 'ignore_ament_install']
[1.693s] Level 1:colcon.colcon_core.package_identification:_identify(/home/anthony/Desktop/Assignment10.1/src/turtlebot3_simulations/turtlebot3_simulations) by extension 'ignore'
[1.693s] Level 1:colcon.colcon_core.package_identification:_identify(/home/anthony/Desktop/Assignment10.1/src/turtlebot3_simulations/turtlebot3_simulations) by extension 'ignore_ament_install'
[1.693s] Level 1:colcon.colcon_core.package_identification:_identify(/home/anthony/Desktop/Assignment10.1/src/turtlebot3_simulations/turtlebot3_simulations) by extensions ['colcon_pkg']
[1.693s] Level 1:colcon.colcon_core.package_identification:_identify(/home/anthony/Desktop/Assignment10.1/src/turtlebot3_simulations/turtlebot3_simulations) by extension 'colcon_pkg'
[1.693s] Level 1:colcon.colcon_core.package_identification:_identify(/home/anthony/Desktop/Assignment10.1/src/turtlebot3_simulations/turtlebot3_simulations) by extensions ['colcon_meta']
[1.694s] Level 1:colcon.colcon_core.package_identification:_identify(/home/anthony/Desktop/Assignment10.1/src/turtlebot3_simulations/turtlebot3_simulations) by extension 'colcon_meta'
[1.694s] Level 1:colcon.colcon_core.package_identification:_identify(/home/anthony/Desktop/Assignment10.1/src/turtlebot3_simulations/turtlebot3_simulations) by extensions ['ros']
[1.694s] Level 1:colcon.colcon_core.package_identification:_identify(/home/anthony/Desktop/Assignment10.1/src/turtlebot3_simulations/turtlebot3_simulations) by extension 'ros'
[1.697s] DEBUG:colcon.colcon_core.package_identification:Package '/home/anthony/Desktop/Assignment10.1/src/turtlebot3_simulations/turtlebot3_simulations' with type 'ros.ament_cmake' and name 'turtlebot3_simulations'
[1.697s] Level 1:colcon.colcon_core.package_discovery:discover_packages(recursive) using defaults
