[0.029s] Invoking command in '/home/anthony/Desktop/Assignment10.1/build/turtlebot3_navigation': /usr/bin/cmake --build /home/anthony/Desktop/Assignment10.1/build/turtlebot3_navigation -- -j3 -l3
[0.253s] [ 50%] Built target wall_finder_server
[0.277s] [35m[1mConsolidate compiler generated dependencies of target robot_driver[0m
[0.311s] [ 75%] [32mBuilding CXX object CMakeFiles/robot_driver.dir/src/robot_driver.cpp.o[0m
[15.170s] [100%] [32m[1mLinking CXX executable robot_driver[0m
[15.960s] [100%] Built target robot_driver
[15.987s] Invoked command in '/home/anthony/Desktop/Assignment10.1/build/turtlebot3_navigation' returned '0': /usr/bin/cmake --build /home/anthony/Desktop/Assignment10.1/build/turtlebot3_navigation -- -j3 -l3
[16.068s] Invoking command in '/home/anthony/Desktop/Assignment10.1/build/turtlebot3_navigation': /usr/bin/cmake --install /home/anthony/Desktop/Assignment10.1/build/turtlebot3_navigation
[16.084s] -- Install configuration: ""
[16.087s] -- Execute custom install script
[16.090s] -- Up-to-date symlink: /home/anthony/Desktop/Assignment10.1/install/turtlebot3_navigation/lib/turtlebot3_navigation/wall_finder_server
[16.091s] -- Up-to-date symlink: /home/anthony/Desktop/Assignment10.1/install/turtlebot3_navigation/lib/turtlebot3_navigation/robot_driver
[16.095s] -- Up-to-date symlink: /home/anthony/Desktop/Assignment10.1/install/turtlebot3_navigation/share/turtlebot3_navigation/launch/wall_follower_with_gazebo.py
[16.096s] -- Up-to-date symlink: /home/anthony/Desktop/Assignment10.1/install/turtlebot3_navigation/share/ament_index/resource_index/package_run_dependencies/turtlebot3_navigation
[16.098s] -- Up-to-date symlink: /home/anthony/Desktop/Assignment10.1/install/turtlebot3_navigation/share/ament_index/resource_index/parent_prefix_path/turtlebot3_navigation
[16.099s] -- Up-to-date symlink: /home/anthony/Desktop/Assignment10.1/install/turtlebot3_navigation/share/turtlebot3_navigation/environment/ament_prefix_path.sh
[16.100s] -- Up-to-date symlink: /home/anthony/Desktop/Assignment10.1/install/turtlebot3_navigation/share/turtlebot3_navigation/environment/ament_prefix_path.dsv
[16.101s] -- Up-to-date symlink: /home/anthony/Desktop/Assignment10.1/install/turtlebot3_navigation/share/turtlebot3_navigation/environment/path.sh
[16.102s] -- Up-to-date symlink: /home/anthony/Desktop/Assignment10.1/install/turtlebot3_navigation/share/turtlebot3_navigation/environment/path.dsv
[16.103s] -- Up-to-date symlink: /home/anthony/Desktop/Assignment10.1/install/turtlebot3_navigation/share/turtlebot3_navigation/local_setup.bash
[16.103s] -- Up-to-date symlink: /home/anthony/Desktop/Assignment10.1/install/turtlebot3_navigation/share/turtlebot3_navigation/local_setup.sh
[16.104s] -- Up-to-date symlink: /home/anthony/Desktop/Assignment10.1/install/turtlebot3_navigation/share/turtlebot3_navigation/local_setup.zsh
[16.104s] -- Up-to-date symlink: /home/anthony/Desktop/Assignment10.1/install/turtlebot3_navigation/share/turtlebot3_navigation/local_setup.dsv
[16.105s] -- Symlinking: /home/anthony/Desktop/Assignment10.1/install/turtlebot3_navigation/share/turtlebot3_navigation/package.dsv
[16.121s] -- Up-to-date symlink: /home/anthony/Desktop/Assignment10.1/install/turtlebot3_navigation/share/ament_index/resource_index/packages/turtlebot3_navigation
[16.122s] -- Up-to-date symlink: /home/anthony/Desktop/Assignment10.1/install/turtlebot3_navigation/share/turtlebot3_navigation/cmake/turtlebot3_navigationConfig.cmake
[16.122s] -- Up-to-date symlink: /home/anthony/Desktop/Assignment10.1/install/turtlebot3_navigation/share/turtlebot3_navigation/cmake/turtlebot3_navigationConfig-version.cmake
[16.123s] -- Up-to-date symlink: /home/anthony/Desktop/Assignment10.1/install/turtlebot3_navigation/share/turtlebot3_navigation/package.xml
[16.127s] Invoked command in '/home/anthony/Desktop/Assignment10.1/build/turtlebot3_navigation' returned '0': /usr/bin/cmake --install /home/anthony/Desktop/Assignment10.1/build/turtlebot3_navigation
