[0.030s] Invoking command in '/home/anthony/Desktop/Assignment10.1/build/turtlebot3_navigation': /usr/bin/cmake --build /home/anthony/Desktop/Assignment10.1/build/turtlebot3_navigation -- -j3 -l3
[0.173s] [ 25%] Built target wall_finder_server
[0.175s] [ 37%] [32mBuilding CXX object CMakeFiles/robot_driver.dir/src/robot_driver.cpp.o[0m
[0.176s] [ 62%] Built target lap_time_server
[0.192s] [35m[1mConsolidate compiler generated dependencies of target lap_time_client[0m
[0.221s] [ 87%] Built target lap_time_client
[4.794s] [01m[K/home/anthony/Desktop/Assignment10.1/src/turtlebot3_navigation/src/robot_driver.cpp:[m[K In member function ‘[01m[Kvoid RobotDriver::handle_lap_starting_time(std::shared_ptr<turtlebot3_interfaces::srv::LapStartingTime_Request_<std::allocator<void> > >, std::shared_ptr<turtlebot3_interfaces::srv::LapStartingTime_Response_<std::allocator<void> > >)[m[K’:
[4.794s] [01m[K/home/anthony/Desktop/Assignment10.1/src/turtlebot3_navigation/src/robot_driver.cpp:57:120:[m[K [01;35m[Kwarning: [m[Kunused parameter ‘[01m[Krequest[m[K’ [[01;35m[K]8;;https://gcc.gnu.org/onlinedocs/gcc/Warning-Options.html#index-Wunused-parameter-Wunused-parameter]8;;[m[K]
[4.795s]    57 | void RobotDriver::handle_lap_starting_time([01;35m[Kconst std::shared_ptr<turtlebot3_interfaces::srv::LapStartingTime::Request> request[m[K,
[4.795s]       |                                            [01;35m[K~~~~~~~~~~~~~~~~~~~~~~~~~~~~~~~~~~~~~~~~~~~~~~~~~~~~~~~~~~~~~~~~~~~~~~~~~~~~^~~~~~~[m[K
[17.612s] [100%] [32m[1mLinking CXX executable robot_driver[0m
[18.702s] [100%] Built target robot_driver
[18.725s] Invoked command in '/home/anthony/Desktop/Assignment10.1/build/turtlebot3_navigation' returned '0': /usr/bin/cmake --build /home/anthony/Desktop/Assignment10.1/build/turtlebot3_navigation -- -j3 -l3
[18.814s] Invoking command in '/home/anthony/Desktop/Assignment10.1/build/turtlebot3_navigation': /usr/bin/cmake --install /home/anthony/Desktop/Assignment10.1/build/turtlebot3_navigation
[18.833s] -- Install configuration: ""
[18.835s] -- Up-to-date: /home/anthony/Desktop/Assignment10.1/install/turtlebot3_navigation/lib/turtlebot3_navigation/lap_time_server
[18.838s] -- Up-to-date: /home/anthony/Desktop/Assignment10.1/install/turtlebot3_navigation/lib/turtlebot3_navigation/lap_time_client
[18.838s] -- Up-to-date: /home/anthony/Desktop/Assignment10.1/install/turtlebot3_navigation/share/turtlebot3_navigation/launch
[18.846s] -- Installing: /home/anthony/Desktop/Assignment10.1/install/turtlebot3_navigation/share/turtlebot3_navigation/package.dsv
[18.854s] Invoked command in '/home/anthony/Desktop/Assignment10.1/build/turtlebot3_navigation' returned '0': /usr/bin/cmake --install /home/anthony/Desktop/Assignment10.1/build/turtlebot3_navigation
