[0.076s] Invoking command in '/home/anthony/Desktop/Assignment10.1/build/turtlebot3_navigation': /usr/bin/cmake --build /home/anthony/Desktop/Assignment10.1/build/turtlebot3_navigation -- -j3 -l3
[0.404s] [35m[1mConsolidate compiler generated dependencies of target robot_driver[0m
[0.474s] [ 50%] Built target wall_finder_server
[0.504s] [ 75%] [32mBuilding CXX object CMakeFiles/robot_driver.dir/src/robot_driver.cpp.o[0m
[45.041s] [100%] [32m[1mLinking CXX executable robot_driver[0m
[47.399s] [100%] Built target robot_driver
[47.464s] Invoked command in '/home/anthony/Desktop/Assignment10.1/build/turtlebot3_navigation' returned '0': /usr/bin/cmake --build /home/anthony/Desktop/Assignment10.1/build/turtlebot3_navigation -- -j3 -l3
[47.671s] Invoking command in '/home/anthony/Desktop/Assignment10.1/build/turtlebot3_navigation': /usr/bin/cmake --install /home/anthony/Desktop/Assignment10.1/build/turtlebot3_navigation
[47.713s] -- Install configuration: ""
[47.716s] -- Execute custom install script
[47.718s] -- Up-to-date symlink: /home/anthony/Desktop/Assignment10.1/install/turtlebot3_navigation/lib/turtlebot3_navigation/wall_finder_server
[47.719s] -- Up-to-date symlink: /home/anthony/Desktop/Assignment10.1/install/turtlebot3_navigation/lib/turtlebot3_navigation/robot_driver
[47.726s] -- Up-to-date symlink: /home/anthony/Desktop/Assignment10.1/install/turtlebot3_navigation/share/turtlebot3_navigation/launch/wall_follower_with_gazebo.py
[47.730s] -- Up-to-date symlink: /home/anthony/Desktop/Assignment10.1/install/turtlebot3_navigation/share/ament_index/resource_index/package_run_dependencies/turtlebot3_navigation
[47.730s] -- Up-to-date symlink: /home/anthony/Desktop/Assignment10.1/install/turtlebot3_navigation/share/ament_index/resource_index/parent_prefix_path/turtlebot3_navigation
[47.731s] -- Up-to-date symlink: /home/anthony/Desktop/Assignment10.1/install/turtlebot3_navigation/share/turtlebot3_navigation/environment/ament_prefix_path.sh
[47.732s] -- Up-to-date symlink: /home/anthony/Desktop/Assignment10.1/install/turtlebot3_navigation/share/turtlebot3_navigation/environment/ament_prefix_path.dsv
[47.734s] -- Up-to-date symlink: /home/anthony/Desktop/Assignment10.1/install/turtlebot3_navigation/share/turtlebot3_navigation/environment/path.sh
[47.735s] -- Up-to-date symlink: /home/anthony/Desktop/Assignment10.1/install/turtlebot3_navigation/share/turtlebot3_navigation/environment/path.dsv
[47.736s] -- Up-to-date symlink: /home/anthony/Desktop/Assignment10.1/install/turtlebot3_navigation/share/turtlebot3_navigation/local_setup.bash
[47.738s] -- Up-to-date symlink: /home/anthony/Desktop/Assignment10.1/install/turtlebot3_navigation/share/turtlebot3_navigation/local_setup.sh
[47.740s] -- Up-to-date symlink: /home/anthony/Desktop/Assignment10.1/install/turtlebot3_navigation/share/turtlebot3_navigation/local_setup.zsh
[47.749s] -- Up-to-date symlink: /home/anthony/Desktop/Assignment10.1/install/turtlebot3_navigation/share/turtlebot3_navigation/local_setup.dsv
[47.749s] -- Symlinking: /home/anthony/Desktop/Assignment10.1/install/turtlebot3_navigation/share/turtlebot3_navigation/package.dsv
[47.816s] -- Up-to-date symlink: /home/anthony/Desktop/Assignment10.1/install/turtlebot3_navigation/share/ament_index/resource_index/packages/turtlebot3_navigation
[47.818s] -- Up-to-date symlink: /home/anthony/Desktop/Assignment10.1/install/turtlebot3_navigation/share/turtlebot3_navigation/cmake/turtlebot3_navigationConfig.cmake
[47.819s] -- Up-to-date symlink: /home/anthony/Desktop/Assignment10.1/install/turtlebot3_navigation/share/turtlebot3_navigation/cmake/turtlebot3_navigationConfig-version.cmake
[47.824s] -- Up-to-date symlink: /home/anthony/Desktop/Assignment10.1/install/turtlebot3_navigation/share/turtlebot3_navigation/package.xml
[47.831s] Invoked command in '/home/anthony/Desktop/Assignment10.1/build/turtlebot3_navigation' returned '0': /usr/bin/cmake --install /home/anthony/Desktop/Assignment10.1/build/turtlebot3_navigation
