[35m[1mConsolidate compiler generated dependencies of target robot_driver[0m
[ 12%] [32mBuilding CXX object CMakeFiles/lap_time_server.dir/src/lap_time_server.cpp.o[0m
[ 25%] [32mBuilding CXX object CMakeFiles/robot_driver.dir/src/robot_driver.cpp.o[0m
[ 37%] [32mBuilding CXX object CMakeFiles/wall_finder_server.dir/src/wall_finder_server.cpp.o[0m
[ 50%] [32m[1mLinking CXX executable lap_time_server[0m
[ 62%] [32m[1mLinking CXX executable wall_finder_server[0m
[ 62%] Built target lap_time_server
[ 62%] Built target wall_finder_server
[ 75%] [32mBuilding CXX object CMakeFiles/lap_time_client.dir/src/lap_time_client.cpp.o[0m
[ 87%] [32m[1mLinking CXX executable robot_driver[0m
[ 87%] Built target robot_driver
[100%] [32m[1mLinking CXX executable lap_time_client[0m
[100%] Built target lap_time_client
-- Install configuration: ""
-- Installing: /home/anthony/Desktop/Assignment10.1/install/turtlebot3_navigation/lib/turtlebot3_navigation/lap_time_server
-- Set runtime path of "/home/anthony/Desktop/Assignment10.1/install/turtlebot3_navigation/lib/turtlebot3_navigation/lap_time_server" to ""
-- Installing: /home/anthony/Desktop/Assignment10.1/install/turtlebot3_navigation/lib/turtlebot3_navigation/lap_time_client
-- Set runtime path of "/home/anthony/Desktop/Assignment10.1/install/turtlebot3_navigation/lib/turtlebot3_navigation/lap_time_client" to ""
-- Up-to-date: /home/anthony/Desktop/Assignment10.1/install/turtlebot3_navigation/share/turtlebot3_navigation/launch
-- Installing: /home/anthony/Desktop/Assignment10.1/install/turtlebot3_navigation/share/turtlebot3_navigation/package.dsv
