[0.022s] Invoking command in '/home/anthony/Desktop/Assignment10.1/build/turtlebot3_navigation': /usr/bin/cmake --build /home/anthony/Desktop/Assignment10.1/build/turtlebot3_navigation -- -j3 -l3
[0.196s] [35m[1mConsolidate compiler generated dependencies of target robot_driver[0m
[0.224s] [ 12%] [32mBuilding CXX object CMakeFiles/lap_time_server.dir/src/lap_time_server.cpp.o[0m
[0.226s] [ 25%] [32mBuilding CXX object CMakeFiles/robot_driver.dir/src/robot_driver.cpp.o[0m
[0.235s] [ 37%] [32mBuilding CXX object CMakeFiles/wall_finder_server.dir/src/wall_finder_server.cpp.o[0m
[18.800s] [ 50%] [32m[1mLinking CXX executable lap_time_server[0m
[19.040s] [ 62%] [32m[1mLinking CXX executable wall_finder_server[0m
[19.845s] [ 62%] Built target lap_time_server
[19.928s] [ 62%] Built target wall_finder_server
[19.956s] [ 75%] [32mBuilding CXX object CMakeFiles/lap_time_client.dir/src/lap_time_client.cpp.o[0m
[20.058s] [ 87%] [32m[1mLinking CXX executable robot_driver[0m
[21.151s] [ 87%] Built target robot_driver
[27.834s] [100%] [32m[1mLinking CXX executable lap_time_client[0m
[28.188s] [100%] Built target lap_time_client
[28.226s] Invoked command in '/home/anthony/Desktop/Assignment10.1/build/turtlebot3_navigation' returned '0': /usr/bin/cmake --build /home/anthony/Desktop/Assignment10.1/build/turtlebot3_navigation -- -j3 -l3
[28.330s] Invoking command in '/home/anthony/Desktop/Assignment10.1/build/turtlebot3_navigation': /usr/bin/cmake --install /home/anthony/Desktop/Assignment10.1/build/turtlebot3_navigation
[28.352s] -- Install configuration: ""
[28.359s] -- Installing: /home/anthony/Desktop/Assignment10.1/install/turtlebot3_navigation/lib/turtlebot3_navigation/lap_time_server
[28.368s] -- Set runtime path of "/home/anthony/Desktop/Assignment10.1/install/turtlebot3_navigation/lib/turtlebot3_navigation/lap_time_server" to ""
[28.371s] -- Installing: /home/anthony/Desktop/Assignment10.1/install/turtlebot3_navigation/lib/turtlebot3_navigation/lap_time_client
[28.372s] -- Set runtime path of "/home/anthony/Desktop/Assignment10.1/install/turtlebot3_navigation/lib/turtlebot3_navigation/lap_time_client" to ""
[28.373s] -- Up-to-date: /home/anthony/Desktop/Assignment10.1/install/turtlebot3_navigation/share/turtlebot3_navigation/launch
[28.384s] -- Installing: /home/anthony/Desktop/Assignment10.1/install/turtlebot3_navigation/share/turtlebot3_navigation/package.dsv
[28.390s] Invoked command in '/home/anthony/Desktop/Assignment10.1/build/turtlebot3_navigation' returned '0': /usr/bin/cmake --install /home/anthony/Desktop/Assignment10.1/build/turtlebot3_navigation
