[0.542s] DEBUG:colcon:Command line arguments: ['/usr/bin/colcon', 'build', '--packages-select', 'turtlebot3_navigation']
[0.543s] DEBUG:colcon:Parsed command line arguments: Namespace(log_base=None, log_level=None, verb_name='build', build_base='build', install_base='install', merge_install=False, symlink_install=False, test_result_base=None, continue_on_error=False, executor='parallel', parallel_workers=3, event_handlers=None, ignore_user_meta=False, metas=['./colcon.meta'], base_paths=['.'], packages_ignore=None, packages_ignore_regex=None, paths=None, packages_up_to=None, packages_up_to_regex=None, packages_above=None, packages_above_and_dependencies=None, packages_above_depth=None, packages_select_by_dep=None, packages_skip_by_dep=None, packages_skip_up_to=None, packages_select_build_failed=False, packages_skip_build_finished=False, packages_select_test_failures=False, packages_skip_test_passed=False, packages_select=['turtlebot3_navigation'], packages_skip=None, packages_select_regex=None, packages_skip_regex=None, packages_start=None, packages_end=None, allow_overriding=[], cmake_args=None, cmake_target=None, cmake_target_skip_unavailable=False, cmake_clean_cache=False, cmake_clean_first=False, cmake_force_configure=False, ament_cmake_args=None, catkin_cmake_args=None, catkin_skip_building_tests=False, verb_parser=<colcon_defaults.argument_parser.defaults.DefaultArgumentsDecorator object at 0x7039d1c447f0>, verb_extension=<colcon_core.verb.build.BuildVerb object at 0x7039d1c442e0>, main=<bound method BuildVerb.main of <colcon_core.verb.build.BuildVerb object at 0x7039d1c442e0>>)
[1.469s] Level 1:colcon.colcon_core.package_discovery:discover_packages(colcon_meta) check parameters
[1.470s] Level 1:colcon.colcon_core.package_discovery:discover_packages(recursive) check parameters
[1.470s] Level 1:colcon.colcon_core.package_discovery:discover_packages(ignore) check parameters
[1.471s] Level 1:colcon.colcon_core.package_discovery:discover_packages(path) check parameters
[1.471s] Level 1:colcon.colcon_core.package_discovery:discover_packages(colcon_meta) discover
[1.472s] Level 1:colcon.colcon_core.package_discovery:discover_packages(recursive) discover
[1.472s] INFO:colcon.colcon_core.package_discovery:Crawling recursively for packages in '/home/anthony/Desktop/Assignment10.1'
[1.474s] Level 1:colcon.colcon_core.package_identification:_identify(.) by extensions ['ignore', 'ignore_ament_install']
[1.475s] Level 1:colcon.colcon_core.package_identification:_identify(.) by extension 'ignore'
[1.475s] Level 1:colcon.colcon_core.package_identification:_identify(.) by extension 'ignore_ament_install'
[1.475s] Level 1:colcon.colcon_core.package_identification:_identify(.) by extensions ['colcon_pkg']
[1.475s] Level 1:colcon.colcon_core.package_identification:_identify(.) by extension 'colcon_pkg'
[1.476s] Level 1:colcon.colcon_core.package_identification:_identify(.) by extensions ['colcon_meta']
[1.476s] Level 1:colcon.colcon_core.package_identification:_identify(.) by extension 'colcon_meta'
[1.476s] Level 1:colcon.colcon_core.package_identification:_identify(.) by extensions ['ros']
[1.476s] Level 1:colcon.colcon_core.package_identification:_identify(.) by extension 'ros'
[1.541s] Level 1:colcon.colcon_core.package_identification:_identify(.) by extensions ['cmake', 'python']
[1.542s] Level 1:colcon.colcon_core.package_identification:_identify(.) by extension 'cmake'
[1.542s] Level 1:colcon.colcon_core.package_identification:_identify(.) by extension 'python'
[1.542s] Level 1:colcon.colcon_core.package_identification:_identify(.) by extensions ['python_setup_py']
[1.542s] Level 1:colcon.colcon_core.package_identification:_identify(.) by extension 'python_setup_py'
[1.543s] Level 1:colcon.colcon_core.package_identification:_identify(build) by extensions ['ignore', 'ignore_ament_install']
[1.544s] Level 1:colcon.colcon_core.package_identification:_identify(build) by extension 'ignore'
[1.544s] Level 1:colcon.colcon_core.package_identification:_identify(build) ignored
[1.545s] Level 1:colcon.colcon_core.package_identification:_identify(install) by extensions ['ignore', 'ignore_ament_install']
[1.545s] Level 1:colcon.colcon_core.package_identification:_identify(install) by extension 'ignore'
[1.545s] Level 1:colcon.colcon_core.package_identification:_identify(install) ignored
[1.546s] Level 1:colcon.colcon_core.package_identification:_identify(log) by extensions ['ignore', 'ignore_ament_install']
[1.547s] Level 1:colcon.colcon_core.package_identification:_identify(log) by extension 'ignore'
[1.547s] Level 1:colcon.colcon_core.package_identification:_identify(log) ignored
[1.547s] Level 1:colcon.colcon_core.package_identification:_identify(src) by extensions ['ignore', 'ignore_ament_install']
[1.548s] Level 1:colcon.colcon_core.package_identification:_identify(src) by extension 'ignore'
[1.548s] Level 1:colcon.colcon_core.package_identification:_identify(src) by extension 'ignore_ament_install'
[1.548s] Level 1:colcon.colcon_core.package_identification:_identify(src) by extensions ['colcon_pkg']
[1.549s] Level 1:colcon.colcon_core.package_identification:_identify(src) by extension 'colcon_pkg'
[1.549s] Level 1:colcon.colcon_core.package_identification:_identify(src) by extensions ['colcon_meta']
[1.549s] Level 1:colcon.colcon_core.package_identification:_identify(src) by extension 'colcon_meta'
[1.549s] Level 1:colcon.colcon_core.package_identification:_identify(src) by extensions ['ros']
[1.549s] Level 1:colcon.colcon_core.package_identification:_identify(src) by extension 'ros'
[1.550s] Level 1:colcon.colcon_core.package_identification:_identify(src) by extensions ['cmake', 'python']
[1.550s] Level 1:colcon.colcon_core.package_identification:_identify(src) by extension 'cmake'
[1.551s] Level 1:colcon.colcon_core.package_identification:_identify(src) by extension 'python'
[1.551s] Level 1:colcon.colcon_core.package_identification:_identify(src) by extensions ['python_setup_py']
[1.551s] Level 1:colcon.colcon_core.package_identification:_identify(src) by extension 'python_setup_py'
[1.552s] Level 1:colcon.colcon_core.package_identification:_identify(src/turtlebot3_interfaces) by extensions ['ignore', 'ignore_ament_install']
[1.552s] Level 1:colcon.colcon_core.package_identification:_identify(src/turtlebot3_interfaces) by extension 'ignore'
[1.553s] Level 1:colcon.colcon_core.package_identification:_identify(src/turtlebot3_interfaces) by extension 'ignore_ament_install'
[1.553s] Level 1:colcon.colcon_core.package_identification:_identify(src/turtlebot3_interfaces) by extensions ['colcon_pkg']
[1.553s] Level 1:colcon.colcon_core.package_identification:_identify(src/turtlebot3_interfaces) by extension 'colcon_pkg'
[1.553s] Level 1:colcon.colcon_core.package_identification:_identify(src/turtlebot3_interfaces) by extensions ['colcon_meta']
[1.553s] Level 1:colcon.colcon_core.package_identification:_identify(src/turtlebot3_interfaces) by extension 'colcon_meta'
[1.553s] Level 1:colcon.colcon_core.package_identification:_identify(src/turtlebot3_interfaces) by extensions ['ros']
[1.554s] Level 1:colcon.colcon_core.package_identification:_identify(src/turtlebot3_interfaces) by extension 'ros'
[1.567s] DEBUG:colcon.colcon_core.package_identification:Package 'src/turtlebot3_interfaces' with type 'ros.ament_cmake' and name 'turtlebot3_interfaces'
[1.568s] Level 1:colcon.colcon_core.package_identification:_identify(src/turtlebot3_navigation) by extensions ['ignore', 'ignore_ament_install']
[1.568s] Level 1:colcon.colcon_core.package_identification:_identify(src/turtlebot3_navigation) by extension 'ignore'
[1.569s] Level 1:colcon.colcon_core.package_identification:_identify(src/turtlebot3_navigation) by extension 'ignore_ament_install'
[1.569s] Level 1:colcon.colcon_core.package_identification:_identify(src/turtlebot3_navigation) by extensions ['colcon_pkg']
[1.569s] Level 1:colcon.colcon_core.package_identification:_identify(src/turtlebot3_navigation) by extension 'colcon_pkg'
[1.569s] Level 1:colcon.colcon_core.package_identification:_identify(src/turtlebot3_navigation) by extensions ['colcon_meta']
[1.569s] Level 1:colcon.colcon_core.package_identification:_identify(src/turtlebot3_navigation) by extension 'colcon_meta'
[1.570s] Level 1:colcon.colcon_core.package_identification:_identify(src/turtlebot3_navigation) by extensions ['ros']
[1.570s] Level 1:colcon.colcon_core.package_identification:_identify(src/turtlebot3_navigation) by extension 'ros'
[1.579s] DEBUG:colcon.colcon_core.package_identification:Package 'src/turtlebot3_navigation' with type 'ros.ament_cmake' and name 'turtlebot3_navigation'
[1.580s] Level 1:colcon.colcon_core.package_identification:_identify(src/turtlebot3_simulations) by extensions ['ignore', 'ignore_ament_install']
[1.580s] Level 1:colcon.colcon_core.package_identification:_identify(src/turtlebot3_simulations) by extension 'ignore'
[1.581s] Level 1:colcon.colcon_core.package_identification:_identify(src/turtlebot3_simulations) by extension 'ignore_ament_install'
[1.581s] Level 1:colcon.colcon_core.package_identification:_identify(src/turtlebot3_simulations) by extensions ['colcon_pkg']
[1.581s] Level 1:colcon.colcon_core.package_identification:_identify(src/turtlebot3_simulations) by extension 'colcon_pkg'
[1.581s] Level 1:colcon.colcon_core.package_identification:_identify(src/turtlebot3_simulations) by extensions ['colcon_meta']
[1.582s] Level 1:colcon.colcon_core.package_identification:_identify(src/turtlebot3_simulations) by extension 'colcon_meta'
[1.584s] Level 1:colcon.colcon_core.package_identification:_identify(src/turtlebot3_simulations) by extensions ['ros']
[1.584s] Level 1:colcon.colcon_core.package_identification:_identify(src/turtlebot3_simulations) by extension 'ros'
[1.584s] Level 1:colcon.colcon_core.package_identification:_identify(src/turtlebot3_simulations) by extensions ['cmake', 'python']
[1.585s] Level 1:colcon.colcon_core.package_identification:_identify(src/turtlebot3_simulations) by extension 'cmake'
[1.588s] Level 1:colcon.colcon_core.package_identification:_identify(src/turtlebot3_simulations) by extension 'python'
[1.588s] Level 1:colcon.colcon_core.package_identification:_identify(src/turtlebot3_simulations) by extensions ['python_setup_py']
[1.589s] Level 1:colcon.colcon_core.package_identification:_identify(src/turtlebot3_simulations) by extension 'python_setup_py'
[1.590s] Level 1:colcon.colcon_core.package_identification:_identify(src/turtlebot3_simulations/turtlebot3_fake_node) by extensions ['ignore', 'ignore_ament_install']
[1.591s] Level 1:colcon.colcon_core.package_identification:_identify(src/turtlebot3_simulations/turtlebot3_fake_node) by extension 'ignore'
[1.591s] Level 1:colcon.colcon_core.package_identification:_identify(src/turtlebot3_simulations/turtlebot3_fake_node) by extension 'ignore_ament_install'
[1.592s] Level 1:colcon.colcon_core.package_identification:_identify(src/turtlebot3_simulations/turtlebot3_fake_node) by extensions ['colcon_pkg']
[1.592s] Level 1:colcon.colcon_core.package_identification:_identify(src/turtlebot3_simulations/turtlebot3_fake_node) by extension 'colcon_pkg'
[1.592s] Level 1:colcon.colcon_core.package_identification:_identify(src/turtlebot3_simulations/turtlebot3_fake_node) by extensions ['colcon_meta']
[1.592s] Level 1:colcon.colcon_core.package_identification:_identify(src/turtlebot3_simulations/turtlebot3_fake_node) by extension 'colcon_meta'
[1.592s] Level 1:colcon.colcon_core.package_identification:_identify(src/turtlebot3_simulations/turtlebot3_fake_node) by extensions ['ros']
[1.592s] Level 1:colcon.colcon_core.package_identification:_identify(src/turtlebot3_simulations/turtlebot3_fake_node) by extension 'ros'
[1.597s] DEBUG:colcon.colcon_core.package_identification:Package 'src/turtlebot3_simulations/turtlebot3_fake_node' with type 'ros.ament_cmake' and name 'turtlebot3_fake_node'
[1.597s] Level 1:colcon.colcon_core.package_identification:_identify(src/turtlebot3_simulations/turtlebot3_gazebo) by extensions ['ignore', 'ignore_ament_install']
[1.598s] Level 1:colcon.colcon_core.package_identification:_identify(src/turtlebot3_simulations/turtlebot3_gazebo) by extension 'ignore'
[1.598s] Level 1:colcon.colcon_core.package_identification:_identify(src/turtlebot3_simulations/turtlebot3_gazebo) by extension 'ignore_ament_install'
[1.598s] Level 1:colcon.colcon_core.package_identification:_identify(src/turtlebot3_simulations/turtlebot3_gazebo) by extensions ['colcon_pkg']
[1.598s] Level 1:colcon.colcon_core.package_identification:_identify(src/turtlebot3_simulations/turtlebot3_gazebo) by extension 'colcon_pkg'
[1.598s] Level 1:colcon.colcon_core.package_identification:_identify(src/turtlebot3_simulations/turtlebot3_gazebo) by extensions ['colcon_meta']
[1.598s] Level 1:colcon.colcon_core.package_identification:_identify(src/turtlebot3_simulations/turtlebot3_gazebo) by extension 'colcon_meta'
[1.599s] Level 1:colcon.colcon_core.package_identification:_identify(src/turtlebot3_simulations/turtlebot3_gazebo) by extensions ['ros']
[1.599s] Level 1:colcon.colcon_core.package_identification:_identify(src/turtlebot3_simulations/turtlebot3_gazebo) by extension 'ros'
[1.602s] DEBUG:colcon.colcon_core.package_identification:Package 'src/turtlebot3_simulations/turtlebot3_gazebo' with type 'ros.ament_cmake' and name 'turtlebot3_gazebo'
[1.603s] Level 1:colcon.colcon_core.package_identification:_identify(src/turtlebot3_simulations/turtlebot3_simulations) by extensions ['ignore', 'ignore_ament_install']
[1.603s] Level 1:colcon.colcon_core.package_identification:_identify(src/turtlebot3_simulations/turtlebot3_simulations) by extension 'ignore'
[1.603s] Level 1:colcon.colcon_core.package_identification:_identify(src/turtlebot3_simulations/turtlebot3_simulations) by extension 'ignore_ament_install'
[1.603s] Level 1:colcon.colcon_core.package_identification:_identify(src/turtlebot3_simulations/turtlebot3_simulations) by extensions ['colcon_pkg']
[1.603s] Level 1:colcon.colcon_core.package_identification:_identify(src/turtlebot3_simulations/turtlebot3_simulations) by extension 'colcon_pkg'
[1.603s] Level 1:colcon.colcon_core.package_identification:_identify(src/turtlebot3_simulations/turtlebot3_simulations) by extensions ['colcon_meta']
[1.603s] Level 1:colcon.colcon_core.package_identification:_identify(src/turtlebot3_simulations/turtlebot3_simulations) by extension 'colcon_meta'
[1.604s] Level 1:colcon.colcon_core.package_identification:_identify(src/turtlebot3_simulations/turtlebot3_simulations) by extensions ['ros']
[1.604s] Level 1:colcon.colcon_core.package_identification:_identify(src/turtlebot3_simulations/turtlebot3_simulations) by extension 'ros'
[1.606s] DEBUG:colcon.colcon_core.package_identification:Package 'src/turtlebot3_simulations/turtlebot3_simulations' with type 'ros.ament_cmake' and name 'turtlebot3_simulations'
[1.606s] Level 1:colcon.colcon_core.package_discovery:discover_packages(recursive) using defaults
[1.607s] Level 1:colcon.colcon_core.package_discovery:discover_packages(ignore) discover
[1.607s] Level 1:colcon.colcon_core.package_discovery:discover_packages(ignore) using defaults
[1.607s] Level 1:colcon.colcon_core.package_discovery:discover_packages(path) discover
[1.607s] Level 1:colcon.colcon_core.package_discovery:discover_packages(path) using defaults
[1.751s] INFO:colcon.colcon_core.package_selection:Skipping not selected package 'turtlebot3_fake_node' in 'src/turtlebot3_simulations/turtlebot3_fake_node'
[1.751s] INFO:colcon.colcon_core.package_selection:Skipping not selected package 'turtlebot3_gazebo' in 'src/turtlebot3_simulations/turtlebot3_gazebo'
[1.751s] INFO:colcon.colcon_core.package_selection:Skipping not selected package 'turtlebot3_interfaces' in 'src/turtlebot3_interfaces'
[1.751s] INFO:colcon.colcon_core.package_selection:Skipping not selected package 'turtlebot3_simulations' in 'src/turtlebot3_simulations/turtlebot3_simulations'
[1.752s] Level 1:colcon.colcon_core.package_discovery:discover_packages(prefix_path) check parameters
[1.752s] Level 1:colcon.colcon_core.package_discovery:discover_packages(prefix_path) discover
[1.773s] DEBUG:colcon.colcon_installed_package_information.package_discovery:Found 4 installed packages in /home/anthony/Desktop/Assignment10.1/install
[1.784s] DEBUG:colcon.colcon_installed_package_information.package_discovery:Found 352 installed packages in /opt/ros/humble
[1.830s] Level 1:colcon.colcon_core.package_discovery:discover_packages(prefix_path) using defaults
[2.059s] Level 5:colcon.colcon_core.verb:set package 'turtlebot3_navigation' build argument 'cmake_args' from command line to 'None'
[2.059s] Level 5:colcon.colcon_core.verb:set package 'turtlebot3_navigation' build argument 'cmake_target' from command line to 'None'
[2.060s] Level 5:colcon.colcon_core.verb:set package 'turtlebot3_navigation' build argument 'cmake_target_skip_unavailable' from command line to 'False'
[2.060s] Level 5:colcon.colcon_core.verb:set package 'turtlebot3_navigation' build argument 'cmake_clean_cache' from command line to 'False'
[2.060s] Level 5:colcon.colcon_core.verb:set package 'turtlebot3_navigation' build argument 'cmake_clean_first' from command line to 'False'
[2.060s] Level 5:colcon.colcon_core.verb:set package 'turtlebot3_navigation' build argument 'cmake_force_configure' from command line to 'False'
[2.060s] Level 5:colcon.colcon_core.verb:set package 'turtlebot3_navigation' build argument 'ament_cmake_args' from command line to 'None'
[2.060s] Level 5:colcon.colcon_core.verb:set package 'turtlebot3_navigation' build argument 'catkin_cmake_args' from command line to 'None'
[2.060s] Level 5:colcon.colcon_core.verb:set package 'turtlebot3_navigation' build argument 'catkin_skip_building_tests' from command line to 'False'
[2.061s] DEBUG:colcon.colcon_core.verb:Building package 'turtlebot3_navigation' with the following arguments: {'ament_cmake_args': None, 'build_base': '/home/anthony/Desktop/Assignment10.1/build/turtlebot3_navigation', 'catkin_cmake_args': None, 'catkin_skip_building_tests': False, 'cmake_args': None, 'cmake_clean_cache': False, 'cmake_clean_first': False, 'cmake_force_configure': False, 'cmake_target': None, 'cmake_target_skip_unavailable': False, 'install_base': '/home/anthony/Desktop/Assignment10.1/install/turtlebot3_navigation', 'merge_install': False, 'path': '/home/anthony/Desktop/Assignment10.1/src/turtlebot3_navigation', 'symlink_install': False, 'test_result_base': None}
[2.062s] INFO:colcon.colcon_core.executor:Executing jobs using 'parallel' executor
[2.071s] DEBUG:colcon.colcon_parallel_executor.executor.parallel:run_until_complete
[2.072s] INFO:colcon.colcon_ros.task.ament_cmake.build:Building ROS package in '/home/anthony/Desktop/Assignment10.1/src/turtlebot3_navigation' with build type 'ament_cmake'
[2.073s] INFO:colcon.colcon_cmake.task.cmake.build:Building CMake package in '/home/anthony/Desktop/Assignment10.1/src/turtlebot3_navigation'
[2.083s] INFO:colcon.colcon_core.plugin_system:Skipping extension 'colcon_core.shell.bat': Not used on non-Windows systems
[2.086s] INFO:colcon.colcon_core.shell:Skip shell extension 'powershell' for command environment: Not usable outside of PowerShell
[2.087s] DEBUG:colcon.colcon_core.shell:Skip shell extension 'dsv' for command environment
[2.256s] DEBUG:colcon.colcon_core.event_handler.log_command:Invoking command in '/home/anthony/Desktop/Assignment10.1/build/turtlebot3_navigation': /usr/bin/cmake --build /home/anthony/Desktop/Assignment10.1/build/turtlebot3_navigation -- -j3 -l3
[23.946s] DEBUG:colcon.colcon_core.event_handler.log_command:Invoked command in '/home/anthony/Desktop/Assignment10.1/build/turtlebot3_navigation' returned '0': /usr/bin/cmake --build /home/anthony/Desktop/Assignment10.1/build/turtlebot3_navigation -- -j3 -l3
[24.151s] DEBUG:colcon.colcon_core.event_handler.log_command:Invoking command in '/home/anthony/Desktop/Assignment10.1/build/turtlebot3_navigation': /usr/bin/cmake --install /home/anthony/Desktop/Assignment10.1/build/turtlebot3_navigation
[24.192s] Level 1:colcon.colcon_core.environment:create_environment_scripts_only(turtlebot3_navigation)
[24.195s] DEBUG:colcon.colcon_core.event_handler.log_command:Invoked command in '/home/anthony/Desktop/Assignment10.1/build/turtlebot3_navigation' returned '0': /usr/bin/cmake --install /home/anthony/Desktop/Assignment10.1/build/turtlebot3_navigation
[24.205s] Level 1:colcon.colcon_core.environment:checking '/home/anthony/Desktop/Assignment10.1/install/turtlebot3_navigation' for CMake module files
[24.208s] Level 1:colcon.colcon_core.environment:checking '/home/anthony/Desktop/Assignment10.1/install/turtlebot3_navigation' for CMake config files
[24.209s] Level 1:colcon.colcon_core.shell:create_environment_hook('turtlebot3_navigation', 'cmake_prefix_path')
[24.210s] INFO:colcon.colcon_core.shell:Creating environment hook '/home/anthony/Desktop/Assignment10.1/install/turtlebot3_navigation/share/turtlebot3_navigation/hook/cmake_prefix_path.ps1'
[24.213s] INFO:colcon.colcon_core.shell:Creating environment descriptor '/home/anthony/Desktop/Assignment10.1/install/turtlebot3_navigation/share/turtlebot3_navigation/hook/cmake_prefix_path.dsv'
[24.216s] INFO:colcon.colcon_core.shell:Creating environment hook '/home/anthony/Desktop/Assignment10.1/install/turtlebot3_navigation/share/turtlebot3_navigation/hook/cmake_prefix_path.sh'
[24.220s] Level 1:colcon.colcon_core.environment:checking '/home/anthony/Desktop/Assignment10.1/install/turtlebot3_navigation/lib'
[24.221s] Level 1:colcon.colcon_core.environment:checking '/home/anthony/Desktop/Assignment10.1/install/turtlebot3_navigation/bin'
[24.221s] Level 1:colcon.colcon_core.environment:checking '/home/anthony/Desktop/Assignment10.1/install/turtlebot3_navigation/lib/pkgconfig/turtlebot3_navigation.pc'
[24.222s] Level 1:colcon.colcon_core.environment:checking '/home/anthony/Desktop/Assignment10.1/install/turtlebot3_navigation/lib/python3.10/site-packages'
[24.224s] Level 1:colcon.colcon_core.environment:checking '/home/anthony/Desktop/Assignment10.1/install/turtlebot3_navigation/bin'
[24.225s] INFO:colcon.colcon_core.shell:Creating package script '/home/anthony/Desktop/Assignment10.1/install/turtlebot3_navigation/share/turtlebot3_navigation/package.ps1'
[24.229s] INFO:colcon.colcon_core.shell:Creating package descriptor '/home/anthony/Desktop/Assignment10.1/install/turtlebot3_navigation/share/turtlebot3_navigation/package.dsv'
[24.231s] INFO:colcon.colcon_core.shell:Creating package script '/home/anthony/Desktop/Assignment10.1/install/turtlebot3_navigation/share/turtlebot3_navigation/package.sh'
[24.235s] INFO:colcon.colcon_core.shell:Creating package script '/home/anthony/Desktop/Assignment10.1/install/turtlebot3_navigation/share/turtlebot3_navigation/package.bash'
[24.239s] INFO:colcon.colcon_core.shell:Creating package script '/home/anthony/Desktop/Assignment10.1/install/turtlebot3_navigation/share/turtlebot3_navigation/package.zsh'
[24.243s] Level 1:colcon.colcon_core.environment:create_file_with_runtime_dependencies(/home/anthony/Desktop/Assignment10.1/install/turtlebot3_navigation/share/colcon-core/packages/turtlebot3_navigation)
[24.396s] Level 1:colcon.colcon_core.environment:create_environment_scripts_only(turtlebot3_navigation)
[24.397s] Level 1:colcon.colcon_core.environment:checking '/home/anthony/Desktop/Assignment10.1/install/turtlebot3_navigation' for CMake module files
[24.399s] Level 1:colcon.colcon_core.environment:checking '/home/anthony/Desktop/Assignment10.1/install/turtlebot3_navigation' for CMake config files
[24.401s] Level 1:colcon.colcon_core.shell:create_environment_hook('turtlebot3_navigation', 'cmake_prefix_path')
[24.402s] INFO:colcon.colcon_core.shell:Creating environment hook '/home/anthony/Desktop/Assignment10.1/install/turtlebot3_navigation/share/turtlebot3_navigation/hook/cmake_prefix_path.ps1'
[24.404s] INFO:colcon.colcon_core.shell:Creating environment descriptor '/home/anthony/Desktop/Assignment10.1/install/turtlebot3_navigation/share/turtlebot3_navigation/hook/cmake_prefix_path.dsv'
[24.406s] INFO:colcon.colcon_core.shell:Creating environment hook '/home/anthony/Desktop/Assignment10.1/install/turtlebot3_navigation/share/turtlebot3_navigation/hook/cmake_prefix_path.sh'
[24.409s] Level 1:colcon.colcon_core.environment:checking '/home/anthony/Desktop/Assignment10.1/install/turtlebot3_navigation/lib'
[24.410s] Level 1:colcon.colcon_core.environment:checking '/home/anthony/Desktop/Assignment10.1/install/turtlebot3_navigation/bin'
[24.410s] Level 1:colcon.colcon_core.environment:checking '/home/anthony/Desktop/Assignment10.1/install/turtlebot3_navigation/lib/pkgconfig/turtlebot3_navigation.pc'
[24.411s] Level 1:colcon.colcon_core.environment:checking '/home/anthony/Desktop/Assignment10.1/install/turtlebot3_navigation/lib/python3.10/site-packages'
[24.412s] Level 1:colcon.colcon_core.environment:checking '/home/anthony/Desktop/Assignment10.1/install/turtlebot3_navigation/bin'
[24.414s] INFO:colcon.colcon_core.shell:Creating package script '/home/anthony/Desktop/Assignment10.1/install/turtlebot3_navigation/share/turtlebot3_navigation/package.ps1'
[24.418s] INFO:colcon.colcon_core.shell:Creating package descriptor '/home/anthony/Desktop/Assignment10.1/install/turtlebot3_navigation/share/turtlebot3_navigation/package.dsv'
[24.420s] INFO:colcon.colcon_core.shell:Creating package script '/home/anthony/Desktop/Assignment10.1/install/turtlebot3_navigation/share/turtlebot3_navigation/package.sh'
[24.422s] INFO:colcon.colcon_core.shell:Creating package script '/home/anthony/Desktop/Assignment10.1/install/turtlebot3_navigation/share/turtlebot3_navigation/package.bash'
[24.423s] INFO:colcon.colcon_core.shell:Creating package script '/home/anthony/Desktop/Assignment10.1/install/turtlebot3_navigation/share/turtlebot3_navigation/package.zsh'
[24.425s] Level 1:colcon.colcon_core.environment:create_file_with_runtime_dependencies(/home/anthony/Desktop/Assignment10.1/install/turtlebot3_navigation/share/colcon-core/packages/turtlebot3_navigation)
[24.426s] DEBUG:colcon.colcon_parallel_executor.executor.parallel:closing loop
[24.428s] DEBUG:colcon.colcon_parallel_executor.executor.parallel:loop closed
[24.429s] DEBUG:colcon.colcon_parallel_executor.executor.parallel:run_until_complete finished with '0'
[24.429s] DEBUG:colcon.colcon_core.event_reactor:joining thread
[24.453s] INFO:colcon.colcon_core.plugin_system:Skipping extension 'colcon_notification.desktop_notification.terminal_notifier': Not used on non-Darwin systems
[24.454s] INFO:colcon.colcon_core.plugin_system:Skipping extension 'colcon_notification.desktop_notification.win32': Not used on non-Windows systems
[24.454s] INFO:colcon.colcon_notification.desktop_notification:Sending desktop notification using 'notify2'
[24.515s] DEBUG:colcon.colcon_core.event_reactor:joined thread
[24.518s] INFO:colcon.colcon_core.shell:Creating prefix script '/home/anthony/Desktop/Assignment10.1/install/local_setup.ps1'
[24.523s] INFO:colcon.colcon_core.shell:Creating prefix util module '/home/anthony/Desktop/Assignment10.1/install/_local_setup_util_ps1.py'
[24.531s] INFO:colcon.colcon_core.shell:Creating prefix chain script '/home/anthony/Desktop/Assignment10.1/install/setup.ps1'
[24.538s] INFO:colcon.colcon_core.shell:Creating prefix script '/home/anthony/Desktop/Assignment10.1/install/local_setup.sh'
[24.542s] INFO:colcon.colcon_core.shell:Creating prefix util module '/home/anthony/Desktop/Assignment10.1/install/_local_setup_util_sh.py'
[24.544s] INFO:colcon.colcon_core.shell:Creating prefix chain script '/home/anthony/Desktop/Assignment10.1/install/setup.sh'
[24.553s] INFO:colcon.colcon_core.shell:Creating prefix script '/home/anthony/Desktop/Assignment10.1/install/local_setup.bash'
[24.556s] INFO:colcon.colcon_core.shell:Creating prefix chain script '/home/anthony/Desktop/Assignment10.1/install/setup.bash'
[24.561s] INFO:colcon.colcon_core.shell:Creating prefix script '/home/anthony/Desktop/Assignment10.1/install/local_setup.zsh'
[24.564s] INFO:colcon.colcon_core.shell:Creating prefix chain script '/home/anthony/Desktop/Assignment10.1/install/setup.zsh'
