[0.017s] Invoking command in '/home/anthony/Desktop/Assignment10.1/build/turtlebot3_gazebo': /usr/bin/cmake /home/anthony/Desktop/Assignment10.1/src/turtlebot3_simulations/turtlebot3_gazebo -DAMENT_CMAKE_SYMLINK_INSTALL=1 -DCMAKE_INSTALL_PREFIX=/home/anthony/Desktop/Assignment10.1/install/turtlebot3_gazebo
[0.138s] -- The C compiler identification is GNU 11.4.0
[0.265s] -- The CXX compiler identification is GNU 11.4.0
[0.283s] -- Detecting C compiler ABI info
[0.433s] -- Detecting C compiler ABI info - done
[0.450s] -- Check for working C compiler: /usr/bin/cc - skipped
[0.450s] -- Detecting C compile features
[0.451s] -- Detecting C compile features - done
[0.455s] -- Detecting CXX compiler ABI info
[0.576s] -- Detecting CXX compiler ABI info - done
[0.589s] -- Check for working CXX compiler: /usr/bin/c++ - skipped
[0.591s] -- Detecting CXX compile features
[0.591s] -- Detecting CXX compile features - done
[0.593s] -- Found ament_cmake: 1.3.9 (/opt/ros/humble/share/ament_cmake/cmake)
[0.797s] -- Found Python3: /usr/bin/python3 (found version "3.10.12") found components: Interpreter 
[0.901s] -- Override CMake install command with custom implementation using symlinks instead of copying resources
[0.969s] [33mCMake Warning (dev) at /usr/share/cmake-3.22/Modules/FindPackageHandleStandardArgs.cmake:438 (message):
[0.969s]   The package name passed to `find_package_handle_standard_args` (PkgConfig)
[0.969s]   does not match the name of the calling package (gazebo).  This can lead to
[0.969s]   problems in calling code that expects `find_package` result variables
[0.969s]   (e.g., `_FOUND`) to follow a certain pattern.
[0.969s] Call Stack (most recent call first):
[0.969s]   /usr/share/cmake-3.22/Modules/FindPkgConfig.cmake:99 (find_package_handle_standard_args)
[0.969s]   /usr/lib/x86_64-linux-gnu/cmake/gazebo/gazebo-config.cmake:72 (include)
[0.969s]   CMakeLists.txt:23 (find_package)
[0.969s] This warning is for project developers.  Use -Wno-dev to suppress it.
[0.969s] [0m
[0.969s] -- Found PkgConfig: /usr/bin/pkg-config (found version "0.29.2") 
[0.975s] -- Checking for module 'bullet>=2.82'
[0.995s] --   Found bullet, version 3.05
[1.200s] -- Found fcl: /usr/include (found suitable version "0.7.0", minimum required is "0.5.0") 
[1.300s] -- Found assimp: /usr/include (found version "5.2.0") 
[1.357s] -- Found DART: /usr/include (Required is at least version "6.6") found components: dart 
[1.661s] -- Found Boost: /usr/lib/x86_64-linux-gnu/cmake/Boost-1.74.0/BoostConfig.cmake (found suitable version "1.74.0", minimum required is "1.40.0") found components: thread system filesystem program_options regex iostreams date_time 
[1.698s] -- Found Protobuf: /usr/lib/x86_64-linux-gnu/libprotobuf.so (found version "3.12.4") 
[1.706s] -- Looking for ignition-math6 -- found version 6.15.1
[1.729s] -- Searching for dependencies of ignition-math6
[1.736s] -- Looking for OGRE...
[1.737s] -- OGRE_PREFIX_WATCH changed.
[1.751s] -- Checking for module 'OGRE'
[1.770s] --   Found OGRE, version 1.9.0
[1.826s] -- Found Ogre Ghadamon (1.9.0)
[1.857s] -- Found OGRE: optimized;/usr/lib/x86_64-linux-gnu/libOgreMain.so;debug;/usr/lib/x86_64-linux-gnu/libOgreMain.so
[1.869s] -- Looking for OGRE_Paging...
[1.890s] -- Found OGRE_Paging: optimized;/usr/lib/x86_64-linux-gnu/libOgrePaging.so;debug;/usr/lib/x86_64-linux-gnu/libOgrePaging.so
[1.890s] -- Looking for OGRE_Terrain...
[1.903s] -- Found OGRE_Terrain: optimized;/usr/lib/x86_64-linux-gnu/libOgreTerrain.so;debug;/usr/lib/x86_64-linux-gnu/libOgreTerrain.so
[1.903s] -- Looking for OGRE_Property...
[1.913s] -- Found OGRE_Property: optimized;/usr/lib/x86_64-linux-gnu/libOgreProperty.so;debug;/usr/lib/x86_64-linux-gnu/libOgreProperty.so
[1.913s] -- Looking for OGRE_RTShaderSystem...
[1.921s] -- Found OGRE_RTShaderSystem: optimized;/usr/lib/x86_64-linux-gnu/libOgreRTShaderSystem.so;debug;/usr/lib/x86_64-linux-gnu/libOgreRTShaderSystem.so
[1.922s] -- Looking for OGRE_Volume...
[1.928s] -- Found OGRE_Volume: optimized;/usr/lib/x86_64-linux-gnu/libOgreVolume.so;debug;/usr/lib/x86_64-linux-gnu/libOgreVolume.so
[1.929s] -- Looking for OGRE_Overlay...
[1.935s] -- Found OGRE_Overlay: optimized;/usr/lib/x86_64-linux-gnu/libOgreOverlay.so;debug;/usr/lib/x86_64-linux-gnu/libOgreOverlay.so
[2.235s] -- Looking for ignition-math6 -- found version 6.15.1
[2.239s] -- Looking for ignition-transport8 -- found version 8.2.1
[2.239s] -- Searching for dependencies of ignition-transport8
[2.266s] -- Found Protobuf: /usr/lib/x86_64-linux-gnu/libprotobuf.so (found suitable version "3.12.4", minimum required is "3") 
[2.282s] -- Config-file not installed for ZeroMQ -- checking for pkg-config
[2.287s] -- Checking for module 'libzmq >= 4'
[2.302s] --   Found libzmq , version 4.3.4
[2.356s] -- Found ZeroMQ: TRUE (Required is at least version "4") 
[2.366s] -- Checking for module 'uuid'
[2.382s] --   Found uuid, version 2.37.2
[2.481s] -- Found UUID: TRUE  
[2.488s] -- Looking for ignition-msgs5 -- found version 5.8.1
[2.490s] -- Searching for dependencies of ignition-msgs5
[2.546s] -- Looking for ignition-math6 -- found version 6.15.1
[2.558s] -- Checking for module 'tinyxml2'
[2.587s] --   Found tinyxml2, version 9.0.0
[2.693s] -- Looking for ignition-msgs5 -- found version 5.8.1
[2.702s] -- Looking for ignition-common3 -- found version 3.14.0
[2.704s] -- Searching for dependencies of ignition-common3
[2.705s] -- Looking for dlfcn.h - found
[2.707s] -- Looking for libdl - found
[2.710s] -- Found DL: TRUE  
[2.731s] -- Found tinyobjloader: /usr/lib/x86_64-linux-gnu/cmake/tinyobjloader/tinyobjloader-config.cmake (found version "2.0.0") 
[2.732s] -- Searching for <ignition-common3> component [graphics]
[2.737s] -- Looking for ignition-common3-graphics -- found version 3.14.0
[2.737s] -- Searching for dependencies of ignition-common3-graphics
[2.737s] -- Looking for ignition-math6 -- found version 6.15.1
[2.742s] -- Looking for ignition-fuel_tools4 -- found version 4.4.0
[2.743s] -- Searching for dependencies of ignition-fuel_tools4
[2.904s] -- Found CURL: /usr/lib/x86_64-linux-gnu/libcurl.so (found version "7.81.0")  
[2.927s] -- Checking for module 'jsoncpp'
[2.959s] --   Found jsoncpp, version 1.9.5
[3.035s] -- Found JSONCPP: TRUE  
[3.044s] -- Checking for module 'libzip'
[3.060s] --   Found libzip, version 1.7.3
[3.093s] -- Found ZIP: TRUE  
[3.094s] -- Looking for ignition-common3 -- found version 3.14.0
[3.094s] -- Looking for ignition-math6 -- found version 6.15.1
[3.095s] -- Looking for ignition-msgs5 -- found version 5.8.1
[3.106s] -- Found gazebo_ros_pkgs: 3.7.0 (/opt/ros/humble/share/gazebo_ros_pkgs/cmake)
[3.110s] -- Found geometry_msgs: 4.2.4 (/opt/ros/humble/share/geometry_msgs/cmake)
[3.149s] -- Found rosidl_generator_c: 3.1.5 (/opt/ros/humble/share/rosidl_generator_c/cmake)
[3.156s] -- Found rosidl_adapter: 3.1.5 (/opt/ros/humble/share/rosidl_adapter/cmake)
[3.167s] -- Found rosidl_generator_cpp: 3.1.5 (/opt/ros/humble/share/rosidl_generator_cpp/cmake)
[3.186s] -- Using all available rosidl_typesupport_c: rosidl_typesupport_fastrtps_c;rosidl_typesupport_introspection_c
[3.212s] -- Using all available rosidl_typesupport_cpp: rosidl_typesupport_fastrtps_cpp;rosidl_typesupport_introspection_cpp
[3.373s] -- Found nav_msgs: 4.2.4 (/opt/ros/humble/share/nav_msgs/cmake)
[3.463s] -- Found rclcpp: 16.0.9 (/opt/ros/humble/share/rclcpp/cmake)
[3.566s] -- Found rmw_implementation_cmake: 6.1.2 (/opt/ros/humble/share/rmw_implementation_cmake/cmake)
[3.571s] -- Found rmw_fastrtps_cpp: 6.2.6 (/opt/ros/humble/share/rmw_fastrtps_cpp/cmake)
[3.733s] -- Found OpenSSL: /usr/lib/x86_64-linux-gnu/libcrypto.so (found version "3.0.2")  
[3.770s] -- Found FastRTPS: /opt/ros/humble/include  
[3.882s] -- Using RMW implementation 'rmw_fastrtps_cpp' as default
[3.903s] -- Found Threads: TRUE  
[4.080s] -- Found sensor_msgs: 4.2.4 (/opt/ros/humble/share/sensor_msgs/cmake)
[4.185s] -- Found tf2: 0.25.7 (/opt/ros/humble/share/tf2/cmake)
[4.297s] -- Configuring done
[4.400s] -- Generating done
[4.406s] -- Build files have been written to: /home/anthony/Desktop/Assignment10.1/build/turtlebot3_gazebo
[4.427s] Invoked command in '/home/anthony/Desktop/Assignment10.1/build/turtlebot3_gazebo' returned '0': /usr/bin/cmake /home/anthony/Desktop/Assignment10.1/src/turtlebot3_simulations/turtlebot3_gazebo -DAMENT_CMAKE_SYMLINK_INSTALL=1 -DCMAKE_INSTALL_PREFIX=/home/anthony/Desktop/Assignment10.1/install/turtlebot3_gazebo
[4.427s] Invoking command in '/home/anthony/Desktop/Assignment10.1/build/turtlebot3_gazebo': /usr/bin/cmake --build /home/anthony/Desktop/Assignment10.1/build/turtlebot3_gazebo -- -j3 -l3
[4.526s] [ 12%] [32mBuilding CXX object CMakeFiles/obstacle1.dir/models/turtlebot3_dqn_world/obstacle_plugin/obstacle1.cc.o[0m
[4.532s] [ 25%] [32mBuilding CXX object CMakeFiles/obstacle2.dir/models/turtlebot3_dqn_world/obstacle_plugin/obstacle2.cc.o[0m
[4.542s] [ 37%] [32mBuilding CXX object CMakeFiles/turtlebot3_drive.dir/src/turtlebot3_drive.cpp.o[0m
[29.098s] [ 50%] [32m[1mLinking CXX executable turtlebot3_drive[0m
[29.951s] [ 50%] Built target turtlebot3_drive
[30.042s] [ 62%] [32mBuilding CXX object CMakeFiles/obstacles.dir/models/turtlebot3_dqn_world/obstacle_plugin/obstacles.cc.o[0m
[32.150s] [ 75%] [32m[1mLinking CXX shared library libobstacle1.so[0m
[32.175s] [ 87%] [32m[1mLinking CXX shared library libobstacle2.so[0m
[32.653s] [ 87%] Built target obstacle1
[32.709s] [ 87%] Built target obstacle2
[48.314s] [100%] [32m[1mLinking CXX shared library libobstacles.so[0m
[48.666s] [100%] Built target obstacles
[48.682s] Invoked command in '/home/anthony/Desktop/Assignment10.1/build/turtlebot3_gazebo' returned '0': /usr/bin/cmake --build /home/anthony/Desktop/Assignment10.1/build/turtlebot3_gazebo -- -j3 -l3
[48.750s] Invoking command in '/home/anthony/Desktop/Assignment10.1/build/turtlebot3_gazebo': /usr/bin/cmake --install /home/anthony/Desktop/Assignment10.1/build/turtlebot3_gazebo
[48.768s] -- Install configuration: ""
[48.769s] -- Execute custom install script
[48.770s] -- Symlinking: /home/anthony/Desktop/Assignment10.1/install/turtlebot3_gazebo/lib/turtlebot3_gazebo/turtlebot3_drive
[48.785s] -- Symlinking: /home/anthony/Desktop/Assignment10.1/install/turtlebot3_gazebo/share/turtlebot3_gazebo//launch/empty_world.launch.py
[48.807s] -- Symlinking: /home/anthony/Desktop/Assignment10.1/install/turtlebot3_gazebo/share/turtlebot3_gazebo//launch/robot_state_publisher.launch.py
[48.830s] -- Symlinking: /home/anthony/Desktop/Assignment10.1/install/turtlebot3_gazebo/share/turtlebot3_gazebo//launch/spawn_turtlebot3.launch.py
[48.843s] -- Symlinking: /home/anthony/Desktop/Assignment10.1/install/turtlebot3_gazebo/share/turtlebot3_gazebo//launch/turtlebot3_dqn_stage1.launch.py
[48.866s] -- Symlinking: /home/anthony/Desktop/Assignment10.1/install/turtlebot3_gazebo/share/turtlebot3_gazebo//launch/turtlebot3_dqn_stage2.launch.py
[48.889s] -- Symlinking: /home/anthony/Desktop/Assignment10.1/install/turtlebot3_gazebo/share/turtlebot3_gazebo//launch/turtlebot3_dqn_stage3.launch.py
[48.920s] -- Symlinking: /home/anthony/Desktop/Assignment10.1/install/turtlebot3_gazebo/share/turtlebot3_gazebo//launch/turtlebot3_dqn_stage4.launch.py
[48.942s] -- Symlinking: /home/anthony/Desktop/Assignment10.1/install/turtlebot3_gazebo/share/turtlebot3_gazebo//launch/turtlebot3_house.launch.py
[48.967s] -- Symlinking: /home/anthony/Desktop/Assignment10.1/install/turtlebot3_gazebo/share/turtlebot3_gazebo//launch/turtlebot3_world.launch.py
[48.990s] -- Symlinking: /home/anthony/Desktop/Assignment10.1/install/turtlebot3_gazebo/share/turtlebot3_gazebo//models/turtlebot3_burger/model-1_4.sdf
[49.003s] -- Symlinking: /home/anthony/Desktop/Assignment10.1/install/turtlebot3_gazebo/share/turtlebot3_gazebo//models/turtlebot3_burger/model.config
[49.016s] -- Symlinking: /home/anthony/Desktop/Assignment10.1/install/turtlebot3_gazebo/share/turtlebot3_gazebo//models/turtlebot3_burger/model.sdf
[49.039s] -- Symlinking: /home/anthony/Desktop/Assignment10.1/install/turtlebot3_gazebo/share/turtlebot3_gazebo//models/turtlebot3_common/meshes/burger_base.dae
[49.068s] -- Symlinking: /home/anthony/Desktop/Assignment10.1/install/turtlebot3_gazebo/share/turtlebot3_gazebo//models/turtlebot3_common/meshes/lds.dae
[49.079s] -- Symlinking: /home/anthony/Desktop/Assignment10.1/install/turtlebot3_gazebo/share/turtlebot3_gazebo//models/turtlebot3_common/meshes/r200.dae
[49.097s] -- Symlinking: /home/anthony/Desktop/Assignment10.1/install/turtlebot3_gazebo/share/turtlebot3_gazebo//models/turtlebot3_common/meshes/tire.dae
[49.116s] -- Symlinking: /home/anthony/Desktop/Assignment10.1/install/turtlebot3_gazebo/share/turtlebot3_gazebo//models/turtlebot3_common/meshes/waffle_base.dae
[49.132s] -- Symlinking: /home/anthony/Desktop/Assignment10.1/install/turtlebot3_gazebo/share/turtlebot3_gazebo//models/turtlebot3_common/meshes/waffle_pi_base.dae
[49.147s] -- Symlinking: /home/anthony/Desktop/Assignment10.1/install/turtlebot3_gazebo/share/turtlebot3_gazebo//models/turtlebot3_common/model.config
[49.165s] -- Symlinking: /home/anthony/Desktop/Assignment10.1/install/turtlebot3_gazebo/share/turtlebot3_gazebo//models/turtlebot3_dqn_world/goal_box/model.config
[49.181s] -- Symlinking: /home/anthony/Desktop/Assignment10.1/install/turtlebot3_gazebo/share/turtlebot3_gazebo//models/turtlebot3_dqn_world/goal_box/model.sdf
[49.198s] -- Symlinking: /home/anthony/Desktop/Assignment10.1/install/turtlebot3_gazebo/share/turtlebot3_gazebo//models/turtlebot3_dqn_world/inner_walls/model.config
[49.211s] -- Symlinking: /home/anthony/Desktop/Assignment10.1/install/turtlebot3_gazebo/share/turtlebot3_gazebo//models/turtlebot3_dqn_world/inner_walls/model.sdf
[49.223s] -- Symlinking: /home/anthony/Desktop/Assignment10.1/install/turtlebot3_gazebo/share/turtlebot3_gazebo//models/turtlebot3_dqn_world/model.config
[49.249s] -- Symlinking: /home/anthony/Desktop/Assignment10.1/install/turtlebot3_gazebo/share/turtlebot3_gazebo//models/turtlebot3_dqn_world/model.sdf
[49.268s] -- Symlinking: /home/anthony/Desktop/Assignment10.1/install/turtlebot3_gazebo/share/turtlebot3_gazebo//models/turtlebot3_dqn_world/obstacle1/model.config
[49.279s] -- Symlinking: /home/anthony/Desktop/Assignment10.1/install/turtlebot3_gazebo/share/turtlebot3_gazebo//models/turtlebot3_dqn_world/obstacle1/model.sdf
[49.303s] -- Symlinking: /home/anthony/Desktop/Assignment10.1/install/turtlebot3_gazebo/share/turtlebot3_gazebo//models/turtlebot3_dqn_world/obstacle2/model.config
[49.321s] -- Symlinking: /home/anthony/Desktop/Assignment10.1/install/turtlebot3_gazebo/share/turtlebot3_gazebo//models/turtlebot3_dqn_world/obstacle2/model.sdf
[49.349s] -- Symlinking: /home/anthony/Desktop/Assignment10.1/install/turtlebot3_gazebo/share/turtlebot3_gazebo//models/turtlebot3_dqn_world/obstacle_plugin/CMakeLists.txt
[49.371s] -- Symlinking: /home/anthony/Desktop/Assignment10.1/install/turtlebot3_gazebo/share/turtlebot3_gazebo//models/turtlebot3_dqn_world/obstacle_plugin/obstacle1.cc
[49.393s] -- Symlinking: /home/anthony/Desktop/Assignment10.1/install/turtlebot3_gazebo/share/turtlebot3_gazebo//models/turtlebot3_dqn_world/obstacle_plugin/obstacle2.cc
[49.410s] -- Symlinking: /home/anthony/Desktop/Assignment10.1/install/turtlebot3_gazebo/share/turtlebot3_gazebo//models/turtlebot3_dqn_world/obstacle_plugin/obstacles.cc
[49.422s] -- Symlinking: /home/anthony/Desktop/Assignment10.1/install/turtlebot3_gazebo/share/turtlebot3_gazebo//models/turtlebot3_dqn_world/obstacles/model.config
[49.449s] -- Symlinking: /home/anthony/Desktop/Assignment10.1/install/turtlebot3_gazebo/share/turtlebot3_gazebo//models/turtlebot3_dqn_world/obstacles/model.sdf
[49.469s] -- Symlinking: /home/anthony/Desktop/Assignment10.1/install/turtlebot3_gazebo/share/turtlebot3_gazebo//models/turtlebot3_house/model.config
[49.489s] -- Symlinking: /home/anthony/Desktop/Assignment10.1/install/turtlebot3_gazebo/share/turtlebot3_gazebo//models/turtlebot3_house/model.sdf
[49.508s] -- Symlinking: /home/anthony/Desktop/Assignment10.1/install/turtlebot3_gazebo/share/turtlebot3_gazebo//models/turtlebot3_waffle/model-1_4.sdf
[49.521s] -- Symlinking: /home/anthony/Desktop/Assignment10.1/install/turtlebot3_gazebo/share/turtlebot3_gazebo//models/turtlebot3_waffle/model.config
[49.534s] -- Symlinking: /home/anthony/Desktop/Assignment10.1/install/turtlebot3_gazebo/share/turtlebot3_gazebo//models/turtlebot3_waffle/model.sdf
[49.547s] -- Symlinking: /home/anthony/Desktop/Assignment10.1/install/turtlebot3_gazebo/share/turtlebot3_gazebo//models/turtlebot3_waffle_pi/model-1_4_.sdf
[49.559s] -- Symlinking: /home/anthony/Desktop/Assignment10.1/install/turtlebot3_gazebo/share/turtlebot3_gazebo//models/turtlebot3_waffle_pi/model.config
[49.568s] -- Symlinking: /home/anthony/Desktop/Assignment10.1/install/turtlebot3_gazebo/share/turtlebot3_gazebo//models/turtlebot3_waffle_pi/model.sdf
[49.580s] -- Symlinking: /home/anthony/Desktop/Assignment10.1/install/turtlebot3_gazebo/share/turtlebot3_gazebo//models/turtlebot3_world/meshes/hexagon.dae
[49.589s] -- Symlinking: /home/anthony/Desktop/Assignment10.1/install/turtlebot3_gazebo/share/turtlebot3_gazebo//models/turtlebot3_world/meshes/wall.dae
[49.606s] -- Symlinking: /home/anthony/Desktop/Assignment10.1/install/turtlebot3_gazebo/share/turtlebot3_gazebo//models/turtlebot3_world/model-1_4.sdf
[49.618s] -- Symlinking: /home/anthony/Desktop/Assignment10.1/install/turtlebot3_gazebo/share/turtlebot3_gazebo//models/turtlebot3_world/model.config
[49.639s] -- Symlinking: /home/anthony/Desktop/Assignment10.1/install/turtlebot3_gazebo/share/turtlebot3_gazebo//models/turtlebot3_world/model.sdf
[49.662s] -- Symlinking: /home/anthony/Desktop/Assignment10.1/install/turtlebot3_gazebo/share/turtlebot3_gazebo//rviz/tb3_gazebo.rviz
[49.685s] -- Symlinking: /home/anthony/Desktop/Assignment10.1/install/turtlebot3_gazebo/share/turtlebot3_gazebo//urdf/common_properties.urdf
[49.697s] -- Symlinking: /home/anthony/Desktop/Assignment10.1/install/turtlebot3_gazebo/share/turtlebot3_gazebo//urdf/turtlebot3_burger.urdf
[49.711s] -- Symlinking: /home/anthony/Desktop/Assignment10.1/install/turtlebot3_gazebo/share/turtlebot3_gazebo//urdf/turtlebot3_waffle.urdf
[49.740s] -- Symlinking: /home/anthony/Desktop/Assignment10.1/install/turtlebot3_gazebo/share/turtlebot3_gazebo//urdf/turtlebot3_waffle_pi.urdf
[49.760s] -- Symlinking: /home/anthony/Desktop/Assignment10.1/install/turtlebot3_gazebo/share/turtlebot3_gazebo//worlds/empty_world.world
[49.772s] -- Symlinking: /home/anthony/Desktop/Assignment10.1/install/turtlebot3_gazebo/share/turtlebot3_gazebo//worlds/turtlebot3_dqn_stage1.world
[49.785s] -- Symlinking: /home/anthony/Desktop/Assignment10.1/install/turtlebot3_gazebo/share/turtlebot3_gazebo//worlds/turtlebot3_dqn_stage2.world
[49.799s] -- Symlinking: /home/anthony/Desktop/Assignment10.1/install/turtlebot3_gazebo/share/turtlebot3_gazebo//worlds/turtlebot3_dqn_stage3.world
[49.810s] -- Symlinking: /home/anthony/Desktop/Assignment10.1/install/turtlebot3_gazebo/share/turtlebot3_gazebo//worlds/turtlebot3_dqn_stage4.world
[49.823s] -- Symlinking: /home/anthony/Desktop/Assignment10.1/install/turtlebot3_gazebo/share/turtlebot3_gazebo//worlds/turtlebot3_house.world
[49.838s] -- Symlinking: /home/anthony/Desktop/Assignment10.1/install/turtlebot3_gazebo/share/turtlebot3_gazebo//worlds/turtlebot3_world.world
[49.852s] -- Symlinking: /home/anthony/Desktop/Assignment10.1/install/turtlebot3_gazebo/include//turtlebot3_gazebo/turtlebot3_drive.hpp
[49.875s] -- Symlinking: /home/anthony/Desktop/Assignment10.1/install/turtlebot3_gazebo/share/ament_index/resource_index/package_run_dependencies/turtlebot3_gazebo
[49.899s] -- Symlinking: /home/anthony/Desktop/Assignment10.1/install/turtlebot3_gazebo/share/ament_index/resource_index/parent_prefix_path/turtlebot3_gazebo
[49.911s] -- Symlinking: /home/anthony/Desktop/Assignment10.1/install/turtlebot3_gazebo/share/turtlebot3_gazebo/environment/ament_prefix_path.sh
[49.923s] -- Symlinking: /home/anthony/Desktop/Assignment10.1/install/turtlebot3_gazebo/share/turtlebot3_gazebo/environment/ament_prefix_path.dsv
[49.944s] -- Symlinking: /home/anthony/Desktop/Assignment10.1/install/turtlebot3_gazebo/share/turtlebot3_gazebo/environment/path.sh
[49.961s] -- Symlinking: /home/anthony/Desktop/Assignment10.1/install/turtlebot3_gazebo/share/turtlebot3_gazebo/environment/path.dsv
[49.973s] -- Symlinking: /home/anthony/Desktop/Assignment10.1/install/turtlebot3_gazebo/share/turtlebot3_gazebo/local_setup.bash
[49.997s] -- Symlinking: /home/anthony/Desktop/Assignment10.1/install/turtlebot3_gazebo/share/turtlebot3_gazebo/local_setup.sh
[50.021s] -- Symlinking: /home/anthony/Desktop/Assignment10.1/install/turtlebot3_gazebo/share/turtlebot3_gazebo/local_setup.zsh
[50.039s] -- Symlinking: /home/anthony/Desktop/Assignment10.1/install/turtlebot3_gazebo/share/turtlebot3_gazebo/local_setup.dsv
[50.058s] -- Symlinking: /home/anthony/Desktop/Assignment10.1/install/turtlebot3_gazebo/share/turtlebot3_gazebo/package.dsv
[50.077s] -- Symlinking: /home/anthony/Desktop/Assignment10.1/install/turtlebot3_gazebo/share/ament_index/resource_index/packages/turtlebot3_gazebo
[50.099s] -- Symlinking: /home/anthony/Desktop/Assignment10.1/install/turtlebot3_gazebo/share/turtlebot3_gazebo/cmake/ament_cmake_export_include_directories-extras.cmake
[50.111s] -- Symlinking: /home/anthony/Desktop/Assignment10.1/install/turtlebot3_gazebo/share/turtlebot3_gazebo/cmake/ament_cmake_export_dependencies-extras.cmake
[50.124s] -- Symlinking: /home/anthony/Desktop/Assignment10.1/install/turtlebot3_gazebo/share/turtlebot3_gazebo/cmake/turtlebot3_gazeboConfig.cmake
[50.145s] -- Symlinking: /home/anthony/Desktop/Assignment10.1/install/turtlebot3_gazebo/share/turtlebot3_gazebo/cmake/turtlebot3_gazeboConfig-version.cmake
[50.157s] -- Symlinking: /home/anthony/Desktop/Assignment10.1/install/turtlebot3_gazebo/share/turtlebot3_gazebo/package.xml
[50.174s] Invoked command in '/home/anthony/Desktop/Assignment10.1/build/turtlebot3_gazebo' returned '0': /usr/bin/cmake --install /home/anthony/Desktop/Assignment10.1/build/turtlebot3_gazebo
