-- Found ament_cmake: 1.3.9 (/opt/ros/humble/share/ament_cmake/cmake)
-- Override CMake install command with custom implementation using symlinks instead of copying resources
-- Found rclcpp: 16.0.9 (/opt/ros/humble/share/rclcpp/cmake)
-- Found rosidl_generator_c: 3.1.5 (/opt/ros/humble/share/rosidl_generator_c/cmake)
-- Found rosidl_adapter: 3.1.5 (/opt/ros/humble/share/rosidl_adapter/cmake)
-- Found rosidl_generator_cpp: 3.1.5 (/opt/ros/humble/share/rosidl_generator_cpp/cmake)
-- Using all available rosidl_typesupport_c: rosidl_typesupport_fastrtps_c;rosidl_typesupport_introspection_c
-- Using all available rosidl_typesupport_cpp: rosidl_typesupport_fastrtps_cpp;rosidl_typesupport_introspection_cpp
-- Found rmw_implementation_cmake: 6.1.2 (/opt/ros/humble/share/rmw_implementation_cmake/cmake)
-- Found rmw_fastrtps_cpp: 6.2.6 (/opt/ros/humble/share/rmw_fastrtps_cpp/cmake)
-- Using RMW implementation 'rmw_fastrtps_cpp' as default
-- Found rclcpp_action: 16.0.9 (/opt/ros/humble/share/rclcpp_action/cmake)
-- Found nav_msgs: 4.2.4 (/opt/ros/humble/share/nav_msgs/cmake)
-- Found sensor_msgs: 4.2.4 (/opt/ros/humble/share/sensor_msgs/cmake)
-- Found turtlebot3_interfaces: 0.0.0 (/home/anthony/Desktop/Assignment10.1/install/turtlebot3_interfaces/share/turtlebot3_interfaces/cmake)
-- Configuring done
-- Generating done
-- Build files have been written to: /home/anthony/Desktop/Assignment10.1/build/turtlebot3_navigation
[35m[1mConsolidate compiler generated dependencies of target robot_driver[0m
[35m[1mConsolidate compiler generated dependencies of target wall_finder_server[0m
[ 12%] [32mBuilding CXX object CMakeFiles/lap_time_server.dir/src/lap_time_server.cpp.o[0m
[ 37%] Built target wall_finder_server
[ 50%] [32mBuilding CXX object CMakeFiles/robot_driver.dir/src/robot_driver.cpp.o[0m
[ 62%] [32mBuilding CXX object CMakeFiles/lap_time_client.dir/src/lap_time_client.cpp.o[0m
[ 75%] [32m[1mLinking CXX executable lap_time_client[0m
[ 75%] Built target lap_time_client
[ 87%] [32m[1mLinking CXX executable robot_driver[0m
[ 87%] Built target robot_driver
