[0.021s] Invoking command in '/home/anthony/Desktop/Assignment10.1/build/turtlebot3_navigation': /usr/bin/cmake --build /home/anthony/Desktop/Assignment10.1/build/turtlebot3_navigation -- -j3 -l3
[0.150s] -- Found ament_cmake: 1.3.9 (/opt/ros/humble/share/ament_cmake/cmake)
[0.441s] -- Override CMake install command with custom implementation using symlinks instead of copying resources
[0.505s] -- Found rclcpp: 16.0.9 (/opt/ros/humble/share/rclcpp/cmake)
[0.635s] -- Found rosidl_generator_c: 3.1.5 (/opt/ros/humble/share/rosidl_generator_c/cmake)
[0.644s] -- Found rosidl_adapter: 3.1.5 (/opt/ros/humble/share/rosidl_adapter/cmake)
[0.678s] -- Found rosidl_generator_cpp: 3.1.5 (/opt/ros/humble/share/rosidl_generator_cpp/cmake)
[0.725s] -- Using all available rosidl_typesupport_c: rosidl_typesupport_fastrtps_c;rosidl_typesupport_introspection_c
[0.778s] -- Using all available rosidl_typesupport_cpp: rosidl_typesupport_fastrtps_cpp;rosidl_typesupport_introspection_cpp
[0.885s] -- Found rmw_implementation_cmake: 6.1.2 (/opt/ros/humble/share/rmw_implementation_cmake/cmake)
[0.889s] -- Found rmw_fastrtps_cpp: 6.2.6 (/opt/ros/humble/share/rmw_fastrtps_cpp/cmake)
[1.076s] -- Using RMW implementation 'rmw_fastrtps_cpp' as default
[1.364s] -- Found rclcpp_action: 16.0.9 (/opt/ros/humble/share/rclcpp_action/cmake)
[1.542s] -- Found nav_msgs: 4.2.4 (/opt/ros/humble/share/nav_msgs/cmake)
[1.752s] -- Found sensor_msgs: 4.2.4 (/opt/ros/humble/share/sensor_msgs/cmake)
[1.895s] -- Found turtlebot3_interfaces: 0.0.0 (/home/anthony/Desktop/Assignment10.1/install/turtlebot3_interfaces/share/turtlebot3_interfaces/cmake)
[2.009s] [31mCMake Error at /opt/ros/humble/share/ament_cmake_target_dependencies/cmake/ament_target_dependencies.cmake:42 (message):
[2.009s]   ament_target_dependencies() the first argument must be a valid target name
[2.009s] Call Stack (most recent call first):
[2.009s]   CMakeLists.txt:33 (ament_target_dependencies)
[2.009s] 
[2.009s] [0m
[2.010s] -- Configuring incomplete, errors occurred!
[2.010s] See also "/home/anthony/Desktop/Assignment10.1/build/turtlebot3_navigation/CMakeFiles/CMakeOutput.log".
[2.027s] gmake: *** [Makefile:308: cmake_check_build_system] Error 1
[2.033s] Invoked command in '/home/anthony/Desktop/Assignment10.1/build/turtlebot3_navigation' returned '2': /usr/bin/cmake --build /home/anthony/Desktop/Assignment10.1/build/turtlebot3_navigation -- -j3 -l3
