[0.021s] Invoking command in '/home/anthony/Desktop/Assignment10.1/build/turtlebot3_navigation': /usr/bin/cmake --build /home/anthony/Desktop/Assignment10.1/build/turtlebot3_navigation -- -j3 -l3
[0.100s] [35m[1mConsolidate compiler generated dependencies of target robot_driver[0m
[0.121s] [ 50%] Built target wall_finder_server
[0.128s] [ 75%] [32mBuilding CXX object CMakeFiles/robot_driver.dir/src/robot_driver.cpp.o[0m
[14.474s] [100%] [32m[1mLinking CXX executable robot_driver[0m
[15.436s] [100%] Built target robot_driver
[15.468s] Invoked command in '/home/anthony/Desktop/Assignment10.1/build/turtlebot3_navigation' returned '0': /usr/bin/cmake --build /home/anthony/Desktop/Assignment10.1/build/turtlebot3_navigation -- -j3 -l3
[15.577s] Invoking command in '/home/anthony/Desktop/Assignment10.1/build/turtlebot3_navigation': /usr/bin/cmake --install /home/anthony/Desktop/Assignment10.1/build/turtlebot3_navigation
[15.602s] -- Install configuration: ""
[15.605s] -- Execute custom install script
[15.606s] -- Up-to-date symlink: /home/anthony/Desktop/Assignment10.1/install/turtlebot3_navigation/lib/turtlebot3_navigation/wall_finder_server
[15.607s] -- Up-to-date symlink: /home/anthony/Desktop/Assignment10.1/install/turtlebot3_navigation/lib/turtlebot3_navigation/robot_driver
[15.610s] -- Up-to-date symlink: /home/anthony/Desktop/Assignment10.1/install/turtlebot3_navigation/share/turtlebot3_navigation/launch/wall_follower_with_gazebo.py
[15.611s] -- Up-to-date symlink: /home/anthony/Desktop/Assignment10.1/install/turtlebot3_navigation/share/ament_index/resource_index/package_run_dependencies/turtlebot3_navigation
[15.612s] -- Up-to-date symlink: /home/anthony/Desktop/Assignment10.1/install/turtlebot3_navigation/share/ament_index/resource_index/parent_prefix_path/turtlebot3_navigation
[15.613s] -- Up-to-date symlink: /home/anthony/Desktop/Assignment10.1/install/turtlebot3_navigation/share/turtlebot3_navigation/environment/ament_prefix_path.sh
[15.614s] -- Up-to-date symlink: /home/anthony/Desktop/Assignment10.1/install/turtlebot3_navigation/share/turtlebot3_navigation/environment/ament_prefix_path.dsv
[15.615s] -- Up-to-date symlink: /home/anthony/Desktop/Assignment10.1/install/turtlebot3_navigation/share/turtlebot3_navigation/environment/path.sh
[15.616s] -- Up-to-date symlink: /home/anthony/Desktop/Assignment10.1/install/turtlebot3_navigation/share/turtlebot3_navigation/environment/path.dsv
[15.616s] -- Up-to-date symlink: /home/anthony/Desktop/Assignment10.1/install/turtlebot3_navigation/share/turtlebot3_navigation/local_setup.bash
[15.617s] -- Up-to-date symlink: /home/anthony/Desktop/Assignment10.1/install/turtlebot3_navigation/share/turtlebot3_navigation/local_setup.sh
[15.617s] -- Up-to-date symlink: /home/anthony/Desktop/Assignment10.1/install/turtlebot3_navigation/share/turtlebot3_navigation/local_setup.zsh
[15.618s] -- Up-to-date symlink: /home/anthony/Desktop/Assignment10.1/install/turtlebot3_navigation/share/turtlebot3_navigation/local_setup.dsv
[15.619s] -- Symlinking: /home/anthony/Desktop/Assignment10.1/install/turtlebot3_navigation/share/turtlebot3_navigation/package.dsv
[15.647s] -- Up-to-date symlink: /home/anthony/Desktop/Assignment10.1/install/turtlebot3_navigation/share/ament_index/resource_index/packages/turtlebot3_navigation
[15.648s] -- Up-to-date symlink: /home/anthony/Desktop/Assignment10.1/install/turtlebot3_navigation/share/turtlebot3_navigation/cmake/turtlebot3_navigationConfig.cmake
[15.649s] -- Up-to-date symlink: /home/anthony/Desktop/Assignment10.1/install/turtlebot3_navigation/share/turtlebot3_navigation/cmake/turtlebot3_navigationConfig-version.cmake
[15.649s] -- Up-to-date symlink: /home/anthony/Desktop/Assignment10.1/install/turtlebot3_navigation/share/turtlebot3_navigation/package.xml
[15.654s] Invoked command in '/home/anthony/Desktop/Assignment10.1/build/turtlebot3_navigation' returned '0': /usr/bin/cmake --install /home/anthony/Desktop/Assignment10.1/build/turtlebot3_navigation
