[0.859s] DEBUG:colcon:Command line arguments: ['/usr/bin/colcon', 'build', '--packages-select', 'turtlebot3_navigation']
[0.860s] DEBUG:colcon:Parsed command line arguments: Namespace(log_base=None, log_level=None, verb_name='build', build_base='build', install_base='install', merge_install=False, symlink_install=False, test_result_base=None, continue_on_error=False, executor='parallel', parallel_workers=3, event_handlers=None, ignore_user_meta=False, metas=['./colcon.meta'], base_paths=['.'], packages_ignore=None, packages_ignore_regex=None, paths=None, packages_up_to=None, packages_up_to_regex=None, packages_above=None, packages_above_and_dependencies=None, packages_above_depth=None, packages_select_by_dep=None, packages_skip_by_dep=None, packages_skip_up_to=None, packages_select_build_failed=False, packages_skip_build_finished=False, packages_select_test_failures=False, packages_skip_test_passed=False, packages_select=['turtlebot3_navigation'], packages_skip=None, packages_select_regex=None, packages_skip_regex=None, packages_start=None, packages_end=None, allow_overriding=[], cmake_args=None, cmake_target=None, cmake_target_skip_unavailable=False, cmake_clean_cache=False, cmake_clean_first=False, cmake_force_configure=False, ament_cmake_args=None, catkin_cmake_args=None, catkin_skip_building_tests=False, verb_parser=<colcon_defaults.argument_parser.defaults.DefaultArgumentsDecorator object at 0x764b1fce47f0>, verb_extension=<colcon_core.verb.build.BuildVerb object at 0x764b1fce42e0>, main=<bound method BuildVerb.main of <colcon_core.verb.build.BuildVerb object at 0x764b1fce42e0>>)
[1.949s] Level 1:colcon.colcon_core.package_discovery:discover_packages(colcon_meta) check parameters
[1.949s] Level 1:colcon.colcon_core.package_discovery:discover_packages(recursive) check parameters
[1.950s] Level 1:colcon.colcon_core.package_discovery:discover_packages(ignore) check parameters
[1.950s] Level 1:colcon.colcon_core.package_discovery:discover_packages(path) check parameters
[1.950s] Level 1:colcon.colcon_core.package_discovery:discover_packages(colcon_meta) discover
[1.950s] Level 1:colcon.colcon_core.package_discovery:discover_packages(recursive) discover
[1.951s] INFO:colcon.colcon_core.package_discovery:Crawling recursively for packages in '/home/anthony/Desktop/Assignment10.1'
[1.952s] Level 1:colcon.colcon_core.package_identification:_identify(.) by extensions ['ignore', 'ignore_ament_install']
[1.952s] Level 1:colcon.colcon_core.package_identification:_identify(.) by extension 'ignore'
[1.952s] Level 1:colcon.colcon_core.package_identification:_identify(.) by extension 'ignore_ament_install'
[1.953s] Level 1:colcon.colcon_core.package_identification:_identify(.) by extensions ['colcon_pkg']
[1.953s] Level 1:colcon.colcon_core.package_identification:_identify(.) by extension 'colcon_pkg'
[1.953s] Level 1:colcon.colcon_core.package_identification:_identify(.) by extensions ['colcon_meta']
[1.953s] Level 1:colcon.colcon_core.package_identification:_identify(.) by extension 'colcon_meta'
[1.954s] Level 1:colcon.colcon_core.package_identification:_identify(.) by extensions ['ros']
[1.954s] Level 1:colcon.colcon_core.package_identification:_identify(.) by extension 'ros'
[2.008s] Level 1:colcon.colcon_core.package_identification:_identify(.) by extensions ['cmake', 'python']
[2.008s] Level 1:colcon.colcon_core.package_identification:_identify(.) by extension 'cmake'
[2.008s] Level 1:colcon.colcon_core.package_identification:_identify(.) by extension 'python'
[2.009s] Level 1:colcon.colcon_core.package_identification:_identify(.) by extensions ['python_setup_py']
[2.009s] Level 1:colcon.colcon_core.package_identification:_identify(.) by extension 'python_setup_py'
[2.009s] Level 1:colcon.colcon_core.package_identification:_identify(build) by extensions ['ignore', 'ignore_ament_install']
[2.010s] Level 1:colcon.colcon_core.package_identification:_identify(build) by extension 'ignore'
[2.010s] Level 1:colcon.colcon_core.package_identification:_identify(build) ignored
[2.012s] Level 1:colcon.colcon_core.package_identification:_identify(install) by extensions ['ignore', 'ignore_ament_install']
[2.013s] Level 1:colcon.colcon_core.package_identification:_identify(install) by extension 'ignore'
[2.013s] Level 1:colcon.colcon_core.package_identification:_identify(install) ignored
[2.013s] Level 1:colcon.colcon_core.package_identification:_identify(log) by extensions ['ignore', 'ignore_ament_install']
[2.014s] Level 1:colcon.colcon_core.package_identification:_identify(log) by extension 'ignore'
[2.014s] Level 1:colcon.colcon_core.package_identification:_identify(log) ignored
[2.014s] Level 1:colcon.colcon_core.package_identification:_identify(src) by extensions ['ignore', 'ignore_ament_install']
[2.015s] Level 1:colcon.colcon_core.package_identification:_identify(src) by extension 'ignore'
[2.015s] Level 1:colcon.colcon_core.package_identification:_identify(src) by extension 'ignore_ament_install'
[2.015s] Level 1:colcon.colcon_core.package_identification:_identify(src) by extensions ['colcon_pkg']
[2.016s] Level 1:colcon.colcon_core.package_identification:_identify(src) by extension 'colcon_pkg'
[2.016s] Level 1:colcon.colcon_core.package_identification:_identify(src) by extensions ['colcon_meta']
[2.016s] Level 1:colcon.colcon_core.package_identification:_identify(src) by extension 'colcon_meta'
[2.016s] Level 1:colcon.colcon_core.package_identification:_identify(src) by extensions ['ros']
[2.016s] Level 1:colcon.colcon_core.package_identification:_identify(src) by extension 'ros'
[2.017s] Level 1:colcon.colcon_core.package_identification:_identify(src) by extensions ['cmake', 'python']
[2.017s] Level 1:colcon.colcon_core.package_identification:_identify(src) by extension 'cmake'
[2.017s] Level 1:colcon.colcon_core.package_identification:_identify(src) by extension 'python'
[2.018s] Level 1:colcon.colcon_core.package_identification:_identify(src) by extensions ['python_setup_py']
[2.018s] Level 1:colcon.colcon_core.package_identification:_identify(src) by extension 'python_setup_py'
[2.019s] Level 1:colcon.colcon_core.package_identification:_identify(src/turtlebot3_interfaces) by extensions ['ignore', 'ignore_ament_install']
[2.020s] Level 1:colcon.colcon_core.package_identification:_identify(src/turtlebot3_interfaces) by extension 'ignore'
[2.020s] Level 1:colcon.colcon_core.package_identification:_identify(src/turtlebot3_interfaces) by extension 'ignore_ament_install'
[2.020s] Level 1:colcon.colcon_core.package_identification:_identify(src/turtlebot3_interfaces) by extensions ['colcon_pkg']
[2.020s] Level 1:colcon.colcon_core.package_identification:_identify(src/turtlebot3_interfaces) by extension 'colcon_pkg'
[2.020s] Level 1:colcon.colcon_core.package_identification:_identify(src/turtlebot3_interfaces) by extensions ['colcon_meta']
[2.021s] Level 1:colcon.colcon_core.package_identification:_identify(src/turtlebot3_interfaces) by extension 'colcon_meta'
[2.021s] Level 1:colcon.colcon_core.package_identification:_identify(src/turtlebot3_interfaces) by extensions ['ros']
[2.021s] Level 1:colcon.colcon_core.package_identification:_identify(src/turtlebot3_interfaces) by extension 'ros'
[2.035s] DEBUG:colcon.colcon_core.package_identification:Package 'src/turtlebot3_interfaces' with type 'ros.ament_cmake' and name 'turtlebot3_interfaces'
[2.036s] Level 1:colcon.colcon_core.package_identification:_identify(src/turtlebot3_navigation) by extensions ['ignore', 'ignore_ament_install']
[2.036s] Level 1:colcon.colcon_core.package_identification:_identify(src/turtlebot3_navigation) by extension 'ignore'
[2.037s] Level 1:colcon.colcon_core.package_identification:_identify(src/turtlebot3_navigation) by extension 'ignore_ament_install'
[2.037s] Level 1:colcon.colcon_core.package_identification:_identify(src/turtlebot3_navigation) by extensions ['colcon_pkg']
[2.037s] Level 1:colcon.colcon_core.package_identification:_identify(src/turtlebot3_navigation) by extension 'colcon_pkg'
[2.038s] Level 1:colcon.colcon_core.package_identification:_identify(src/turtlebot3_navigation) by extensions ['colcon_meta']
[2.038s] Level 1:colcon.colcon_core.package_identification:_identify(src/turtlebot3_navigation) by extension 'colcon_meta'
[2.038s] Level 1:colcon.colcon_core.package_identification:_identify(src/turtlebot3_navigation) by extensions ['ros']
[2.038s] Level 1:colcon.colcon_core.package_identification:_identify(src/turtlebot3_navigation) by extension 'ros'
[2.046s] DEBUG:colcon.colcon_core.package_identification:Package 'src/turtlebot3_navigation' with type 'ros.ament_cmake' and name 'turtlebot3_navigation'
[2.048s] Level 1:colcon.colcon_core.package_identification:_identify(src/turtlebot3_simulations) by extensions ['ignore', 'ignore_ament_install']
[2.048s] Level 1:colcon.colcon_core.package_identification:_identify(src/turtlebot3_simulations) by extension 'ignore'
[2.049s] Level 1:colcon.colcon_core.package_identification:_identify(src/turtlebot3_simulations) by extension 'ignore_ament_install'
[2.049s] Level 1:colcon.colcon_core.package_identification:_identify(src/turtlebot3_simulations) by extensions ['colcon_pkg']
[2.049s] Level 1:colcon.colcon_core.package_identification:_identify(src/turtlebot3_simulations) by extension 'colcon_pkg'
[2.050s] Level 1:colcon.colcon_core.package_identification:_identify(src/turtlebot3_simulations) by extensions ['colcon_meta']
[2.050s] Level 1:colcon.colcon_core.package_identification:_identify(src/turtlebot3_simulations) by extension 'colcon_meta'
[2.050s] Level 1:colcon.colcon_core.package_identification:_identify(src/turtlebot3_simulations) by extensions ['ros']
[2.050s] Level 1:colcon.colcon_core.package_identification:_identify(src/turtlebot3_simulations) by extension 'ros'
[2.051s] Level 1:colcon.colcon_core.package_identification:_identify(src/turtlebot3_simulations) by extensions ['cmake', 'python']
[2.051s] Level 1:colcon.colcon_core.package_identification:_identify(src/turtlebot3_simulations) by extension 'cmake'
[2.051s] Level 1:colcon.colcon_core.package_identification:_identify(src/turtlebot3_simulations) by extension 'python'
[2.051s] Level 1:colcon.colcon_core.package_identification:_identify(src/turtlebot3_simulations) by extensions ['python_setup_py']
[2.051s] Level 1:colcon.colcon_core.package_identification:_identify(src/turtlebot3_simulations) by extension 'python_setup_py'
[2.053s] Level 1:colcon.colcon_core.package_identification:_identify(src/turtlebot3_simulations/turtlebot3_fake_node) by extensions ['ignore', 'ignore_ament_install']
[2.054s] Level 1:colcon.colcon_core.package_identification:_identify(src/turtlebot3_simulations/turtlebot3_fake_node) by extension 'ignore'
[2.054s] Level 1:colcon.colcon_core.package_identification:_identify(src/turtlebot3_simulations/turtlebot3_fake_node) by extension 'ignore_ament_install'
[2.054s] Level 1:colcon.colcon_core.package_identification:_identify(src/turtlebot3_simulations/turtlebot3_fake_node) by extensions ['colcon_pkg']
[2.054s] Level 1:colcon.colcon_core.package_identification:_identify(src/turtlebot3_simulations/turtlebot3_fake_node) by extension 'colcon_pkg'
[2.055s] Level 1:colcon.colcon_core.package_identification:_identify(src/turtlebot3_simulations/turtlebot3_fake_node) by extensions ['colcon_meta']
[2.055s] Level 1:colcon.colcon_core.package_identification:_identify(src/turtlebot3_simulations/turtlebot3_fake_node) by extension 'colcon_meta'
[2.055s] Level 1:colcon.colcon_core.package_identification:_identify(src/turtlebot3_simulations/turtlebot3_fake_node) by extensions ['ros']
[2.055s] Level 1:colcon.colcon_core.package_identification:_identify(src/turtlebot3_simulations/turtlebot3_fake_node) by extension 'ros'
[2.063s] DEBUG:colcon.colcon_core.package_identification:Package 'src/turtlebot3_simulations/turtlebot3_fake_node' with type 'ros.ament_cmake' and name 'turtlebot3_fake_node'
[2.064s] Level 1:colcon.colcon_core.package_identification:_identify(src/turtlebot3_simulations/turtlebot3_gazebo) by extensions ['ignore', 'ignore_ament_install']
[2.065s] Level 1:colcon.colcon_core.package_identification:_identify(src/turtlebot3_simulations/turtlebot3_gazebo) by extension 'ignore'
[2.065s] Level 1:colcon.colcon_core.package_identification:_identify(src/turtlebot3_simulations/turtlebot3_gazebo) by extension 'ignore_ament_install'
[2.066s] Level 1:colcon.colcon_core.package_identification:_identify(src/turtlebot3_simulations/turtlebot3_gazebo) by extensions ['colcon_pkg']
[2.066s] Level 1:colcon.colcon_core.package_identification:_identify(src/turtlebot3_simulations/turtlebot3_gazebo) by extension 'colcon_pkg'
[2.066s] Level 1:colcon.colcon_core.package_identification:_identify(src/turtlebot3_simulations/turtlebot3_gazebo) by extensions ['colcon_meta']
[2.066s] Level 1:colcon.colcon_core.package_identification:_identify(src/turtlebot3_simulations/turtlebot3_gazebo) by extension 'colcon_meta'
[2.066s] Level 1:colcon.colcon_core.package_identification:_identify(src/turtlebot3_simulations/turtlebot3_gazebo) by extensions ['ros']
[2.067s] Level 1:colcon.colcon_core.package_identification:_identify(src/turtlebot3_simulations/turtlebot3_gazebo) by extension 'ros'
[2.073s] DEBUG:colcon.colcon_core.package_identification:Package 'src/turtlebot3_simulations/turtlebot3_gazebo' with type 'ros.ament_cmake' and name 'turtlebot3_gazebo'
[2.074s] Level 1:colcon.colcon_core.package_identification:_identify(src/turtlebot3_simulations/turtlebot3_simulations) by extensions ['ignore', 'ignore_ament_install']
[2.074s] Level 1:colcon.colcon_core.package_identification:_identify(src/turtlebot3_simulations/turtlebot3_simulations) by extension 'ignore'
[2.075s] Level 1:colcon.colcon_core.package_identification:_identify(src/turtlebot3_simulations/turtlebot3_simulations) by extension 'ignore_ament_install'
[2.075s] Level 1:colcon.colcon_core.package_identification:_identify(src/turtlebot3_simulations/turtlebot3_simulations) by extensions ['colcon_pkg']
[2.075s] Level 1:colcon.colcon_core.package_identification:_identify(src/turtlebot3_simulations/turtlebot3_simulations) by extension 'colcon_pkg'
[2.076s] Level 1:colcon.colcon_core.package_identification:_identify(src/turtlebot3_simulations/turtlebot3_simulations) by extensions ['colcon_meta']
[2.076s] Level 1:colcon.colcon_core.package_identification:_identify(src/turtlebot3_simulations/turtlebot3_simulations) by extension 'colcon_meta'
[2.076s] Level 1:colcon.colcon_core.package_identification:_identify(src/turtlebot3_simulations/turtlebot3_simulations) by extensions ['ros']
[2.076s] Level 1:colcon.colcon_core.package_identification:_identify(src/turtlebot3_simulations/turtlebot3_simulations) by extension 'ros'
[2.080s] DEBUG:colcon.colcon_core.package_identification:Package 'src/turtlebot3_simulations/turtlebot3_simulations' with type 'ros.ament_cmake' and name 'turtlebot3_simulations'
[2.080s] Level 1:colcon.colcon_core.package_discovery:discover_packages(recursive) using defaults
[2.081s] Level 1:colcon.colcon_core.package_discovery:discover_packages(ignore) discover
[2.081s] Level 1:colcon.colcon_core.package_discovery:discover_packages(ignore) using defaults
[2.081s] Level 1:colcon.colcon_core.package_discovery:discover_packages(path) discover
[2.081s] Level 1:colcon.colcon_core.package_discovery:discover_packages(path) using defaults
[2.191s] INFO:colcon.colcon_core.package_selection:Skipping not selected package 'turtlebot3_fake_node' in 'src/turtlebot3_simulations/turtlebot3_fake_node'
[2.191s] INFO:colcon.colcon_core.package_selection:Skipping not selected package 'turtlebot3_gazebo' in 'src/turtlebot3_simulations/turtlebot3_gazebo'
[2.192s] INFO:colcon.colcon_core.package_selection:Skipping not selected package 'turtlebot3_interfaces' in 'src/turtlebot3_interfaces'
[2.192s] INFO:colcon.colcon_core.package_selection:Skipping not selected package 'turtlebot3_simulations' in 'src/turtlebot3_simulations/turtlebot3_simulations'
[2.195s] Level 1:colcon.colcon_core.package_discovery:discover_packages(prefix_path) check parameters
[2.195s] Level 1:colcon.colcon_core.package_discovery:discover_packages(prefix_path) discover
[2.210s] DEBUG:colcon.colcon_installed_package_information.package_discovery:Found 4 installed packages in /home/anthony/Desktop/Assignment10.1/install
[2.225s] DEBUG:colcon.colcon_installed_package_information.package_discovery:Found 352 installed packages in /opt/ros/humble
[2.271s] Level 1:colcon.colcon_core.package_discovery:discover_packages(prefix_path) using defaults
[2.712s] Level 5:colcon.colcon_core.verb:set package 'turtlebot3_navigation' build argument 'cmake_args' from command line to 'None'
[2.712s] Level 5:colcon.colcon_core.verb:set package 'turtlebot3_navigation' build argument 'cmake_target' from command line to 'None'
[2.712s] Level 5:colcon.colcon_core.verb:set package 'turtlebot3_navigation' build argument 'cmake_target_skip_unavailable' from command line to 'False'
[2.712s] Level 5:colcon.colcon_core.verb:set package 'turtlebot3_navigation' build argument 'cmake_clean_cache' from command line to 'False'
[2.713s] Level 5:colcon.colcon_core.verb:set package 'turtlebot3_navigation' build argument 'cmake_clean_first' from command line to 'False'
[2.713s] Level 5:colcon.colcon_core.verb:set package 'turtlebot3_navigation' build argument 'cmake_force_configure' from command line to 'False'
[2.713s] Level 5:colcon.colcon_core.verb:set package 'turtlebot3_navigation' build argument 'ament_cmake_args' from command line to 'None'
[2.713s] Level 5:colcon.colcon_core.verb:set package 'turtlebot3_navigation' build argument 'catkin_cmake_args' from command line to 'None'
[2.713s] Level 5:colcon.colcon_core.verb:set package 'turtlebot3_navigation' build argument 'catkin_skip_building_tests' from command line to 'False'
[2.713s] DEBUG:colcon.colcon_core.verb:Building package 'turtlebot3_navigation' with the following arguments: {'ament_cmake_args': None, 'build_base': '/home/anthony/Desktop/Assignment10.1/build/turtlebot3_navigation', 'catkin_cmake_args': None, 'catkin_skip_building_tests': False, 'cmake_args': None, 'cmake_clean_cache': False, 'cmake_clean_first': False, 'cmake_force_configure': False, 'cmake_target': None, 'cmake_target_skip_unavailable': False, 'install_base': '/home/anthony/Desktop/Assignment10.1/install/turtlebot3_navigation', 'merge_install': False, 'path': '/home/anthony/Desktop/Assignment10.1/src/turtlebot3_navigation', 'symlink_install': False, 'test_result_base': None}
[2.714s] INFO:colcon.colcon_core.executor:Executing jobs using 'parallel' executor
[2.718s] DEBUG:colcon.colcon_parallel_executor.executor.parallel:run_until_complete
[2.719s] INFO:colcon.colcon_ros.task.ament_cmake.build:Building ROS package in '/home/anthony/Desktop/Assignment10.1/src/turtlebot3_navigation' with build type 'ament_cmake'
[2.720s] INFO:colcon.colcon_cmake.task.cmake.build:Building CMake package in '/home/anthony/Desktop/Assignment10.1/src/turtlebot3_navigation'
[2.747s] INFO:colcon.colcon_core.plugin_system:Skipping extension 'colcon_core.shell.bat': Not used on non-Windows systems
[2.748s] INFO:colcon.colcon_core.shell:Skip shell extension 'powershell' for command environment: Not usable outside of PowerShell
[2.749s] DEBUG:colcon.colcon_core.shell:Skip shell extension 'dsv' for command environment
[2.804s] DEBUG:colcon.colcon_core.event_handler.log_command:Invoking command in '/home/anthony/Desktop/Assignment10.1/build/turtlebot3_navigation': /usr/bin/cmake --build /home/anthony/Desktop/Assignment10.1/build/turtlebot3_navigation -- -j3 -l3
[47.235s] DEBUG:colcon.colcon_core.event_handler.log_command:Invoked command in '/home/anthony/Desktop/Assignment10.1/build/turtlebot3_navigation' returned '0': /usr/bin/cmake --build /home/anthony/Desktop/Assignment10.1/build/turtlebot3_navigation -- -j3 -l3
[47.428s] DEBUG:colcon.colcon_core.event_handler.log_command:Invoking command in '/home/anthony/Desktop/Assignment10.1/build/turtlebot3_navigation': /usr/bin/cmake --install /home/anthony/Desktop/Assignment10.1/build/turtlebot3_navigation
[47.551s] Level 1:colcon.colcon_core.environment:create_environment_scripts_only(turtlebot3_navigation)
[47.555s] DEBUG:colcon.colcon_core.event_handler.log_command:Invoked command in '/home/anthony/Desktop/Assignment10.1/build/turtlebot3_navigation' returned '0': /usr/bin/cmake --install /home/anthony/Desktop/Assignment10.1/build/turtlebot3_navigation
[47.583s] Level 1:colcon.colcon_core.environment:checking '/home/anthony/Desktop/Assignment10.1/install/turtlebot3_navigation' for CMake module files
[47.587s] Level 1:colcon.colcon_core.environment:checking '/home/anthony/Desktop/Assignment10.1/install/turtlebot3_navigation' for CMake config files
[47.591s] Level 1:colcon.colcon_core.shell:create_environment_hook('turtlebot3_navigation', 'cmake_prefix_path')
[47.593s] INFO:colcon.colcon_core.shell:Creating environment hook '/home/anthony/Desktop/Assignment10.1/install/turtlebot3_navigation/share/turtlebot3_navigation/hook/cmake_prefix_path.ps1'
[47.598s] INFO:colcon.colcon_core.shell:Creating environment descriptor '/home/anthony/Desktop/Assignment10.1/install/turtlebot3_navigation/share/turtlebot3_navigation/hook/cmake_prefix_path.dsv'
[47.601s] INFO:colcon.colcon_core.shell:Creating environment hook '/home/anthony/Desktop/Assignment10.1/install/turtlebot3_navigation/share/turtlebot3_navigation/hook/cmake_prefix_path.sh'
[47.607s] Level 1:colcon.colcon_core.environment:checking '/home/anthony/Desktop/Assignment10.1/install/turtlebot3_navigation/lib'
[47.608s] Level 1:colcon.colcon_core.environment:checking '/home/anthony/Desktop/Assignment10.1/install/turtlebot3_navigation/bin'
[47.609s] Level 1:colcon.colcon_core.environment:checking '/home/anthony/Desktop/Assignment10.1/install/turtlebot3_navigation/lib/pkgconfig/turtlebot3_navigation.pc'
[47.610s] Level 1:colcon.colcon_core.environment:checking '/home/anthony/Desktop/Assignment10.1/install/turtlebot3_navigation/lib/python3.10/site-packages'
[47.611s] Level 1:colcon.colcon_core.environment:checking '/home/anthony/Desktop/Assignment10.1/install/turtlebot3_navigation/bin'
[47.613s] INFO:colcon.colcon_core.shell:Creating package script '/home/anthony/Desktop/Assignment10.1/install/turtlebot3_navigation/share/turtlebot3_navigation/package.ps1'
[47.618s] INFO:colcon.colcon_core.shell:Creating package descriptor '/home/anthony/Desktop/Assignment10.1/install/turtlebot3_navigation/share/turtlebot3_navigation/package.dsv'
[47.621s] INFO:colcon.colcon_core.shell:Creating package script '/home/anthony/Desktop/Assignment10.1/install/turtlebot3_navigation/share/turtlebot3_navigation/package.sh'
[47.626s] INFO:colcon.colcon_core.shell:Creating package script '/home/anthony/Desktop/Assignment10.1/install/turtlebot3_navigation/share/turtlebot3_navigation/package.bash'
[47.631s] INFO:colcon.colcon_core.shell:Creating package script '/home/anthony/Desktop/Assignment10.1/install/turtlebot3_navigation/share/turtlebot3_navigation/package.zsh'
[47.634s] Level 1:colcon.colcon_core.environment:create_file_with_runtime_dependencies(/home/anthony/Desktop/Assignment10.1/install/turtlebot3_navigation/share/colcon-core/packages/turtlebot3_navigation)
[47.779s] Level 1:colcon.colcon_core.environment:create_environment_scripts_only(turtlebot3_navigation)
[47.780s] Level 1:colcon.colcon_core.environment:checking '/home/anthony/Desktop/Assignment10.1/install/turtlebot3_navigation' for CMake module files
[47.783s] Level 1:colcon.colcon_core.environment:checking '/home/anthony/Desktop/Assignment10.1/install/turtlebot3_navigation' for CMake config files
[47.784s] Level 1:colcon.colcon_core.shell:create_environment_hook('turtlebot3_navigation', 'cmake_prefix_path')
[47.785s] INFO:colcon.colcon_core.shell:Creating environment hook '/home/anthony/Desktop/Assignment10.1/install/turtlebot3_navigation/share/turtlebot3_navigation/hook/cmake_prefix_path.ps1'
[47.788s] INFO:colcon.colcon_core.shell:Creating environment descriptor '/home/anthony/Desktop/Assignment10.1/install/turtlebot3_navigation/share/turtlebot3_navigation/hook/cmake_prefix_path.dsv'
[47.789s] INFO:colcon.colcon_core.shell:Creating environment hook '/home/anthony/Desktop/Assignment10.1/install/turtlebot3_navigation/share/turtlebot3_navigation/hook/cmake_prefix_path.sh'
[47.792s] Level 1:colcon.colcon_core.environment:checking '/home/anthony/Desktop/Assignment10.1/install/turtlebot3_navigation/lib'
[47.793s] Level 1:colcon.colcon_core.environment:checking '/home/anthony/Desktop/Assignment10.1/install/turtlebot3_navigation/bin'
[47.793s] Level 1:colcon.colcon_core.environment:checking '/home/anthony/Desktop/Assignment10.1/install/turtlebot3_navigation/lib/pkgconfig/turtlebot3_navigation.pc'
[47.794s] Level 1:colcon.colcon_core.environment:checking '/home/anthony/Desktop/Assignment10.1/install/turtlebot3_navigation/lib/python3.10/site-packages'
[47.795s] Level 1:colcon.colcon_core.environment:checking '/home/anthony/Desktop/Assignment10.1/install/turtlebot3_navigation/bin'
[47.797s] INFO:colcon.colcon_core.shell:Creating package script '/home/anthony/Desktop/Assignment10.1/install/turtlebot3_navigation/share/turtlebot3_navigation/package.ps1'
[47.799s] INFO:colcon.colcon_core.shell:Creating package descriptor '/home/anthony/Desktop/Assignment10.1/install/turtlebot3_navigation/share/turtlebot3_navigation/package.dsv'
[47.802s] INFO:colcon.colcon_core.shell:Creating package script '/home/anthony/Desktop/Assignment10.1/install/turtlebot3_navigation/share/turtlebot3_navigation/package.sh'
[47.803s] INFO:colcon.colcon_core.shell:Creating package script '/home/anthony/Desktop/Assignment10.1/install/turtlebot3_navigation/share/turtlebot3_navigation/package.bash'
[47.805s] INFO:colcon.colcon_core.shell:Creating package script '/home/anthony/Desktop/Assignment10.1/install/turtlebot3_navigation/share/turtlebot3_navigation/package.zsh'
[47.806s] Level 1:colcon.colcon_core.environment:create_file_with_runtime_dependencies(/home/anthony/Desktop/Assignment10.1/install/turtlebot3_navigation/share/colcon-core/packages/turtlebot3_navigation)
[47.808s] DEBUG:colcon.colcon_parallel_executor.executor.parallel:closing loop
[47.809s] DEBUG:colcon.colcon_parallel_executor.executor.parallel:loop closed
[47.809s] DEBUG:colcon.colcon_parallel_executor.executor.parallel:run_until_complete finished with '0'
[47.809s] DEBUG:colcon.colcon_core.event_reactor:joining thread
[47.867s] INFO:colcon.colcon_core.plugin_system:Skipping extension 'colcon_notification.desktop_notification.terminal_notifier': Not used on non-Darwin systems
[47.867s] INFO:colcon.colcon_core.plugin_system:Skipping extension 'colcon_notification.desktop_notification.win32': Not used on non-Windows systems
[47.868s] INFO:colcon.colcon_notification.desktop_notification:Sending desktop notification using 'notify2'
[48.450s] DEBUG:colcon.colcon_core.event_reactor:joined thread
[48.452s] INFO:colcon.colcon_core.shell:Creating prefix script '/home/anthony/Desktop/Assignment10.1/install/local_setup.ps1'
[48.458s] INFO:colcon.colcon_core.shell:Creating prefix util module '/home/anthony/Desktop/Assignment10.1/install/_local_setup_util_ps1.py'
[48.465s] INFO:colcon.colcon_core.shell:Creating prefix chain script '/home/anthony/Desktop/Assignment10.1/install/setup.ps1'
[48.471s] INFO:colcon.colcon_core.shell:Creating prefix script '/home/anthony/Desktop/Assignment10.1/install/local_setup.sh'
[48.476s] INFO:colcon.colcon_core.shell:Creating prefix util module '/home/anthony/Desktop/Assignment10.1/install/_local_setup_util_sh.py'
[48.479s] INFO:colcon.colcon_core.shell:Creating prefix chain script '/home/anthony/Desktop/Assignment10.1/install/setup.sh'
[48.486s] INFO:colcon.colcon_core.shell:Creating prefix script '/home/anthony/Desktop/Assignment10.1/install/local_setup.bash'
[48.489s] INFO:colcon.colcon_core.shell:Creating prefix chain script '/home/anthony/Desktop/Assignment10.1/install/setup.bash'
[48.496s] INFO:colcon.colcon_core.shell:Creating prefix script '/home/anthony/Desktop/Assignment10.1/install/local_setup.zsh'
[48.500s] INFO:colcon.colcon_core.shell:Creating prefix chain script '/home/anthony/Desktop/Assignment10.1/install/setup.zsh'
